[0.552s] DEBUG:colcon:Command line arguments: ['/usr/bin/colcon', 'build']
[0.552s] DEBUG:colcon:Parsed command line arguments: Namespace(allow_overriding=[], ament_cmake_args=None, base_paths=['.'], build_base='build', catkin_cmake_args=None, catkin_skip_building_tests=False, cmake_args=None, cmake_clean_cache=False, cmake_clean_first=False, cmake_force_configure=False, cmake_target=None, cmake_target_skip_unavailable=False, continue_on_error=False, event_handlers=None, executor='parallel', ignore_user_meta=False, install_base='install', log_base=None, log_level=None, main=<bound method BuildVerb.main of <colcon_core.verb.build.BuildVerb object at 0x7fc091bd8730>>, merge_install=False, metas=['./colcon.meta'], packages_above=None, packages_above_and_dependencies=None, packages_above_depth=None, packages_end=None, packages_ignore=None, packages_ignore_regex=None, packages_select=None, packages_select_build_failed=False, packages_select_by_dep=None, packages_select_regex=None, packages_select_test_failures=False, packages_skip=None, packages_skip_build_finished=False, packages_skip_by_dep=None, packages_skip_regex=None, packages_skip_test_passed=False, packages_skip_up_to=None, packages_start=None, packages_up_to=None, packages_up_to_regex=None, parallel_workers=8, paths=None, symlink_install=False, test_result_base=None, verb_extension=<colcon_core.verb.build.BuildVerb object at 0x7fc091bd8730>, verb_name='build', verb_parser=<colcon_defaults.argument_parser.defaults.DefaultArgumentsDecorator object at 0x7fc091bd8c70>)
[0.602s] Level 1:colcon.colcon_core.package_discovery:discover_packages(colcon_meta) check parameters
[0.602s] Level 1:colcon.colcon_core.package_discovery:discover_packages(recursive) check parameters
[0.602s] Level 1:colcon.colcon_core.package_discovery:discover_packages(ignore) check parameters
[0.602s] Level 1:colcon.colcon_core.package_discovery:discover_packages(path) check parameters
[0.602s] Level 1:colcon.colcon_core.package_discovery:discover_packages(colcon_meta) discover
[0.602s] Level 1:colcon.colcon_core.package_discovery:discover_packages(recursive) discover
[0.602s] INFO:colcon.colcon_core.package_discovery:Crawling recursively for packages in '/home/entity014/ABU_new_ws'
[0.602s] Level 1:colcon.colcon_core.package_identification:_identify(.) by extensions ['ignore', 'ignore_ament_install']
[0.603s] Level 1:colcon.colcon_core.package_identification:_identify(.) by extension 'ignore'
[0.603s] Level 1:colcon.colcon_core.package_identification:_identify(.) by extension 'ignore_ament_install'
[0.603s] Level 1:colcon.colcon_core.package_identification:_identify(.) by extensions ['colcon_pkg']
[0.603s] Level 1:colcon.colcon_core.package_identification:_identify(.) by extension 'colcon_pkg'
[0.603s] Level 1:colcon.colcon_core.package_identification:_identify(.) by extensions ['colcon_meta']
[0.603s] Level 1:colcon.colcon_core.package_identification:_identify(.) by extension 'colcon_meta'
[0.603s] Level 1:colcon.colcon_core.package_identification:_identify(.) by extensions ['ros']
[0.603s] Level 1:colcon.colcon_core.package_identification:_identify(.) by extension 'ros'
[0.633s] Level 1:colcon.colcon_core.package_identification:_identify(.) by extensions ['cmake', 'python']
[0.634s] Level 1:colcon.colcon_core.package_identification:_identify(.) by extension 'cmake'
[0.634s] Level 1:colcon.colcon_core.package_identification:_identify(.) by extension 'python'
[0.634s] Level 1:colcon.colcon_core.package_identification:_identify(.) by extensions ['python_setup_py']
[0.634s] Level 1:colcon.colcon_core.package_identification:_identify(.) by extension 'python_setup_py'
[0.634s] Level 1:colcon.colcon_core.package_identification:_identify(arduino) by extensions ['ignore', 'ignore_ament_install']
[0.634s] Level 1:colcon.colcon_core.package_identification:_identify(arduino) by extension 'ignore'
[0.634s] Level 1:colcon.colcon_core.package_identification:_identify(arduino) by extension 'ignore_ament_install'
[0.634s] Level 1:colcon.colcon_core.package_identification:_identify(arduino) by extensions ['colcon_pkg']
[0.634s] Level 1:colcon.colcon_core.package_identification:_identify(arduino) by extension 'colcon_pkg'
[0.635s] Level 1:colcon.colcon_core.package_identification:_identify(arduino) by extensions ['colcon_meta']
[0.635s] Level 1:colcon.colcon_core.package_identification:_identify(arduino) by extension 'colcon_meta'
[0.635s] Level 1:colcon.colcon_core.package_identification:_identify(arduino) by extensions ['ros']
[0.635s] Level 1:colcon.colcon_core.package_identification:_identify(arduino) by extension 'ros'
[0.635s] Level 1:colcon.colcon_core.package_identification:_identify(arduino) by extensions ['cmake', 'python']
[0.635s] Level 1:colcon.colcon_core.package_identification:_identify(arduino) by extension 'cmake'
[0.635s] Level 1:colcon.colcon_core.package_identification:_identify(arduino) by extension 'python'
[0.635s] Level 1:colcon.colcon_core.package_identification:_identify(arduino) by extensions ['python_setup_py']
[0.635s] Level 1:colcon.colcon_core.package_identification:_identify(arduino) by extension 'python_setup_py'
[0.635s] Level 1:colcon.colcon_core.package_identification:_identify(arduino/rabbit-new) by extensions ['ignore', 'ignore_ament_install']
[0.635s] Level 1:colcon.colcon_core.package_identification:_identify(arduino/rabbit-new) by extension 'ignore'
[0.635s] Level 1:colcon.colcon_core.package_identification:_identify(arduino/rabbit-new) by extension 'ignore_ament_install'
[0.636s] Level 1:colcon.colcon_core.package_identification:_identify(arduino/rabbit-new) by extensions ['colcon_pkg']
[0.636s] Level 1:colcon.colcon_core.package_identification:_identify(arduino/rabbit-new) by extension 'colcon_pkg'
[0.636s] Level 1:colcon.colcon_core.package_identification:_identify(arduino/rabbit-new) by extensions ['colcon_meta']
[0.636s] Level 1:colcon.colcon_core.package_identification:_identify(arduino/rabbit-new) by extension 'colcon_meta'
[0.636s] Level 1:colcon.colcon_core.package_identification:_identify(arduino/rabbit-new) by extensions ['ros']
[0.636s] Level 1:colcon.colcon_core.package_identification:_identify(arduino/rabbit-new) by extension 'ros'
[0.636s] Level 1:colcon.colcon_core.package_identification:_identify(arduino/rabbit-new) by extensions ['cmake', 'python']
[0.636s] Level 1:colcon.colcon_core.package_identification:_identify(arduino/rabbit-new) by extension 'cmake'
[0.636s] Level 1:colcon.colcon_core.package_identification:_identify(arduino/rabbit-new) by extension 'python'
[0.636s] Level 1:colcon.colcon_core.package_identification:_identify(arduino/rabbit-new) by extensions ['python_setup_py']
[0.636s] Level 1:colcon.colcon_core.package_identification:_identify(arduino/rabbit-new) by extension 'python_setup_py'
[0.636s] Level 1:colcon.colcon_core.package_identification:_identify(build) by extensions ['ignore', 'ignore_ament_install']
[0.637s] Level 1:colcon.colcon_core.package_identification:_identify(build) by extension 'ignore'
[0.637s] Level 1:colcon.colcon_core.package_identification:_identify(build) ignored
[0.637s] Level 1:colcon.colcon_core.package_identification:_identify(install) by extensions ['ignore', 'ignore_ament_install']
[0.637s] Level 1:colcon.colcon_core.package_identification:_identify(install) by extension 'ignore'
[0.637s] Level 1:colcon.colcon_core.package_identification:_identify(install) ignored
[0.638s] Level 1:colcon.colcon_core.package_identification:_identify(log) by extensions ['ignore', 'ignore_ament_install']
[0.638s] Level 1:colcon.colcon_core.package_identification:_identify(log) by extension 'ignore'
[0.638s] Level 1:colcon.colcon_core.package_identification:_identify(log) ignored
[0.638s] Level 1:colcon.colcon_core.package_identification:_identify(src) by extensions ['ignore', 'ignore_ament_install']
[0.638s] Level 1:colcon.colcon_core.package_identification:_identify(src) by extension 'ignore'
[0.638s] Level 1:colcon.colcon_core.package_identification:_identify(src) by extension 'ignore_ament_install'
[0.638s] Level 1:colcon.colcon_core.package_identification:_identify(src) by extensions ['colcon_pkg']
[0.638s] Level 1:colcon.colcon_core.package_identification:_identify(src) by extension 'colcon_pkg'
[0.638s] Level 1:colcon.colcon_core.package_identification:_identify(src) by extensions ['colcon_meta']
[0.638s] Level 1:colcon.colcon_core.package_identification:_identify(src) by extension 'colcon_meta'
[0.639s] Level 1:colcon.colcon_core.package_identification:_identify(src) by extensions ['ros']
[0.639s] Level 1:colcon.colcon_core.package_identification:_identify(src) by extension 'ros'
[0.639s] Level 1:colcon.colcon_core.package_identification:_identify(src) by extensions ['cmake', 'python']
[0.639s] Level 1:colcon.colcon_core.package_identification:_identify(src) by extension 'cmake'
[0.639s] Level 1:colcon.colcon_core.package_identification:_identify(src) by extension 'python'
[0.639s] Level 1:colcon.colcon_core.package_identification:_identify(src) by extensions ['python_setup_py']
[0.639s] Level 1:colcon.colcon_core.package_identification:_identify(src) by extension 'python_setup_py'
[0.639s] Level 1:colcon.colcon_core.package_identification:_identify(src/rabbit_interfaces) by extensions ['ignore', 'ignore_ament_install']
[0.639s] Level 1:colcon.colcon_core.package_identification:_identify(src/rabbit_interfaces) by extension 'ignore'
[0.639s] Level 1:colcon.colcon_core.package_identification:_identify(src/rabbit_interfaces) by extension 'ignore_ament_install'
[0.639s] Level 1:colcon.colcon_core.package_identification:_identify(src/rabbit_interfaces) by extensions ['colcon_pkg']
[0.640s] Level 1:colcon.colcon_core.package_identification:_identify(src/rabbit_interfaces) by extension 'colcon_pkg'
[0.640s] Level 1:colcon.colcon_core.package_identification:_identify(src/rabbit_interfaces) by extensions ['colcon_meta']
[0.640s] Level 1:colcon.colcon_core.package_identification:_identify(src/rabbit_interfaces) by extension 'colcon_meta'
[0.640s] Level 1:colcon.colcon_core.package_identification:_identify(src/rabbit_interfaces) by extensions ['ros']
[0.640s] Level 1:colcon.colcon_core.package_identification:_identify(src/rabbit_interfaces) by extension 'ros'
[0.644s] DEBUG:colcon.colcon_core.package_identification:Package 'src/rabbit_interfaces' with type 'ros.ament_cmake' and name 'rabbit_interfaces'
[0.644s] Level 1:colcon.colcon_core.package_identification:_identify(src/rabbit_package) by extensions ['ignore', 'ignore_ament_install']
[0.644s] Level 1:colcon.colcon_core.package_identification:_identify(src/rabbit_package) by extension 'ignore'
[0.644s] Level 1:colcon.colcon_core.package_identification:_identify(src/rabbit_package) by extension 'ignore_ament_install'
[0.644s] Level 1:colcon.colcon_core.package_identification:_identify(src/rabbit_package) by extensions ['colcon_pkg']
[0.644s] Level 1:colcon.colcon_core.package_identification:_identify(src/rabbit_package) by extension 'colcon_pkg'
[0.644s] Level 1:colcon.colcon_core.package_identification:_identify(src/rabbit_package) by extensions ['colcon_meta']
[0.644s] Level 1:colcon.colcon_core.package_identification:_identify(src/rabbit_package) by extension 'colcon_meta'
[0.645s] Level 1:colcon.colcon_core.package_identification:_identify(src/rabbit_package) by extensions ['ros']
[0.645s] Level 1:colcon.colcon_core.package_identification:_identify(src/rabbit_package) by extension 'ros'
[0.645s] DEBUG:colcon.colcon_core.package_identification:Package 'src/rabbit_package' with type 'ros.ament_python' and name 'rabbit_package'
[0.645s] Level 1:colcon.colcon_core.package_discovery:discover_packages(recursive) using defaults
[0.646s] Level 1:colcon.colcon_core.package_discovery:discover_packages(ignore) discover
[0.646s] Level 1:colcon.colcon_core.package_discovery:discover_packages(ignore) using defaults
[0.646s] Level 1:colcon.colcon_core.package_discovery:discover_packages(path) discover
[0.646s] Level 1:colcon.colcon_core.package_discovery:discover_packages(path) using defaults
[0.677s] Level 1:colcon.colcon_core.package_discovery:discover_packages(prefix_path) check parameters
[0.677s] Level 1:colcon.colcon_core.package_discovery:discover_packages(prefix_path) discover
[0.682s] DEBUG:colcon.colcon_installed_package_information.package_discovery:Found 2 installed packages in /home/entity014/ABU_new_ws/install
[0.684s] DEBUG:colcon.colcon_installed_package_information.package_discovery:Found 5 installed packages in /home/entity014/ros2_ws/install
[0.686s] DEBUG:colcon.colcon_installed_package_information.package_discovery:Found 11 installed packages in /home/entity014/abu_ws/install
[0.689s] DEBUG:colcon.colcon_installed_package_information.package_discovery:Found 334 installed packages in /opt/ros/foxy
[0.692s] Level 1:colcon.colcon_core.package_discovery:discover_packages(prefix_path) using defaults
[0.809s] Level 5:colcon.colcon_core.verb:set package 'rabbit_interfaces' build argument 'cmake_args' from command line to 'None'
[0.810s] Level 5:colcon.colcon_core.verb:set package 'rabbit_interfaces' build argument 'cmake_target' from command line to 'None'
[0.810s] Level 5:colcon.colcon_core.verb:set package 'rabbit_interfaces' build argument 'cmake_target_skip_unavailable' from command line to 'False'
[0.810s] Level 5:colcon.colcon_core.verb:set package 'rabbit_interfaces' build argument 'cmake_clean_cache' from command line to 'False'
[0.810s] Level 5:colcon.colcon_core.verb:set package 'rabbit_interfaces' build argument 'cmake_clean_first' from command line to 'False'
[0.810s] Level 5:colcon.colcon_core.verb:set package 'rabbit_interfaces' build argument 'cmake_force_configure' from command line to 'False'
[0.810s] Level 5:colcon.colcon_core.verb:set package 'rabbit_interfaces' build argument 'ament_cmake_args' from command line to 'None'
[0.810s] Level 5:colcon.colcon_core.verb:set package 'rabbit_interfaces' build argument 'catkin_cmake_args' from command line to 'None'
[0.810s] Level 5:colcon.colcon_core.verb:set package 'rabbit_interfaces' build argument 'catkin_skip_building_tests' from command line to 'False'
[0.810s] DEBUG:colcon.colcon_core.verb:Building package 'rabbit_interfaces' with the following arguments: {'ament_cmake_args': None, 'build_base': '/home/entity014/ABU_new_ws/build/rabbit_interfaces', 'catkin_cmake_args': None, 'catkin_skip_building_tests': False, 'cmake_args': None, 'cmake_clean_cache': False, 'cmake_clean_first': False, 'cmake_force_configure': False, 'cmake_target': None, 'cmake_target_skip_unavailable': False, 'install_base': '/home/entity014/ABU_new_ws/install/rabbit_interfaces', 'merge_install': False, 'path': '/home/entity014/ABU_new_ws/src/rabbit_interfaces', 'symlink_install': False, 'test_result_base': None}
[0.812s] Level 5:colcon.colcon_core.verb:set package 'rabbit_package' build argument 'cmake_args' from command line to 'None'
[0.812s] Level 5:colcon.colcon_core.verb:set package 'rabbit_package' build argument 'cmake_target' from command line to 'None'
[0.812s] Level 5:colcon.colcon_core.verb:set package 'rabbit_package' build argument 'cmake_target_skip_unavailable' from command line to 'False'
[0.812s] Level 5:colcon.colcon_core.verb:set package 'rabbit_package' build argument 'cmake_clean_cache' from command line to 'False'
[0.812s] Level 5:colcon.colcon_core.verb:set package 'rabbit_package' build argument 'cmake_clean_first' from command line to 'False'
[0.812s] Level 5:colcon.colcon_core.verb:set package 'rabbit_package' build argument 'cmake_force_configure' from command line to 'False'
[0.812s] Level 5:colcon.colcon_core.verb:set package 'rabbit_package' build argument 'ament_cmake_args' from command line to 'None'
[0.812s] Level 5:colcon.colcon_core.verb:set package 'rabbit_package' build argument 'catkin_cmake_args' from command line to 'None'
[0.812s] Level 5:colcon.colcon_core.verb:set package 'rabbit_package' build argument 'catkin_skip_building_tests' from command line to 'False'
[0.812s] DEBUG:colcon.colcon_core.verb:Building package 'rabbit_package' with the following arguments: {'ament_cmake_args': None, 'build_base': '/home/entity014/ABU_new_ws/build/rabbit_package', 'catkin_cmake_args': None, 'catkin_skip_building_tests': False, 'cmake_args': None, 'cmake_clean_cache': False, 'cmake_clean_first': False, 'cmake_force_configure': False, 'cmake_target': None, 'cmake_target_skip_unavailable': False, 'install_base': '/home/entity014/ABU_new_ws/install/rabbit_package', 'merge_install': False, 'path': '/home/entity014/ABU_new_ws/src/rabbit_package', 'symlink_install': False, 'test_result_base': None}
[0.813s] INFO:colcon.colcon_core.executor:Executing jobs using 'parallel' executor
[0.818s] DEBUG:colcon.colcon_parallel_executor.executor.parallel:run_until_complete
[0.819s] INFO:colcon.colcon_ros.task.ament_cmake.build:Building ROS package in '/home/entity014/ABU_new_ws/src/rabbit_interfaces' with build type 'ament_cmake'
[0.819s] INFO:colcon.colcon_cmake.task.cmake.build:Building CMake package in '/home/entity014/ABU_new_ws/src/rabbit_interfaces'
[0.828s] INFO:colcon.colcon_core.plugin_system:Skipping extension 'colcon_core.shell.bat': Not used on non-Windows systems
[0.828s] INFO:colcon.colcon_core.shell:Skip shell extension 'powershell' for command environment: Not usable outside of PowerShell
[0.828s] DEBUG:colcon.colcon_core.shell:Skip shell extension 'dsv' for command environment
[0.852s] DEBUG:colcon.colcon_core.event_handler.log_command:Invoking command in '/home/entity014/ABU_new_ws/build/rabbit_interfaces': CMAKE_PREFIX_PATH=${CMAKE_PREFIX_PATH}:/home/entity014/ABU_new_ws/install/rabbit_package:/home/entity014/ros2_ws/install/swap_pillar:/home/entity014/abu_ws/install/abu_package:/opt/ros/foxy /home/entity014/.local/bin/cmake --build /home/entity014/ABU_new_ws/build/rabbit_interfaces -- -j8 -l8
[0.981s] DEBUG:colcon.colcon_core.event_handler.log_command:Invoked command in '/home/entity014/ABU_new_ws/build/rabbit_interfaces' returned '2': CMAKE_PREFIX_PATH=${CMAKE_PREFIX_PATH}:/home/entity014/ABU_new_ws/install/rabbit_package:/home/entity014/ros2_ws/install/swap_pillar:/home/entity014/abu_ws/install/abu_package:/opt/ros/foxy /home/entity014/.local/bin/cmake --build /home/entity014/ABU_new_ws/build/rabbit_interfaces -- -j8 -l8
[1.174s] Level 1:colcon.colcon_core.environment:create_environment_scripts_only(rabbit_interfaces)
[1.186s] Level 1:colcon.colcon_core.environment:checking '/home/entity014/ABU_new_ws/install/rabbit_interfaces' for CMake module files
[1.188s] Level 1:colcon.colcon_core.environment:checking '/home/entity014/ABU_new_ws/install/rabbit_interfaces' for CMake config files
[1.189s] Level 1:colcon.colcon_core.shell:create_environment_hook('rabbit_interfaces', 'cmake_prefix_path')
[1.193s] INFO:colcon.colcon_core.shell:Creating environment hook '/home/entity014/ABU_new_ws/install/rabbit_interfaces/share/rabbit_interfaces/hook/cmake_prefix_path.ps1'
[1.195s] INFO:colcon.colcon_core.shell:Creating environment descriptor '/home/entity014/ABU_new_ws/install/rabbit_interfaces/share/rabbit_interfaces/hook/cmake_prefix_path.dsv'
[1.195s] INFO:colcon.colcon_core.shell:Creating environment hook '/home/entity014/ABU_new_ws/install/rabbit_interfaces/share/rabbit_interfaces/hook/cmake_prefix_path.sh'
[1.197s] Level 1:colcon.colcon_core.environment:checking '/home/entity014/ABU_new_ws/install/rabbit_interfaces/lib'
[1.198s] Level 1:colcon.colcon_core.shell:create_environment_hook('rabbit_interfaces', 'ld_library_path_lib')
[1.201s] INFO:colcon.colcon_core.shell:Creating environment hook '/home/entity014/ABU_new_ws/install/rabbit_interfaces/share/rabbit_interfaces/hook/ld_library_path_lib.ps1'
[1.203s] INFO:colcon.colcon_core.shell:Creating environment descriptor '/home/entity014/ABU_new_ws/install/rabbit_interfaces/share/rabbit_interfaces/hook/ld_library_path_lib.dsv'
[1.204s] INFO:colcon.colcon_core.shell:Creating environment hook '/home/entity014/ABU_new_ws/install/rabbit_interfaces/share/rabbit_interfaces/hook/ld_library_path_lib.sh'
[1.205s] Level 1:colcon.colcon_core.environment:checking '/home/entity014/ABU_new_ws/install/rabbit_interfaces/bin'
[1.205s] Level 1:colcon.colcon_core.environment:checking '/home/entity014/ABU_new_ws/install/rabbit_interfaces/lib/pkgconfig/rabbit_interfaces.pc'
[1.205s] Level 1:colcon.colcon_core.environment:checking '/home/entity014/ABU_new_ws/install/rabbit_interfaces/lib/python3.8/site-packages'
[1.206s] Level 1:colcon.colcon_core.shell:create_environment_hook('rabbit_interfaces', 'pythonpath')
[1.209s] INFO:colcon.colcon_core.shell:Creating environment hook '/home/entity014/ABU_new_ws/install/rabbit_interfaces/share/rabbit_interfaces/hook/pythonpath.ps1'
[1.210s] INFO:colcon.colcon_core.shell:Creating environment descriptor '/home/entity014/ABU_new_ws/install/rabbit_interfaces/share/rabbit_interfaces/hook/pythonpath.dsv'
[1.211s] INFO:colcon.colcon_core.shell:Creating environment hook '/home/entity014/ABU_new_ws/install/rabbit_interfaces/share/rabbit_interfaces/hook/pythonpath.sh'
[1.212s] Level 1:colcon.colcon_core.environment:checking '/home/entity014/ABU_new_ws/install/rabbit_interfaces/bin'
[1.215s] INFO:colcon.colcon_core.shell:Creating package script '/home/entity014/ABU_new_ws/install/rabbit_interfaces/share/rabbit_interfaces/package.ps1'
[1.216s] INFO:colcon.colcon_core.shell:Creating package descriptor '/home/entity014/ABU_new_ws/install/rabbit_interfaces/share/rabbit_interfaces/package.dsv'
[1.218s] INFO:colcon.colcon_core.shell:Creating package script '/home/entity014/ABU_new_ws/install/rabbit_interfaces/share/rabbit_interfaces/package.sh'
[1.220s] INFO:colcon.colcon_core.shell:Creating package script '/home/entity014/ABU_new_ws/install/rabbit_interfaces/share/rabbit_interfaces/package.bash'
[1.222s] INFO:colcon.colcon_core.shell:Creating package script '/home/entity014/ABU_new_ws/install/rabbit_interfaces/share/rabbit_interfaces/package.zsh'
[1.223s] Level 1:colcon.colcon_core.environment:create_file_with_runtime_dependencies(/home/entity014/ABU_new_ws/install/rabbit_interfaces/share/colcon-core/packages/rabbit_interfaces)
[1.234s] DEBUG:colcon.colcon_parallel_executor.executor.parallel:closing loop
[1.235s] DEBUG:colcon.colcon_parallel_executor.executor.parallel:loop closed
[1.235s] DEBUG:colcon.colcon_parallel_executor.executor.parallel:run_until_complete finished with '2'
[1.235s] DEBUG:colcon.colcon_core.event_reactor:joining thread
[1.250s] INFO:colcon.colcon_core.plugin_system:Skipping extension 'colcon_notification.desktop_notification.terminal_notifier': Not used on non-Darwin systems
[1.251s] INFO:colcon.colcon_core.plugin_system:Skipping extension 'colcon_notification.desktop_notification.win32': Not used on non-Windows systems
[1.251s] INFO:colcon.colcon_notification.desktop_notification:Sending desktop notification using 'notify2'
[1.278s] DEBUG:colcon.colcon_core.event_reactor:joined thread
[1.281s] INFO:colcon.colcon_core.shell:Creating prefix script '/home/entity014/ABU_new_ws/install/local_setup.ps1'
[1.283s] INFO:colcon.colcon_core.shell:Creating prefix util module '/home/entity014/ABU_new_ws/install/_local_setup_util_ps1.py'
[1.287s] INFO:colcon.colcon_core.shell:Creating prefix chain script '/home/entity014/ABU_new_ws/install/setup.ps1'
[1.294s] INFO:colcon.colcon_core.shell:Creating prefix script '/home/entity014/ABU_new_ws/install/local_setup.sh'
[1.295s] INFO:colcon.colcon_core.shell:Creating prefix util module '/home/entity014/ABU_new_ws/install/_local_setup_util_sh.py'
[1.297s] INFO:colcon.colcon_core.shell:Creating prefix chain script '/home/entity014/ABU_new_ws/install/setup.sh'
[1.305s] INFO:colcon.colcon_core.shell:Creating prefix script '/home/entity014/ABU_new_ws/install/local_setup.bash'
[1.306s] INFO:colcon.colcon_core.shell:Creating prefix chain script '/home/entity014/ABU_new_ws/install/setup.bash'
[1.313s] INFO:colcon.colcon_core.shell:Creating prefix script '/home/entity014/ABU_new_ws/install/local_setup.zsh'
[1.314s] INFO:colcon.colcon_core.shell:Creating prefix chain script '/home/entity014/ABU_new_ws/install/setup.zsh'
