[0.034s] Invoking command in '/home/entity014/ABU_new_ws/build/rabbit_interfaces': CMAKE_PREFIX_PATH=${CMAKE_PREFIX_PATH}:/home/entity014/ABU_new_ws/install/rabbit_package:/home/entity014/ros2_ws/install/swap_pillar:/home/entity014/abu_ws/install/abu_package:/opt/ros/foxy /home/entity014/.local/bin/cmake --build /home/entity014/ABU_new_ws/build/rabbit_interfaces -- -j8 -l8
[0.102s] -- Found ament_cmake: 0.9.11 (/opt/ros/foxy/share/ament_cmake/cmake)
[0.144s] -- Found PythonInterp: /usr/bin/python3 (found suitable version "3.8.10", minimum required is "3") 
[0.144s] -- Using PYTHON_EXECUTABLE: /usr/bin/python3
[0.552s] -- Found rosidl_default_generators: 1.0.1 (/opt/ros/foxy/share/rosidl_default_generators/cmake)
[0.569s] -- Using all available rosidl_typesupport_c: rosidl_typesupport_fastrtps_c;rosidl_typesupport_introspection_c
[0.583s] -- Found rosidl_adapter: 1.3.0 (/opt/ros/foxy/share/rosidl_adapter/cmake)
[0.897s] -- Using all available rosidl_typesupport_cpp: rosidl_typesupport_fastrtps_cpp;rosidl_typesupport_introspection_cpp
[0.994s] -- Found PythonInterp: /usr/bin/python3 (found version "3.8.10") 
[1.242s] -- Found ament_cmake_ros: 0.9.2 (/opt/ros/foxy/share/ament_cmake_ros/cmake)
[1.437s] -- Using all available rosidl_typesupport_c: rosidl_typesupport_fastrtps_c;rosidl_typesupport_introspection_c
[1.448s] -- Using all available rosidl_typesupport_cpp: rosidl_typesupport_fastrtps_cpp;rosidl_typesupport_introspection_cpp
[1.498s] -- Found PythonInterp: /usr/bin/python3 (found suitable version "3.8.10", minimum required is "3.5") 
[1.498s] -- Found python_cmake_module: 0.8.1 (/opt/ros/foxy/share/python_cmake_module/cmake)
[1.543s] -- Using PYTHON_EXECUTABLE: /usr/bin/python3
[1.543s] -- Using PYTHON_INCLUDE_DIRS: /usr/include/python3.8
[1.543s] -- Using PYTHON_LIBRARIES: /usr/lib/x86_64-linux-gnu/libpython3.8.so
[1.583s] -- Configuring done (1.5s)
[1.642s] -- Generating done (0.0s)
[1.648s] -- Build files have been written to: /home/entity014/ABU_new_ws/build/rabbit_interfaces
[1.668s] [  3%] [34m[1mGenerating C code for ROS interfaces[0m
[1.680s] [  6%] [34m[1mGenerating C++ code for ROS interfaces[0m
[2.043s] [  6%] Built target rabbit_interfaces__cpp
[2.053s] [  9%] [34m[1mGenerating C++ type support for eProsima Fast-RTPS[0m
[2.053s] [ 12%] [34m[1mGenerating C++ type support dispatch for ROS interfaces[0m
[2.054s] [ 16%] [34m[1mGenerating C++ introspection for ROS interfaces[0m
[2.065s] [ 19%] [32mBuilding C object CMakeFiles/rabbit_interfaces__rosidl_generator_c.dir/rosidl_generator_c/rabbit_interfaces/msg/detail/rab_dict__functions.c.o[0m
[2.167s] [ 22%] [32m[1mLinking C shared library librabbit_interfaces__rosidl_generator_c.so[0m
[2.227s] [ 22%] Built target rabbit_interfaces__rosidl_generator_c
[2.239s] [ 25%] [34m[1mGenerating C type support dispatch for ROS interfaces[0m
[2.244s] [ 29%] [34m[1mGenerating C introspection for ROS interfaces[0m
[2.487s] [ 32%] [32mBuilding CXX object CMakeFiles/rabbit_interfaces__rosidl_typesupport_cpp.dir/rosidl_typesupport_cpp/rabbit_interfaces/msg/rab_dict__type_support.cpp.o[0m
[2.564s] [ 35%] [32mBuilding CXX object CMakeFiles/rabbit_interfaces__rosidl_typesupport_introspection_cpp.dir/rosidl_typesupport_introspection_cpp/rabbit_interfaces/msg/detail/rab_dict__type_support.cpp.o[0m
[2.603s] [ 38%] [32mBuilding CXX object CMakeFiles/rabbit_interfaces__rosidl_typesupport_fastrtps_cpp.dir/rosidl_typesupport_fastrtps_cpp/rabbit_interfaces/msg/detail/dds_fastrtps/rab_dict__type_support.cpp.o[0m
[2.684s] [ 41%] [32mBuilding CXX object CMakeFiles/rabbit_interfaces__rosidl_typesupport_c.dir/rosidl_typesupport_c/rabbit_interfaces/msg/rab_dict__type_support.cpp.o[0m
[2.746s] [ 48%] [32m[1mLinking CXX shared library librabbit_interfaces__rosidl_typesupport_c.so[0m
[2.747s] [ 48%] [32mBuilding C object CMakeFiles/rabbit_interfaces__rosidl_typesupport_introspection_c.dir/rosidl_typesupport_introspection_c/rabbit_interfaces/msg/detail/rab_dict__type_support.c.o[0m
[2.801s] [ 48%] Built target rabbit_interfaces__rosidl_typesupport_c
[2.817s] [ 51%] [32m[1mLinking C shared library librabbit_interfaces__rosidl_typesupport_introspection_c.so[0m
[2.849s] [ 51%] Built target rabbit_interfaces__rosidl_typesupport_introspection_c
[3.047s] [ 54%] [32m[1mLinking CXX shared library librabbit_interfaces__rosidl_typesupport_cpp.so[0m
[3.108s] [ 54%] Built target rabbit_interfaces__rosidl_typesupport_cpp
[3.252s] [ 58%] [32m[1mLinking CXX shared library librabbit_interfaces__rosidl_typesupport_introspection_cpp.so[0m
[3.351s] [ 58%] Built target rabbit_interfaces__rosidl_typesupport_introspection_cpp
[3.546s] [ 61%] [32m[1mLinking CXX shared library librabbit_interfaces__rosidl_typesupport_fastrtps_cpp.so[0m
[3.680s] [ 61%] Built target rabbit_interfaces__rosidl_typesupport_fastrtps_cpp
[3.688s] [ 64%] [34m[1mGenerating C type support for eProsima Fast-RTPS[0m
[4.046s] [ 67%] [32mBuilding CXX object CMakeFiles/rabbit_interfaces__rosidl_typesupport_fastrtps_c.dir/rosidl_typesupport_fastrtps_c/rabbit_interfaces/msg/detail/rab_dict__type_support_c.cpp.o[0m
[4.587s] [ 70%] [32m[1mLinking CXX shared library librabbit_interfaces__rosidl_typesupport_fastrtps_c.so[0m
[4.707s] [ 70%] Built target rabbit_interfaces__rosidl_typesupport_fastrtps_c
[4.723s] [ 70%] Built target rabbit_interfaces
[4.738s] [ 74%] [34m[1mGenerating Python code for ROS interfaces[0m
[5.365s] [ 74%] Built target rabbit_interfaces__py
[5.381s] [ 77%] [32mBuilding C object CMakeFiles/rabbit_interfaces__python.dir/rosidl_generator_py/rabbit_interfaces/msg/_rab_dict_s.c.o[0m
[5.527s] [ 80%] [32m[1mLinking C shared library rosidl_generator_py/rabbit_interfaces/librabbit_interfaces__python.so[0m
[5.572s] [ 80%] Built target rabbit_interfaces__python
[5.592s] [ 83%] [32mBuilding C object CMakeFiles/rabbit_interfaces__rosidl_typesupport_c__pyext.dir/rosidl_generator_py/rabbit_interfaces/_rabbit_interfaces_s.ep.rosidl_typesupport_c.c.o[0m
[5.594s] [ 90%] [32mBuilding C object CMakeFiles/rabbit_interfaces__rosidl_typesupport_introspection_c__pyext.dir/rosidl_generator_py/rabbit_interfaces/_rabbit_interfaces_s.ep.rosidl_typesupport_introspection_c.c.o[0m
[5.594s] [ 90%] [32mBuilding C object CMakeFiles/rabbit_interfaces__rosidl_typesupport_fastrtps_c__pyext.dir/rosidl_generator_py/rabbit_interfaces/_rabbit_interfaces_s.ep.rosidl_typesupport_fastrtps_c.c.o[0m
[5.781s] [ 93%] [32m[1mLinking C shared library rosidl_generator_py/rabbit_interfaces/rabbit_interfaces_s__rosidl_typesupport_c.cpython-38-x86_64-linux-gnu.so[0m
[5.792s] [ 96%] [32m[1mLinking C shared library rosidl_generator_py/rabbit_interfaces/rabbit_interfaces_s__rosidl_typesupport_introspection_c.cpython-38-x86_64-linux-gnu.so[0m
[5.805s] [100%] [32m[1mLinking CXX shared library rosidl_generator_py/rabbit_interfaces/rabbit_interfaces_s__rosidl_typesupport_fastrtps_c.cpython-38-x86_64-linux-gnu.so[0m
[5.852s] [100%] Built target rabbit_interfaces__rosidl_typesupport_introspection_c__pyext
[5.867s] [100%] Built target rabbit_interfaces__rosidl_typesupport_c__pyext
[5.918s] [100%] Built target rabbit_interfaces__rosidl_typesupport_fastrtps_c__pyext
[5.932s] Invoked command in '/home/entity014/ABU_new_ws/build/rabbit_interfaces' returned '0': CMAKE_PREFIX_PATH=${CMAKE_PREFIX_PATH}:/home/entity014/ABU_new_ws/install/rabbit_package:/home/entity014/ros2_ws/install/swap_pillar:/home/entity014/abu_ws/install/abu_package:/opt/ros/foxy /home/entity014/.local/bin/cmake --build /home/entity014/ABU_new_ws/build/rabbit_interfaces -- -j8 -l8
[6.161s] Invoking command in '/home/entity014/ABU_new_ws/build/rabbit_interfaces': CMAKE_PREFIX_PATH=${CMAKE_PREFIX_PATH}:/home/entity014/ABU_new_ws/install/rabbit_package:/home/entity014/ros2_ws/install/swap_pillar:/home/entity014/abu_ws/install/abu_package:/opt/ros/foxy /home/entity014/.local/bin/cmake --install /home/entity014/ABU_new_ws/build/rabbit_interfaces
[6.212s] -- Install configuration: ""
[6.212s] -- Installing: /home/entity014/ABU_new_ws/install/rabbit_interfaces/share/ament_index/resource_index/rosidl_interfaces/rabbit_interfaces
[6.213s] -- Up-to-date: /home/entity014/ABU_new_ws/install/rabbit_interfaces/include/rabbit_interfaces
[6.213s] -- Up-to-date: /home/entity014/ABU_new_ws/install/rabbit_interfaces/include/rabbit_interfaces/msg
[6.213s] -- Installing: /home/entity014/ABU_new_ws/install/rabbit_interfaces/include/rabbit_interfaces/msg/rab_dict.h
[6.213s] -- Up-to-date: /home/entity014/ABU_new_ws/install/rabbit_interfaces/include/rabbit_interfaces/msg/my_array.h
[6.214s] -- Up-to-date: /home/entity014/ABU_new_ws/install/rabbit_interfaces/include/rabbit_interfaces/msg/detail
[6.214s] -- Up-to-date: /home/entity014/ABU_new_ws/install/rabbit_interfaces/include/rabbit_interfaces/msg/detail/my_array__functions.h
[6.214s] -- Installing: /home/entity014/ABU_new_ws/install/rabbit_interfaces/include/rabbit_interfaces/msg/detail/rab_dict__functions.c
[6.214s] -- Up-to-date: /home/entity014/ABU_new_ws/install/rabbit_interfaces/include/rabbit_interfaces/msg/detail/my_array__struct.h
[6.214s] -- Installing: /home/entity014/ABU_new_ws/install/rabbit_interfaces/include/rabbit_interfaces/msg/detail/rab_dict__functions.h
[6.214s] -- Up-to-date: /home/entity014/ABU_new_ws/install/rabbit_interfaces/include/rabbit_interfaces/msg/detail/my_array__functions.c
[6.215s] -- Installing: /home/entity014/ABU_new_ws/install/rabbit_interfaces/include/rabbit_interfaces/msg/detail/rab_dict__type_support.h
[6.215s] -- Up-to-date: /home/entity014/ABU_new_ws/install/rabbit_interfaces/include/rabbit_interfaces/msg/detail/my_array__type_support.h
[6.215s] -- Installing: /home/entity014/ABU_new_ws/install/rabbit_interfaces/include/rabbit_interfaces/msg/detail/rab_dict__struct.h
[6.215s] -- Up-to-date: /home/entity014/ABU_new_ws/install/rabbit_interfaces/include/rabbit_interfaces/msg/rosidl_generator_c__visibility_control.h
[6.215s] -- Up-to-date: /home/entity014/ABU_new_ws/install/rabbit_interfaces/share/rabbit_interfaces/environment/library_path.sh
[6.216s] -- Installing: /home/entity014/ABU_new_ws/install/rabbit_interfaces/share/rabbit_interfaces/environment/library_path.dsv
[6.216s] -- Installing: /home/entity014/ABU_new_ws/install/rabbit_interfaces/lib/librabbit_interfaces__rosidl_generator_c.so
[6.216s] -- Set runtime path of "/home/entity014/ABU_new_ws/install/rabbit_interfaces/lib/librabbit_interfaces__rosidl_generator_c.so" to ""
[6.216s] -- Up-to-date: /home/entity014/ABU_new_ws/install/rabbit_interfaces/include/rabbit_interfaces
[6.216s] -- Up-to-date: /home/entity014/ABU_new_ws/install/rabbit_interfaces/include/rabbit_interfaces/msg
[6.217s] -- Up-to-date: /home/entity014/ABU_new_ws/install/rabbit_interfaces/include/rabbit_interfaces/msg/rosidl_typesupport_fastrtps_c__visibility_control.h
[6.217s] -- Up-to-date: /home/entity014/ABU_new_ws/install/rabbit_interfaces/include/rabbit_interfaces/msg/detail
[6.217s] -- Installing: /home/entity014/ABU_new_ws/install/rabbit_interfaces/include/rabbit_interfaces/msg/detail/rab_dict__rosidl_typesupport_fastrtps_c.h
[6.217s] -- Up-to-date: /home/entity014/ABU_new_ws/install/rabbit_interfaces/include/rabbit_interfaces/msg/detail/my_array__rosidl_typesupport_fastrtps_c.h
[6.217s] -- Installing: /home/entity014/ABU_new_ws/install/rabbit_interfaces/lib/librabbit_interfaces__rosidl_typesupport_fastrtps_c.so
[6.217s] -- Set runtime path of "/home/entity014/ABU_new_ws/install/rabbit_interfaces/lib/librabbit_interfaces__rosidl_typesupport_fastrtps_c.so" to ""
[6.218s] -- Up-to-date: /home/entity014/ABU_new_ws/install/rabbit_interfaces/include/rabbit_interfaces
[6.218s] -- Up-to-date: /home/entity014/ABU_new_ws/install/rabbit_interfaces/include/rabbit_interfaces/msg
[6.218s] -- Up-to-date: /home/entity014/ABU_new_ws/install/rabbit_interfaces/include/rabbit_interfaces/msg/rosidl_typesupport_fastrtps_cpp__visibility_control.h
[6.218s] -- Up-to-date: /home/entity014/ABU_new_ws/install/rabbit_interfaces/include/rabbit_interfaces/msg/detail
[6.218s] -- Up-to-date: /home/entity014/ABU_new_ws/install/rabbit_interfaces/include/rabbit_interfaces/msg/detail/my_array__rosidl_typesupport_fastrtps_cpp.hpp
[6.219s] -- Up-to-date: /home/entity014/ABU_new_ws/install/rabbit_interfaces/include/rabbit_interfaces/msg/detail/dds_fastrtps
[6.219s] -- Installing: /home/entity014/ABU_new_ws/install/rabbit_interfaces/include/rabbit_interfaces/msg/detail/rab_dict__rosidl_typesupport_fastrtps_cpp.hpp
[6.219s] -- Installing: /home/entity014/ABU_new_ws/install/rabbit_interfaces/lib/librabbit_interfaces__rosidl_typesupport_fastrtps_cpp.so
[6.219s] -- Set runtime path of "/home/entity014/ABU_new_ws/install/rabbit_interfaces/lib/librabbit_interfaces__rosidl_typesupport_fastrtps_cpp.so" to ""
[6.220s] -- Up-to-date: /home/entity014/ABU_new_ws/install/rabbit_interfaces/include/rabbit_interfaces
[6.220s] -- Up-to-date: /home/entity014/ABU_new_ws/install/rabbit_interfaces/include/rabbit_interfaces/msg
[6.220s] -- Up-to-date: /home/entity014/ABU_new_ws/install/rabbit_interfaces/include/rabbit_interfaces/msg/rosidl_typesupport_introspection_c__visibility_control.h
[6.220s] -- Up-to-date: /home/entity014/ABU_new_ws/install/rabbit_interfaces/include/rabbit_interfaces/msg/detail
[6.221s] -- Installing: /home/entity014/ABU_new_ws/install/rabbit_interfaces/include/rabbit_interfaces/msg/detail/rab_dict__rosidl_typesupport_introspection_c.h
[6.221s] -- Up-to-date: /home/entity014/ABU_new_ws/install/rabbit_interfaces/include/rabbit_interfaces/msg/detail/my_array__type_support.c
[6.221s] -- Installing: /home/entity014/ABU_new_ws/install/rabbit_interfaces/include/rabbit_interfaces/msg/detail/rab_dict__type_support.c
[6.221s] -- Up-to-date: /home/entity014/ABU_new_ws/install/rabbit_interfaces/include/rabbit_interfaces/msg/detail/my_array__rosidl_typesupport_introspection_c.h
[6.221s] -- Installing: /home/entity014/ABU_new_ws/install/rabbit_interfaces/lib/librabbit_interfaces__rosidl_typesupport_introspection_c.so
[6.221s] -- Set runtime path of "/home/entity014/ABU_new_ws/install/rabbit_interfaces/lib/librabbit_interfaces__rosidl_typesupport_introspection_c.so" to ""
[6.222s] -- Installing: /home/entity014/ABU_new_ws/install/rabbit_interfaces/lib/librabbit_interfaces__rosidl_typesupport_c.so
[6.222s] -- Set runtime path of "/home/entity014/ABU_new_ws/install/rabbit_interfaces/lib/librabbit_interfaces__rosidl_typesupport_c.so" to ""
[6.223s] -- Up-to-date: /home/entity014/ABU_new_ws/install/rabbit_interfaces/include/rabbit_interfaces
[6.223s] -- Up-to-date: /home/entity014/ABU_new_ws/install/rabbit_interfaces/include/rabbit_interfaces/msg
[6.223s] -- Up-to-date: /home/entity014/ABU_new_ws/install/rabbit_interfaces/include/rabbit_interfaces/msg/my_array.hpp
[6.223s] -- Up-to-date: /home/entity014/ABU_new_ws/install/rabbit_interfaces/include/rabbit_interfaces/msg/detail
[6.224s] -- Installing: /home/entity014/ABU_new_ws/install/rabbit_interfaces/include/rabbit_interfaces/msg/detail/rab_dict__traits.hpp
[6.224s] -- Up-to-date: /home/entity014/ABU_new_ws/install/rabbit_interfaces/include/rabbit_interfaces/msg/detail/my_array__traits.hpp
[6.224s] -- Installing: /home/entity014/ABU_new_ws/install/rabbit_interfaces/include/rabbit_interfaces/msg/detail/rab_dict__struct.hpp
[6.224s] -- Up-to-date: /home/entity014/ABU_new_ws/install/rabbit_interfaces/include/rabbit_interfaces/msg/detail/my_array__struct.hpp
[6.224s] -- Up-to-date: /home/entity014/ABU_new_ws/install/rabbit_interfaces/include/rabbit_interfaces/msg/detail/my_array__builder.hpp
[6.225s] -- Installing: /home/entity014/ABU_new_ws/install/rabbit_interfaces/include/rabbit_interfaces/msg/detail/rab_dict__builder.hpp
[6.225s] -- Installing: /home/entity014/ABU_new_ws/install/rabbit_interfaces/include/rabbit_interfaces/msg/rab_dict.hpp
[6.225s] -- Up-to-date: /home/entity014/ABU_new_ws/install/rabbit_interfaces/include/rabbit_interfaces
[6.225s] -- Up-to-date: /home/entity014/ABU_new_ws/install/rabbit_interfaces/include/rabbit_interfaces/msg
[6.225s] -- Up-to-date: /home/entity014/ABU_new_ws/install/rabbit_interfaces/include/rabbit_interfaces/msg/detail
[6.225s] -- Installing: /home/entity014/ABU_new_ws/install/rabbit_interfaces/include/rabbit_interfaces/msg/detail/rab_dict__rosidl_typesupport_introspection_cpp.hpp
[6.225s] -- Installing: /home/entity014/ABU_new_ws/install/rabbit_interfaces/include/rabbit_interfaces/msg/detail/rab_dict__type_support.cpp
[6.225s] -- Up-to-date: /home/entity014/ABU_new_ws/install/rabbit_interfaces/include/rabbit_interfaces/msg/detail/my_array__type_support.cpp
[6.225s] -- Up-to-date: /home/entity014/ABU_new_ws/install/rabbit_interfaces/include/rabbit_interfaces/msg/detail/my_array__rosidl_typesupport_introspection_cpp.hpp
[6.226s] -- Installing: /home/entity014/ABU_new_ws/install/rabbit_interfaces/lib/librabbit_interfaces__rosidl_typesupport_introspection_cpp.so
[6.226s] -- Set runtime path of "/home/entity014/ABU_new_ws/install/rabbit_interfaces/lib/librabbit_interfaces__rosidl_typesupport_introspection_cpp.so" to ""
[6.226s] -- Installing: /home/entity014/ABU_new_ws/install/rabbit_interfaces/lib/librabbit_interfaces__rosidl_typesupport_cpp.so
[6.227s] -- Set runtime path of "/home/entity014/ABU_new_ws/install/rabbit_interfaces/lib/librabbit_interfaces__rosidl_typesupport_cpp.so" to ""
[6.227s] -- Up-to-date: /home/entity014/ABU_new_ws/install/rabbit_interfaces/share/rabbit_interfaces/environment/pythonpath.sh
[6.228s] -- Installing: /home/entity014/ABU_new_ws/install/rabbit_interfaces/share/rabbit_interfaces/environment/pythonpath.dsv
[6.228s] -- Installing: /home/entity014/ABU_new_ws/install/rabbit_interfaces/lib/python3.8/site-packages/rabbit_interfaces/__init__.py
[6.282s] Compiling '/home/entity014/ABU_new_ws/install/rabbit_interfaces/lib/python3.8/site-packages/rabbit_interfaces/__init__.py'...
[6.287s] -- Up-to-date: /home/entity014/ABU_new_ws/install/rabbit_interfaces/lib/python3.8/site-packages/rabbit_interfaces/msg
[6.288s] -- Up-to-date: /home/entity014/ABU_new_ws/install/rabbit_interfaces/lib/python3.8/site-packages/rabbit_interfaces/msg/_my_array.py
[6.288s] -- Installing: /home/entity014/ABU_new_ws/install/rabbit_interfaces/lib/python3.8/site-packages/rabbit_interfaces/msg/_rab_dict_s.c
[6.288s] -- Up-to-date: /home/entity014/ABU_new_ws/install/rabbit_interfaces/lib/python3.8/site-packages/rabbit_interfaces/msg/_my_array_s.c
[6.288s] -- Installing: /home/entity014/ABU_new_ws/install/rabbit_interfaces/lib/python3.8/site-packages/rabbit_interfaces/msg/_rab_dict.py
[6.288s] -- Installing: /home/entity014/ABU_new_ws/install/rabbit_interfaces/lib/python3.8/site-packages/rabbit_interfaces/msg/__init__.py
[6.289s] -- Installing: /home/entity014/ABU_new_ws/install/rabbit_interfaces/lib/python3.8/site-packages/rabbit_interfaces/rabbit_interfaces_s__rosidl_typesupport_fastrtps_c.cpython-38-x86_64-linux-gnu.so
[6.289s] -- Set runtime path of "/home/entity014/ABU_new_ws/install/rabbit_interfaces/lib/python3.8/site-packages/rabbit_interfaces/rabbit_interfaces_s__rosidl_typesupport_fastrtps_c.cpython-38-x86_64-linux-gnu.so" to ""
[6.290s] -- Installing: /home/entity014/ABU_new_ws/install/rabbit_interfaces/lib/python3.8/site-packages/rabbit_interfaces/rabbit_interfaces_s__rosidl_typesupport_introspection_c.cpython-38-x86_64-linux-gnu.so
[6.290s] -- Set runtime path of "/home/entity014/ABU_new_ws/install/rabbit_interfaces/lib/python3.8/site-packages/rabbit_interfaces/rabbit_interfaces_s__rosidl_typesupport_introspection_c.cpython-38-x86_64-linux-gnu.so" to ""
[6.290s] -- Installing: /home/entity014/ABU_new_ws/install/rabbit_interfaces/lib/python3.8/site-packages/rabbit_interfaces/rabbit_interfaces_s__rosidl_typesupport_c.cpython-38-x86_64-linux-gnu.so
[6.291s] -- Set runtime path of "/home/entity014/ABU_new_ws/install/rabbit_interfaces/lib/python3.8/site-packages/rabbit_interfaces/rabbit_interfaces_s__rosidl_typesupport_c.cpython-38-x86_64-linux-gnu.so" to ""
[6.291s] -- Installing: /home/entity014/ABU_new_ws/install/rabbit_interfaces/lib/librabbit_interfaces__python.so
[6.292s] -- Set runtime path of "/home/entity014/ABU_new_ws/install/rabbit_interfaces/lib/librabbit_interfaces__python.so" to ""
[6.293s] -- Installing: /home/entity014/ABU_new_ws/install/rabbit_interfaces/share/rabbit_interfaces/msg/RabDict.idl
[6.293s] -- Installing: /home/entity014/ABU_new_ws/install/rabbit_interfaces/share/rabbit_interfaces/msg/RabDict.msg
[6.293s] -- Up-to-date: /home/entity014/ABU_new_ws/install/rabbit_interfaces/share/ament_index/resource_index/package_run_dependencies/rabbit_interfaces
[6.293s] -- Installing: /home/entity014/ABU_new_ws/install/rabbit_interfaces/share/ament_index/resource_index/parent_prefix_path/rabbit_interfaces
[6.294s] -- Up-to-date: /home/entity014/ABU_new_ws/install/rabbit_interfaces/share/rabbit_interfaces/environment/ament_prefix_path.sh
[6.294s] -- Installing: /home/entity014/ABU_new_ws/install/rabbit_interfaces/share/rabbit_interfaces/environment/ament_prefix_path.dsv
[6.294s] -- Up-to-date: /home/entity014/ABU_new_ws/install/rabbit_interfaces/share/rabbit_interfaces/environment/path.sh
[6.294s] -- Installing: /home/entity014/ABU_new_ws/install/rabbit_interfaces/share/rabbit_interfaces/environment/path.dsv
[6.294s] -- Up-to-date: /home/entity014/ABU_new_ws/install/rabbit_interfaces/share/rabbit_interfaces/local_setup.bash
[6.295s] -- Up-to-date: /home/entity014/ABU_new_ws/install/rabbit_interfaces/share/rabbit_interfaces/local_setup.sh
[6.295s] -- Up-to-date: /home/entity014/ABU_new_ws/install/rabbit_interfaces/share/rabbit_interfaces/local_setup.zsh
[6.295s] -- Installing: /home/entity014/ABU_new_ws/install/rabbit_interfaces/share/rabbit_interfaces/local_setup.dsv
[6.295s] -- Installing: /home/entity014/ABU_new_ws/install/rabbit_interfaces/share/rabbit_interfaces/package.dsv
[6.295s] -- Up-to-date: /home/entity014/ABU_new_ws/install/rabbit_interfaces/share/ament_index/resource_index/packages/rabbit_interfaces
[6.295s] -- Up-to-date: /home/entity014/ABU_new_ws/install/rabbit_interfaces/share/rabbit_interfaces/cmake/rabbit_interfaces__rosidl_generator_cExport.cmake
[6.296s] -- Up-to-date: /home/entity014/ABU_new_ws/install/rabbit_interfaces/share/rabbit_interfaces/cmake/rabbit_interfaces__rosidl_generator_cExport-noconfig.cmake
[6.296s] -- Up-to-date: /home/entity014/ABU_new_ws/install/rabbit_interfaces/share/rabbit_interfaces/cmake/rabbit_interfaces__rosidl_typesupport_introspection_cExport.cmake
[6.296s] -- Up-to-date: /home/entity014/ABU_new_ws/install/rabbit_interfaces/share/rabbit_interfaces/cmake/rabbit_interfaces__rosidl_typesupport_introspection_cExport-noconfig.cmake
[6.296s] -- Up-to-date: /home/entity014/ABU_new_ws/install/rabbit_interfaces/share/rabbit_interfaces/cmake/rabbit_interfaces__rosidl_typesupport_cExport.cmake
[6.297s] -- Up-to-date: /home/entity014/ABU_new_ws/install/rabbit_interfaces/share/rabbit_interfaces/cmake/rabbit_interfaces__rosidl_typesupport_cExport-noconfig.cmake
[6.297s] -- Up-to-date: /home/entity014/ABU_new_ws/install/rabbit_interfaces/share/rabbit_interfaces/cmake/rabbit_interfaces__rosidl_generator_cppExport.cmake
[6.297s] -- Up-to-date: /home/entity014/ABU_new_ws/install/rabbit_interfaces/share/rabbit_interfaces/cmake/rabbit_interfaces__rosidl_typesupport_introspection_cppExport.cmake
[6.297s] -- Up-to-date: /home/entity014/ABU_new_ws/install/rabbit_interfaces/share/rabbit_interfaces/cmake/rabbit_interfaces__rosidl_typesupport_introspection_cppExport-noconfig.cmake
[6.297s] -- Up-to-date: /home/entity014/ABU_new_ws/install/rabbit_interfaces/share/rabbit_interfaces/cmake/rabbit_interfaces__rosidl_typesupport_cppExport.cmake
[6.298s] -- Up-to-date: /home/entity014/ABU_new_ws/install/rabbit_interfaces/share/rabbit_interfaces/cmake/rabbit_interfaces__rosidl_typesupport_cppExport-noconfig.cmake
[6.298s] -- Installing: /home/entity014/ABU_new_ws/install/rabbit_interfaces/share/rabbit_interfaces/cmake/rosidl_cmake-extras.cmake
[6.298s] -- Up-to-date: /home/entity014/ABU_new_ws/install/rabbit_interfaces/share/rabbit_interfaces/cmake/ament_cmake_export_dependencies-extras.cmake
[6.298s] -- Up-to-date: /home/entity014/ABU_new_ws/install/rabbit_interfaces/share/rabbit_interfaces/cmake/ament_cmake_export_libraries-extras.cmake
[6.298s] -- Up-to-date: /home/entity014/ABU_new_ws/install/rabbit_interfaces/share/rabbit_interfaces/cmake/ament_cmake_export_targets-extras.cmake
[6.298s] -- Up-to-date: /home/entity014/ABU_new_ws/install/rabbit_interfaces/share/rabbit_interfaces/cmake/ament_cmake_export_include_directories-extras.cmake
[6.298s] -- Up-to-date: /home/entity014/ABU_new_ws/install/rabbit_interfaces/share/rabbit_interfaces/cmake/rosidl_cmake_export_typesupport_libraries-extras.cmake
[6.299s] -- Up-to-date: /home/entity014/ABU_new_ws/install/rabbit_interfaces/share/rabbit_interfaces/cmake/rosidl_cmake_export_typesupport_targets-extras.cmake
[6.299s] -- Up-to-date: /home/entity014/ABU_new_ws/install/rabbit_interfaces/share/rabbit_interfaces/cmake/rabbit_interfacesConfig.cmake
[6.299s] -- Up-to-date: /home/entity014/ABU_new_ws/install/rabbit_interfaces/share/rabbit_interfaces/cmake/rabbit_interfacesConfig-version.cmake
[6.299s] -- Up-to-date: /home/entity014/ABU_new_ws/install/rabbit_interfaces/share/rabbit_interfaces/package.xml
[6.308s] Invoked command in '/home/entity014/ABU_new_ws/build/rabbit_interfaces' returned '0': CMAKE_PREFIX_PATH=${CMAKE_PREFIX_PATH}:/home/entity014/ABU_new_ws/install/rabbit_package:/home/entity014/ros2_ws/install/swap_pillar:/home/entity014/abu_ws/install/abu_package:/opt/ros/foxy /home/entity014/.local/bin/cmake --install /home/entity014/ABU_new_ws/build/rabbit_interfaces
