[0.865s] DEBUG:colcon:Command line arguments: ['/usr/bin/colcon', 'build']
[0.865s] DEBUG:colcon:Parsed command line arguments: Namespace(allow_overriding=[], ament_cmake_args=None, base_paths=['.'], build_base='build', catkin_cmake_args=None, catkin_skip_building_tests=False, cmake_args=None, cmake_clean_cache=False, cmake_clean_first=False, cmake_force_configure=False, cmake_target=None, cmake_target_skip_unavailable=False, continue_on_error=False, event_handlers=None, executor='parallel', ignore_user_meta=False, install_base='install', log_base=None, log_level=None, main=<bound method BuildVerb.main of <colcon_core.verb.build.BuildVerb object at 0x7f8b3cdea880>>, merge_install=False, metas=['./colcon.meta'], packages_above=None, packages_above_and_dependencies=None, packages_above_depth=None, packages_end=None, packages_ignore=None, packages_ignore_regex=None, packages_select=None, packages_select_build_failed=False, packages_select_by_dep=None, packages_select_regex=None, packages_select_test_failures=False, packages_skip=None, packages_skip_build_finished=False, packages_skip_by_dep=None, packages_skip_regex=None, packages_skip_test_passed=False, packages_skip_up_to=None, packages_start=None, packages_up_to=None, packages_up_to_regex=None, parallel_workers=8, paths=None, symlink_install=False, test_result_base=None, verb_extension=<colcon_core.verb.build.BuildVerb object at 0x7f8b3cdea880>, verb_name='build', verb_parser=<colcon_defaults.argument_parser.defaults.DefaultArgumentsDecorator object at 0x7f8b3cdeadf0>)
[0.918s] Level 1:colcon.colcon_core.package_discovery:discover_packages(colcon_meta) check parameters
[0.918s] Level 1:colcon.colcon_core.package_discovery:discover_packages(recursive) check parameters
[0.918s] Level 1:colcon.colcon_core.package_discovery:discover_packages(ignore) check parameters
[0.918s] Level 1:colcon.colcon_core.package_discovery:discover_packages(path) check parameters
[0.918s] Level 1:colcon.colcon_core.package_discovery:discover_packages(colcon_meta) discover
[0.918s] Level 1:colcon.colcon_core.package_discovery:discover_packages(recursive) discover
[0.918s] INFO:colcon.colcon_core.package_discovery:Crawling recursively for packages in '/home/entity014/ABU_new_ws'
[0.919s] Level 1:colcon.colcon_core.package_identification:_identify(.) by extensions ['ignore', 'ignore_ament_install']
[0.919s] Level 1:colcon.colcon_core.package_identification:_identify(.) by extension 'ignore'
[0.919s] Level 1:colcon.colcon_core.package_identification:_identify(.) by extension 'ignore_ament_install'
[0.919s] Level 1:colcon.colcon_core.package_identification:_identify(.) by extensions ['colcon_pkg']
[0.919s] Level 1:colcon.colcon_core.package_identification:_identify(.) by extension 'colcon_pkg'
[0.919s] Level 1:colcon.colcon_core.package_identification:_identify(.) by extensions ['colcon_meta']
[0.919s] Level 1:colcon.colcon_core.package_identification:_identify(.) by extension 'colcon_meta'
[0.920s] Level 1:colcon.colcon_core.package_identification:_identify(.) by extensions ['ros']
[0.920s] Level 1:colcon.colcon_core.package_identification:_identify(.) by extension 'ros'
[0.952s] Level 1:colcon.colcon_core.package_identification:_identify(.) by extensions ['cmake', 'python']
[0.952s] Level 1:colcon.colcon_core.package_identification:_identify(.) by extension 'cmake'
[0.952s] Level 1:colcon.colcon_core.package_identification:_identify(.) by extension 'python'
[0.952s] Level 1:colcon.colcon_core.package_identification:_identify(.) by extensions ['python_setup_py']
[0.952s] Level 1:colcon.colcon_core.package_identification:_identify(.) by extension 'python_setup_py'
[0.952s] Level 1:colcon.colcon_core.package_identification:_identify(arduino) by extensions ['ignore', 'ignore_ament_install']
[0.953s] Level 1:colcon.colcon_core.package_identification:_identify(arduino) by extension 'ignore'
[0.953s] Level 1:colcon.colcon_core.package_identification:_identify(arduino) by extension 'ignore_ament_install'
[0.953s] Level 1:colcon.colcon_core.package_identification:_identify(arduino) by extensions ['colcon_pkg']
[0.953s] Level 1:colcon.colcon_core.package_identification:_identify(arduino) by extension 'colcon_pkg'
[0.953s] Level 1:colcon.colcon_core.package_identification:_identify(arduino) by extensions ['colcon_meta']
[0.953s] Level 1:colcon.colcon_core.package_identification:_identify(arduino) by extension 'colcon_meta'
[0.953s] Level 1:colcon.colcon_core.package_identification:_identify(arduino) by extensions ['ros']
[0.953s] Level 1:colcon.colcon_core.package_identification:_identify(arduino) by extension 'ros'
[0.954s] Level 1:colcon.colcon_core.package_identification:_identify(arduino) by extensions ['cmake', 'python']
[0.954s] Level 1:colcon.colcon_core.package_identification:_identify(arduino) by extension 'cmake'
[0.954s] Level 1:colcon.colcon_core.package_identification:_identify(arduino) by extension 'python'
[0.954s] Level 1:colcon.colcon_core.package_identification:_identify(arduino) by extensions ['python_setup_py']
[0.954s] Level 1:colcon.colcon_core.package_identification:_identify(arduino) by extension 'python_setup_py'
[0.954s] Level 1:colcon.colcon_core.package_identification:_identify(arduino/rabbit-new) by extensions ['ignore', 'ignore_ament_install']
[0.954s] Level 1:colcon.colcon_core.package_identification:_identify(arduino/rabbit-new) by extension 'ignore'
[0.954s] Level 1:colcon.colcon_core.package_identification:_identify(arduino/rabbit-new) by extension 'ignore_ament_install'
[0.955s] Level 1:colcon.colcon_core.package_identification:_identify(arduino/rabbit-new) by extensions ['colcon_pkg']
[0.955s] Level 1:colcon.colcon_core.package_identification:_identify(arduino/rabbit-new) by extension 'colcon_pkg'
[0.955s] Level 1:colcon.colcon_core.package_identification:_identify(arduino/rabbit-new) by extensions ['colcon_meta']
[0.955s] Level 1:colcon.colcon_core.package_identification:_identify(arduino/rabbit-new) by extension 'colcon_meta'
[0.955s] Level 1:colcon.colcon_core.package_identification:_identify(arduino/rabbit-new) by extensions ['ros']
[0.955s] Level 1:colcon.colcon_core.package_identification:_identify(arduino/rabbit-new) by extension 'ros'
[0.955s] Level 1:colcon.colcon_core.package_identification:_identify(arduino/rabbit-new) by extensions ['cmake', 'python']
[0.955s] Level 1:colcon.colcon_core.package_identification:_identify(arduino/rabbit-new) by extension 'cmake'
[0.955s] Level 1:colcon.colcon_core.package_identification:_identify(arduino/rabbit-new) by extension 'python'
[0.956s] Level 1:colcon.colcon_core.package_identification:_identify(arduino/rabbit-new) by extensions ['python_setup_py']
[0.956s] Level 1:colcon.colcon_core.package_identification:_identify(arduino/rabbit-new) by extension 'python_setup_py'
[0.956s] Level 1:colcon.colcon_core.package_identification:_identify(build) by extensions ['ignore', 'ignore_ament_install']
[0.956s] Level 1:colcon.colcon_core.package_identification:_identify(build) by extension 'ignore'
[0.956s] Level 1:colcon.colcon_core.package_identification:_identify(build) ignored
[0.956s] Level 1:colcon.colcon_core.package_identification:_identify(install) by extensions ['ignore', 'ignore_ament_install']
[0.957s] Level 1:colcon.colcon_core.package_identification:_identify(install) by extension 'ignore'
[0.957s] Level 1:colcon.colcon_core.package_identification:_identify(install) ignored
[0.957s] Level 1:colcon.colcon_core.package_identification:_identify(log) by extensions ['ignore', 'ignore_ament_install']
[0.957s] Level 1:colcon.colcon_core.package_identification:_identify(log) by extension 'ignore'
[0.958s] Level 1:colcon.colcon_core.package_identification:_identify(log) ignored
[0.958s] Level 1:colcon.colcon_core.package_identification:_identify(src) by extensions ['ignore', 'ignore_ament_install']
[0.958s] Level 1:colcon.colcon_core.package_identification:_identify(src) by extension 'ignore'
[0.958s] Level 1:colcon.colcon_core.package_identification:_identify(src) by extension 'ignore_ament_install'
[0.958s] Level 1:colcon.colcon_core.package_identification:_identify(src) by extensions ['colcon_pkg']
[0.958s] Level 1:colcon.colcon_core.package_identification:_identify(src) by extension 'colcon_pkg'
[0.958s] Level 1:colcon.colcon_core.package_identification:_identify(src) by extensions ['colcon_meta']
[0.958s] Level 1:colcon.colcon_core.package_identification:_identify(src) by extension 'colcon_meta'
[0.959s] Level 1:colcon.colcon_core.package_identification:_identify(src) by extensions ['ros']
[0.959s] Level 1:colcon.colcon_core.package_identification:_identify(src) by extension 'ros'
[0.959s] Level 1:colcon.colcon_core.package_identification:_identify(src) by extensions ['cmake', 'python']
[0.959s] Level 1:colcon.colcon_core.package_identification:_identify(src) by extension 'cmake'
[0.959s] Level 1:colcon.colcon_core.package_identification:_identify(src) by extension 'python'
[0.959s] Level 1:colcon.colcon_core.package_identification:_identify(src) by extensions ['python_setup_py']
[0.959s] Level 1:colcon.colcon_core.package_identification:_identify(src) by extension 'python_setup_py'
[0.959s] Level 1:colcon.colcon_core.package_identification:_identify(src/rabbit_interfaces) by extensions ['ignore', 'ignore_ament_install']
[0.960s] Level 1:colcon.colcon_core.package_identification:_identify(src/rabbit_interfaces) by extension 'ignore'
[0.960s] Level 1:colcon.colcon_core.package_identification:_identify(src/rabbit_interfaces) by extension 'ignore_ament_install'
[0.960s] Level 1:colcon.colcon_core.package_identification:_identify(src/rabbit_interfaces) by extensions ['colcon_pkg']
[0.960s] Level 1:colcon.colcon_core.package_identification:_identify(src/rabbit_interfaces) by extension 'colcon_pkg'
[0.960s] Level 1:colcon.colcon_core.package_identification:_identify(src/rabbit_interfaces) by extensions ['colcon_meta']
[0.960s] Level 1:colcon.colcon_core.package_identification:_identify(src/rabbit_interfaces) by extension 'colcon_meta'
[0.960s] Level 1:colcon.colcon_core.package_identification:_identify(src/rabbit_interfaces) by extensions ['ros']
[0.960s] Level 1:colcon.colcon_core.package_identification:_identify(src/rabbit_interfaces) by extension 'ros'
[0.966s] DEBUG:colcon.colcon_core.package_identification:Package 'src/rabbit_interfaces' with type 'ros.ament_cmake' and name 'rabbit_interfaces'
[0.966s] Level 1:colcon.colcon_core.package_identification:_identify(src/rabbit_package) by extensions ['ignore', 'ignore_ament_install']
[0.966s] Level 1:colcon.colcon_core.package_identification:_identify(src/rabbit_package) by extension 'ignore'
[0.966s] Level 1:colcon.colcon_core.package_identification:_identify(src/rabbit_package) by extension 'ignore_ament_install'
[0.967s] Level 1:colcon.colcon_core.package_identification:_identify(src/rabbit_package) by extensions ['colcon_pkg']
[0.967s] Level 1:colcon.colcon_core.package_identification:_identify(src/rabbit_package) by extension 'colcon_pkg'
[0.967s] Level 1:colcon.colcon_core.package_identification:_identify(src/rabbit_package) by extensions ['colcon_meta']
[0.967s] Level 1:colcon.colcon_core.package_identification:_identify(src/rabbit_package) by extension 'colcon_meta'
[0.967s] Level 1:colcon.colcon_core.package_identification:_identify(src/rabbit_package) by extensions ['ros']
[0.967s] Level 1:colcon.colcon_core.package_identification:_identify(src/rabbit_package) by extension 'ros'
[0.968s] DEBUG:colcon.colcon_core.package_identification:Package 'src/rabbit_package' with type 'ros.ament_python' and name 'rabbit_package'
[0.968s] Level 1:colcon.colcon_core.package_discovery:discover_packages(recursive) using defaults
[0.968s] Level 1:colcon.colcon_core.package_discovery:discover_packages(ignore) discover
[0.968s] Level 1:colcon.colcon_core.package_discovery:discover_packages(ignore) using defaults
[0.968s] Level 1:colcon.colcon_core.package_discovery:discover_packages(path) discover
[0.968s] Level 1:colcon.colcon_core.package_discovery:discover_packages(path) using defaults
[1.001s] Level 1:colcon.colcon_core.package_discovery:discover_packages(prefix_path) check parameters
[1.001s] Level 1:colcon.colcon_core.package_discovery:discover_packages(prefix_path) discover
[1.007s] DEBUG:colcon.colcon_installed_package_information.package_discovery:Found 2 installed packages in /home/entity014/ABU_new_ws/install
[1.008s] DEBUG:colcon.colcon_installed_package_information.package_discovery:Found 5 installed packages in /home/entity014/ros2_ws/install
[1.010s] DEBUG:colcon.colcon_installed_package_information.package_discovery:Found 11 installed packages in /home/entity014/abu_ws/install
[1.014s] DEBUG:colcon.colcon_installed_package_information.package_discovery:Found 334 installed packages in /opt/ros/foxy
[1.017s] Level 1:colcon.colcon_core.package_discovery:discover_packages(prefix_path) using defaults
[1.135s] Level 5:colcon.colcon_core.verb:set package 'rabbit_interfaces' build argument 'cmake_args' from command line to 'None'
[1.135s] Level 5:colcon.colcon_core.verb:set package 'rabbit_interfaces' build argument 'cmake_target' from command line to 'None'
[1.135s] Level 5:colcon.colcon_core.verb:set package 'rabbit_interfaces' build argument 'cmake_target_skip_unavailable' from command line to 'False'
[1.135s] Level 5:colcon.colcon_core.verb:set package 'rabbit_interfaces' build argument 'cmake_clean_cache' from command line to 'False'
[1.135s] Level 5:colcon.colcon_core.verb:set package 'rabbit_interfaces' build argument 'cmake_clean_first' from command line to 'False'
[1.135s] Level 5:colcon.colcon_core.verb:set package 'rabbit_interfaces' build argument 'cmake_force_configure' from command line to 'False'
[1.135s] Level 5:colcon.colcon_core.verb:set package 'rabbit_interfaces' build argument 'ament_cmake_args' from command line to 'None'
[1.135s] Level 5:colcon.colcon_core.verb:set package 'rabbit_interfaces' build argument 'catkin_cmake_args' from command line to 'None'
[1.136s] Level 5:colcon.colcon_core.verb:set package 'rabbit_interfaces' build argument 'catkin_skip_building_tests' from command line to 'False'
[1.136s] DEBUG:colcon.colcon_core.verb:Building package 'rabbit_interfaces' with the following arguments: {'ament_cmake_args': None, 'build_base': '/home/entity014/ABU_new_ws/build/rabbit_interfaces', 'catkin_cmake_args': None, 'catkin_skip_building_tests': False, 'cmake_args': None, 'cmake_clean_cache': False, 'cmake_clean_first': False, 'cmake_force_configure': False, 'cmake_target': None, 'cmake_target_skip_unavailable': False, 'install_base': '/home/entity014/ABU_new_ws/install/rabbit_interfaces', 'merge_install': False, 'path': '/home/entity014/ABU_new_ws/src/rabbit_interfaces', 'symlink_install': False, 'test_result_base': None}
[1.137s] Level 5:colcon.colcon_core.verb:set package 'rabbit_package' build argument 'cmake_args' from command line to 'None'
[1.138s] Level 5:colcon.colcon_core.verb:set package 'rabbit_package' build argument 'cmake_target' from command line to 'None'
[1.138s] Level 5:colcon.colcon_core.verb:set package 'rabbit_package' build argument 'cmake_target_skip_unavailable' from command line to 'False'
[1.138s] Level 5:colcon.colcon_core.verb:set package 'rabbit_package' build argument 'cmake_clean_cache' from command line to 'False'
[1.138s] Level 5:colcon.colcon_core.verb:set package 'rabbit_package' build argument 'cmake_clean_first' from command line to 'False'
[1.138s] Level 5:colcon.colcon_core.verb:set package 'rabbit_package' build argument 'cmake_force_configure' from command line to 'False'
[1.138s] Level 5:colcon.colcon_core.verb:set package 'rabbit_package' build argument 'ament_cmake_args' from command line to 'None'
[1.138s] Level 5:colcon.colcon_core.verb:set package 'rabbit_package' build argument 'catkin_cmake_args' from command line to 'None'
[1.138s] Level 5:colcon.colcon_core.verb:set package 'rabbit_package' build argument 'catkin_skip_building_tests' from command line to 'False'
[1.138s] DEBUG:colcon.colcon_core.verb:Building package 'rabbit_package' with the following arguments: {'ament_cmake_args': None, 'build_base': '/home/entity014/ABU_new_ws/build/rabbit_package', 'catkin_cmake_args': None, 'catkin_skip_building_tests': False, 'cmake_args': None, 'cmake_clean_cache': False, 'cmake_clean_first': False, 'cmake_force_configure': False, 'cmake_target': None, 'cmake_target_skip_unavailable': False, 'install_base': '/home/entity014/ABU_new_ws/install/rabbit_package', 'merge_install': False, 'path': '/home/entity014/ABU_new_ws/src/rabbit_package', 'symlink_install': False, 'test_result_base': None}
[1.139s] INFO:colcon.colcon_core.executor:Executing jobs using 'parallel' executor
[1.145s] DEBUG:colcon.colcon_parallel_executor.executor.parallel:run_until_complete
[1.145s] INFO:colcon.colcon_ros.task.ament_cmake.build:Building ROS package in '/home/entity014/ABU_new_ws/src/rabbit_interfaces' with build type 'ament_cmake'
[1.145s] INFO:colcon.colcon_cmake.task.cmake.build:Building CMake package in '/home/entity014/ABU_new_ws/src/rabbit_interfaces'
[1.153s] INFO:colcon.colcon_core.plugin_system:Skipping extension 'colcon_core.shell.bat': Not used on non-Windows systems
[1.153s] INFO:colcon.colcon_core.shell:Skip shell extension 'powershell' for command environment: Not usable outside of PowerShell
[1.153s] DEBUG:colcon.colcon_core.shell:Skip shell extension 'dsv' for command environment
[1.177s] DEBUG:colcon.colcon_core.event_handler.log_command:Invoking command in '/home/entity014/ABU_new_ws/build/rabbit_interfaces': CMAKE_PREFIX_PATH=${CMAKE_PREFIX_PATH}:/home/entity014/ABU_new_ws/install/rabbit_package:/home/entity014/ros2_ws/install/swap_pillar:/home/entity014/abu_ws/install/abu_package:/opt/ros/foxy /home/entity014/.local/bin/cmake --build /home/entity014/ABU_new_ws/build/rabbit_interfaces -- -j8 -l8
[1.304s] DEBUG:colcon.colcon_core.event_handler.log_command:Invoked command in '/home/entity014/ABU_new_ws/build/rabbit_interfaces' returned '2': CMAKE_PREFIX_PATH=${CMAKE_PREFIX_PATH}:/home/entity014/ABU_new_ws/install/rabbit_package:/home/entity014/ros2_ws/install/swap_pillar:/home/entity014/abu_ws/install/abu_package:/opt/ros/foxy /home/entity014/.local/bin/cmake --build /home/entity014/ABU_new_ws/build/rabbit_interfaces -- -j8 -l8
[1.489s] Level 1:colcon.colcon_core.environment:create_environment_scripts_only(rabbit_interfaces)
[1.498s] Level 1:colcon.colcon_core.environment:checking '/home/entity014/ABU_new_ws/install/rabbit_interfaces' for CMake module files
[1.498s] Level 1:colcon.colcon_core.environment:checking '/home/entity014/ABU_new_ws/install/rabbit_interfaces' for CMake config files
[1.499s] Level 1:colcon.colcon_core.shell:create_environment_hook('rabbit_interfaces', 'cmake_prefix_path')
[1.502s] INFO:colcon.colcon_core.shell:Creating environment hook '/home/entity014/ABU_new_ws/install/rabbit_interfaces/share/rabbit_interfaces/hook/cmake_prefix_path.ps1'
[1.503s] INFO:colcon.colcon_core.shell:Creating environment descriptor '/home/entity014/ABU_new_ws/install/rabbit_interfaces/share/rabbit_interfaces/hook/cmake_prefix_path.dsv'
[1.503s] INFO:colcon.colcon_core.shell:Creating environment hook '/home/entity014/ABU_new_ws/install/rabbit_interfaces/share/rabbit_interfaces/hook/cmake_prefix_path.sh'
[1.505s] Level 1:colcon.colcon_core.environment:checking '/home/entity014/ABU_new_ws/install/rabbit_interfaces/lib'
[1.505s] Level 1:colcon.colcon_core.shell:create_environment_hook('rabbit_interfaces', 'ld_library_path_lib')
[1.508s] INFO:colcon.colcon_core.shell:Creating environment hook '/home/entity014/ABU_new_ws/install/rabbit_interfaces/share/rabbit_interfaces/hook/ld_library_path_lib.ps1'
[1.508s] INFO:colcon.colcon_core.shell:Creating environment descriptor '/home/entity014/ABU_new_ws/install/rabbit_interfaces/share/rabbit_interfaces/hook/ld_library_path_lib.dsv'
[1.509s] INFO:colcon.colcon_core.shell:Creating environment hook '/home/entity014/ABU_new_ws/install/rabbit_interfaces/share/rabbit_interfaces/hook/ld_library_path_lib.sh'
[1.509s] Level 1:colcon.colcon_core.environment:checking '/home/entity014/ABU_new_ws/install/rabbit_interfaces/bin'
[1.510s] Level 1:colcon.colcon_core.environment:checking '/home/entity014/ABU_new_ws/install/rabbit_interfaces/lib/pkgconfig/rabbit_interfaces.pc'
[1.510s] Level 1:colcon.colcon_core.environment:checking '/home/entity014/ABU_new_ws/install/rabbit_interfaces/lib/python3.8/site-packages'
[1.510s] Level 1:colcon.colcon_core.shell:create_environment_hook('rabbit_interfaces', 'pythonpath')
[1.512s] INFO:colcon.colcon_core.shell:Creating environment hook '/home/entity014/ABU_new_ws/install/rabbit_interfaces/share/rabbit_interfaces/hook/pythonpath.ps1'
[1.513s] INFO:colcon.colcon_core.shell:Creating environment descriptor '/home/entity014/ABU_new_ws/install/rabbit_interfaces/share/rabbit_interfaces/hook/pythonpath.dsv'
[1.513s] INFO:colcon.colcon_core.shell:Creating environment hook '/home/entity014/ABU_new_ws/install/rabbit_interfaces/share/rabbit_interfaces/hook/pythonpath.sh'
[1.514s] Level 1:colcon.colcon_core.environment:checking '/home/entity014/ABU_new_ws/install/rabbit_interfaces/bin'
[1.516s] INFO:colcon.colcon_core.shell:Creating package script '/home/entity014/ABU_new_ws/install/rabbit_interfaces/share/rabbit_interfaces/package.ps1'
[1.518s] INFO:colcon.colcon_core.shell:Creating package descriptor '/home/entity014/ABU_new_ws/install/rabbit_interfaces/share/rabbit_interfaces/package.dsv'
[1.519s] INFO:colcon.colcon_core.shell:Creating package script '/home/entity014/ABU_new_ws/install/rabbit_interfaces/share/rabbit_interfaces/package.sh'
[1.520s] INFO:colcon.colcon_core.shell:Creating package script '/home/entity014/ABU_new_ws/install/rabbit_interfaces/share/rabbit_interfaces/package.bash'
[1.521s] INFO:colcon.colcon_core.shell:Creating package script '/home/entity014/ABU_new_ws/install/rabbit_interfaces/share/rabbit_interfaces/package.zsh'
[1.522s] Level 1:colcon.colcon_core.environment:create_file_with_runtime_dependencies(/home/entity014/ABU_new_ws/install/rabbit_interfaces/share/colcon-core/packages/rabbit_interfaces)
[1.533s] DEBUG:colcon.colcon_parallel_executor.executor.parallel:closing loop
[1.533s] DEBUG:colcon.colcon_parallel_executor.executor.parallel:loop closed
[1.533s] DEBUG:colcon.colcon_parallel_executor.executor.parallel:run_until_complete finished with '2'
[1.533s] DEBUG:colcon.colcon_core.event_reactor:joining thread
[1.544s] INFO:colcon.colcon_core.plugin_system:Skipping extension 'colcon_notification.desktop_notification.terminal_notifier': Not used on non-Darwin systems
[1.544s] INFO:colcon.colcon_core.plugin_system:Skipping extension 'colcon_notification.desktop_notification.win32': Not used on non-Windows systems
[1.544s] INFO:colcon.colcon_notification.desktop_notification:Sending desktop notification using 'notify2'
[1.563s] DEBUG:colcon.colcon_core.event_reactor:joined thread
[1.567s] INFO:colcon.colcon_core.shell:Creating prefix script '/home/entity014/ABU_new_ws/install/local_setup.ps1'
[1.569s] INFO:colcon.colcon_core.shell:Creating prefix util module '/home/entity014/ABU_new_ws/install/_local_setup_util_ps1.py'
[1.572s] INFO:colcon.colcon_core.shell:Creating prefix chain script '/home/entity014/ABU_new_ws/install/setup.ps1'
[1.577s] INFO:colcon.colcon_core.shell:Creating prefix script '/home/entity014/ABU_new_ws/install/local_setup.sh'
[1.578s] INFO:colcon.colcon_core.shell:Creating prefix util module '/home/entity014/ABU_new_ws/install/_local_setup_util_sh.py'
[1.579s] INFO:colcon.colcon_core.shell:Creating prefix chain script '/home/entity014/ABU_new_ws/install/setup.sh'
[1.585s] INFO:colcon.colcon_core.shell:Creating prefix script '/home/entity014/ABU_new_ws/install/local_setup.bash'
[1.586s] INFO:colcon.colcon_core.shell:Creating prefix chain script '/home/entity014/ABU_new_ws/install/setup.bash'
[1.590s] INFO:colcon.colcon_core.shell:Creating prefix script '/home/entity014/ABU_new_ws/install/local_setup.zsh'
[1.591s] INFO:colcon.colcon_core.shell:Creating prefix chain script '/home/entity014/ABU_new_ws/install/setup.zsh'
