[1.181s] Invoking command in '/home/entity014/ABU_new_ws/src/rabbit_package': PYTHONPATH=/home/entity014/ABU_new_ws/build/rabbit_package/prefix_override:/home/entity014/ABU_new_ws/install/rabbit_package/lib/python3.8/site-packages:/home/entity014/ABU_new_ws/install/rabbit_interfaces/lib/python3.8/site-packages:/home/entity014/ABU_new_ws/install/rabbit_package/lib/python3.8/site-packages:/home/entity014/ros2_ws/install/swap_pillar/lib/python3.8/site-packages:/home/entity014/ros2_ws/install/micro_ros_msgs/lib/python3.8/site-packages:/home/entity014/ros2_ws/install/drive_base_msgs/lib/python3.8/site-packages:/home/entity014/abu_ws/install/wiimote_msgs/lib/python3.8/site-packages:/home/entity014/abu_ws/install/micro_ros_msgs/lib/python3.8/site-packages:/home/entity014/abu_ws/install/drive_base_msgs/lib/python3.8/site-packages:/home/entity014/abu_ws/install/abu_package/lib/python3.8/site-packages:/opt/ros/foxy/lib/python3.8/site-packages /usr/bin/python3 setup.py egg_info --egg-base ../../build/rabbit_package build --build-base /home/entity014/ABU_new_ws/build/rabbit_package/build install --record /home/entity014/ABU_new_ws/build/rabbit_package/install.log --install-scripts $base/lib/rabbit_package --single-version-externally-managed
[1.607s] running egg_info
[1.608s] writing ../../build/rabbit_package/rabbit_package.egg-info/PKG-INFO
[1.608s] writing dependency_links to ../../build/rabbit_package/rabbit_package.egg-info/dependency_links.txt
[1.609s] writing entry points to ../../build/rabbit_package/rabbit_package.egg-info/entry_points.txt
[1.610s] writing requirements to ../../build/rabbit_package/rabbit_package.egg-info/requires.txt
[1.610s] writing top-level names to ../../build/rabbit_package/rabbit_package.egg-info/top_level.txt
[1.693s] reading manifest file '../../build/rabbit_package/rabbit_package.egg-info/SOURCES.txt'
[1.696s] writing manifest file '../../build/rabbit_package/rabbit_package.egg-info/SOURCES.txt'
[1.696s] running build
[1.696s] running build_py
[1.697s] copying rabbit_package/terminal.py -> /home/entity014/ABU_new_ws/build/rabbit_package/build/lib/rabbit_package
[1.697s] running install
[1.699s] running install_lib
[1.701s] copying /home/entity014/ABU_new_ws/build/rabbit_package/build/lib/rabbit_package/terminal.py -> /home/entity014/ABU_new_ws/install/rabbit_package/lib/python3.8/site-packages/rabbit_package
[1.703s] byte-compiling /home/entity014/ABU_new_ws/install/rabbit_package/lib/python3.8/site-packages/rabbit_package/terminal.py to terminal.cpython-38.pyc
[1.706s] running install_data
[1.707s] running install_egg_info
[1.709s] removing '/home/entity014/ABU_new_ws/install/rabbit_package/lib/python3.8/site-packages/rabbit_package-0.0.0-py3.8.egg-info' (and everything under it)
[1.709s] Copying ../../build/rabbit_package/rabbit_package.egg-info to /home/entity014/ABU_new_ws/install/rabbit_package/lib/python3.8/site-packages/rabbit_package-0.0.0-py3.8.egg-info
[1.711s] running install_scripts
[1.735s] Installing camera_node script to /home/entity014/ABU_new_ws/install/rabbit_package/lib/rabbit_package
[1.735s] Installing command_node script to /home/entity014/ABU_new_ws/install/rabbit_package/lib/rabbit_package
[1.735s] Installing controller_node script to /home/entity014/ABU_new_ws/install/rabbit_package/lib/rabbit_package
[1.735s] Installing drive_node script to /home/entity014/ABU_new_ws/install/rabbit_package/lib/rabbit_package
[1.736s] Installing joyCon_node script to /home/entity014/ABU_new_ws/install/rabbit_package/lib/rabbit_package
[1.736s] Installing terminal_node script to /home/entity014/ABU_new_ws/install/rabbit_package/lib/rabbit_package
[1.736s] writing list of installed files to '/home/entity014/ABU_new_ws/build/rabbit_package/install.log'
[1.766s] Invoked command in '/home/entity014/ABU_new_ws/src/rabbit_package' returned '0': PYTHONPATH=/home/entity014/ABU_new_ws/build/rabbit_package/prefix_override:/home/entity014/ABU_new_ws/install/rabbit_package/lib/python3.8/site-packages:/home/entity014/ABU_new_ws/install/rabbit_interfaces/lib/python3.8/site-packages:/home/entity014/ABU_new_ws/install/rabbit_package/lib/python3.8/site-packages:/home/entity014/ros2_ws/install/swap_pillar/lib/python3.8/site-packages:/home/entity014/ros2_ws/install/micro_ros_msgs/lib/python3.8/site-packages:/home/entity014/ros2_ws/install/drive_base_msgs/lib/python3.8/site-packages:/home/entity014/abu_ws/install/wiimote_msgs/lib/python3.8/site-packages:/home/entity014/abu_ws/install/micro_ros_msgs/lib/python3.8/site-packages:/home/entity014/abu_ws/install/drive_base_msgs/lib/python3.8/site-packages:/home/entity014/abu_ws/install/abu_package/lib/python3.8/site-packages:/opt/ros/foxy/lib/python3.8/site-packages /usr/bin/python3 setup.py egg_info --egg-base ../../build/rabbit_package build --build-base /home/entity014/ABU_new_ws/build/rabbit_package/build install --record /home/entity014/ABU_new_ws/build/rabbit_package/install.log --install-scripts $base/lib/rabbit_package --single-version-externally-managed
