[1.178s] Invoking command in '/home/entity014/ABU_new_ws/src/rabbit_package': PYTHONPATH=/home/entity014/ABU_new_ws/build/rabbit_package/prefix_override:/home/entity014/ABU_new_ws/install/rabbit_package/lib/python3.8/site-packages:${PYTHONPATH} /usr/bin/python3 setup.py egg_info --egg-base ../../build/rabbit_package build --build-base /home/entity014/ABU_new_ws/build/rabbit_package/build install --record /home/entity014/ABU_new_ws/build/rabbit_package/install.log --install-scripts $base/lib/rabbit_package --single-version-externally-managed
[1.591s] running egg_info
[1.591s] writing ../../build/rabbit_package/rabbit_package.egg-info/PKG-INFO
[1.592s] writing dependency_links to ../../build/rabbit_package/rabbit_package.egg-info/dependency_links.txt
[1.592s] writing entry points to ../../build/rabbit_package/rabbit_package.egg-info/entry_points.txt
[1.593s] writing requirements to ../../build/rabbit_package/rabbit_package.egg-info/requires.txt
[1.593s] writing top-level names to ../../build/rabbit_package/rabbit_package.egg-info/top_level.txt
[1.647s] reading manifest file '../../build/rabbit_package/rabbit_package.egg-info/SOURCES.txt'
[1.649s] writing manifest file '../../build/rabbit_package/rabbit_package.egg-info/SOURCES.txt'
[1.649s] running build
[1.649s] running build_py
[1.649s] copying rabbit_package/command.py -> /home/entity014/ABU_new_ws/build/rabbit_package/build/lib/rabbit_package
[1.650s] running install
[1.652s] running install_lib
[1.653s] copying /home/entity014/ABU_new_ws/build/rabbit_package/build/lib/rabbit_package/command.py -> /home/entity014/ABU_new_ws/install/rabbit_package/lib/python3.8/site-packages/rabbit_package
[1.655s] byte-compiling /home/entity014/ABU_new_ws/install/rabbit_package/lib/python3.8/site-packages/rabbit_package/command.py to command.cpython-38.pyc
[1.659s] running install_data
[1.660s] running install_egg_info
[1.662s] removing '/home/entity014/ABU_new_ws/install/rabbit_package/lib/python3.8/site-packages/rabbit_package-0.0.0-py3.8.egg-info' (and everything under it)
[1.663s] Copying ../../build/rabbit_package/rabbit_package.egg-info to /home/entity014/ABU_new_ws/install/rabbit_package/lib/python3.8/site-packages/rabbit_package-0.0.0-py3.8.egg-info
[1.664s] running install_scripts
[1.692s] Installing command_node script to /home/entity014/ABU_new_ws/install/rabbit_package/lib/rabbit_package
[1.693s] Installing controller_node script to /home/entity014/ABU_new_ws/install/rabbit_package/lib/rabbit_package
[1.693s] Installing drive_node script to /home/entity014/ABU_new_ws/install/rabbit_package/lib/rabbit_package
[1.693s] Installing joyCon_node script to /home/entity014/ABU_new_ws/install/rabbit_package/lib/rabbit_package
[1.694s] writing list of installed files to '/home/entity014/ABU_new_ws/build/rabbit_package/install.log'
[1.748s] Invoked command in '/home/entity014/ABU_new_ws/src/rabbit_package' returned '0': PYTHONPATH=/home/entity014/ABU_new_ws/build/rabbit_package/prefix_override:/home/entity014/ABU_new_ws/install/rabbit_package/lib/python3.8/site-packages:${PYTHONPATH} /usr/bin/python3 setup.py egg_info --egg-base ../../build/rabbit_package build --build-base /home/entity014/ABU_new_ws/build/rabbit_package/build install --record /home/entity014/ABU_new_ws/build/rabbit_package/install.log --install-scripts $base/lib/rabbit_package --single-version-externally-managed
