[0.831s] DEBUG:colcon:Command line arguments: ['/usr/bin/colcon', 'list', '-p', '--base-paths', '/home/entity014/ABU_new_ws']
[0.831s] DEBUG:colcon:Parsed command line arguments: Namespace(allow_overriding=[], base_paths=['/home/entity014/ABU_new_ws'], build_base='build', ignore_user_meta=False, log_base=None, log_level=None, main=<bound method ListVerb.main of <colcon_package_information.verb.list.ListVerb object at 0x7fa04af89700>>, metas=['./colcon.meta'], names_only=False, packages_above=None, packages_above_and_dependencies=None, packages_above_depth=None, packages_end=None, packages_ignore=None, packages_ignore_regex=None, packages_select=None, packages_select_build_failed=False, packages_select_by_dep=None, packages_select_regex=None, packages_select_test_failures=False, packages_skip=None, packages_skip_build_finished=False, packages_skip_by_dep=None, packages_skip_regex=None, packages_skip_test_passed=False, packages_skip_up_to=None, packages_start=None, packages_up_to=None, packages_up_to_regex=None, paths=None, paths_only=True, topological_graph=False, topological_graph_density=False, topological_graph_dot=False, topological_graph_dot_cluster=False, topological_graph_dot_include_skipped=False, topological_graph_legend=False, topological_order=False, verb_extension=<colcon_package_information.verb.list.ListVerb object at 0x7fa04af89700>, verb_name='list', verb_parser=<colcon_defaults.argument_parser.defaults.DefaultArgumentsDecorator object at 0x7fa04aece760>)
[0.890s] Level 1:colcon.colcon_core.package_discovery:discover_packages(colcon_meta) check parameters
[0.890s] Level 1:colcon.colcon_core.package_discovery:discover_packages(recursive) check parameters
[0.890s] Level 1:colcon.colcon_core.package_discovery:discover_packages(ignore) check parameters
[0.890s] Level 1:colcon.colcon_core.package_discovery:discover_packages(path) check parameters
[0.890s] Level 1:colcon.colcon_core.package_discovery:discover_packages(recursive) discover
[0.891s] INFO:colcon.colcon_core.package_discovery:Crawling recursively for packages in '/home/entity014/ABU_new_ws'
[0.891s] Level 1:colcon.colcon_core.package_identification:_identify(/home/entity014/ABU_new_ws) by extensions ['ignore', 'ignore_ament_install']
[0.891s] Level 1:colcon.colcon_core.package_identification:_identify(/home/entity014/ABU_new_ws) by extension 'ignore'
[0.891s] Level 1:colcon.colcon_core.package_identification:_identify(/home/entity014/ABU_new_ws) by extension 'ignore_ament_install'
[0.891s] Level 1:colcon.colcon_core.package_identification:_identify(/home/entity014/ABU_new_ws) by extensions ['colcon_pkg']
[0.891s] Level 1:colcon.colcon_core.package_identification:_identify(/home/entity014/ABU_new_ws) by extension 'colcon_pkg'
[0.892s] Level 1:colcon.colcon_core.package_identification:_identify(/home/entity014/ABU_new_ws) by extensions ['colcon_meta']
[0.892s] Level 1:colcon.colcon_core.package_identification:_identify(/home/entity014/ABU_new_ws) by extension 'colcon_meta'
[0.892s] Level 1:colcon.colcon_core.package_identification:_identify(/home/entity014/ABU_new_ws) by extensions ['ros']
[0.892s] Level 1:colcon.colcon_core.package_identification:_identify(/home/entity014/ABU_new_ws) by extension 'ros'
[0.948s] Level 1:colcon.colcon_core.package_identification:_identify(/home/entity014/ABU_new_ws) by extensions ['cmake', 'python']
[0.948s] Level 1:colcon.colcon_core.package_identification:_identify(/home/entity014/ABU_new_ws) by extension 'cmake'
[0.948s] Level 1:colcon.colcon_core.package_identification:_identify(/home/entity014/ABU_new_ws) by extension 'python'
[0.948s] Level 1:colcon.colcon_core.package_identification:_identify(/home/entity014/ABU_new_ws) by extensions ['python_setup_py']
[0.949s] Level 1:colcon.colcon_core.package_identification:_identify(/home/entity014/ABU_new_ws) by extension 'python_setup_py'
[0.949s] Level 1:colcon.colcon_core.package_identification:_identify(/home/entity014/ABU_new_ws/build) by extensions ['ignore', 'ignore_ament_install']
[0.949s] Level 1:colcon.colcon_core.package_identification:_identify(/home/entity014/ABU_new_ws/build) by extension 'ignore'
[0.949s] Level 1:colcon.colcon_core.package_identification:_identify(/home/entity014/ABU_new_ws/build) ignored
[0.949s] Level 1:colcon.colcon_core.package_identification:_identify(/home/entity014/ABU_new_ws/install) by extensions ['ignore', 'ignore_ament_install']
[0.950s] Level 1:colcon.colcon_core.package_identification:_identify(/home/entity014/ABU_new_ws/install) by extension 'ignore'
[0.950s] Level 1:colcon.colcon_core.package_identification:_identify(/home/entity014/ABU_new_ws/install) ignored
[0.950s] Level 1:colcon.colcon_core.package_identification:_identify(/home/entity014/ABU_new_ws/log) by extensions ['ignore', 'ignore_ament_install']
[0.950s] Level 1:colcon.colcon_core.package_identification:_identify(/home/entity014/ABU_new_ws/log) by extension 'ignore'
[0.950s] Level 1:colcon.colcon_core.package_identification:_identify(/home/entity014/ABU_new_ws/log) ignored
[0.951s] Level 1:colcon.colcon_core.package_identification:_identify(/home/entity014/ABU_new_ws/src) by extensions ['ignore', 'ignore_ament_install']
[0.951s] Level 1:colcon.colcon_core.package_identification:_identify(/home/entity014/ABU_new_ws/src) by extension 'ignore'
[0.951s] Level 1:colcon.colcon_core.package_identification:_identify(/home/entity014/ABU_new_ws/src) by extension 'ignore_ament_install'
[0.951s] Level 1:colcon.colcon_core.package_identification:_identify(/home/entity014/ABU_new_ws/src) by extensions ['colcon_pkg']
[0.951s] Level 1:colcon.colcon_core.package_identification:_identify(/home/entity014/ABU_new_ws/src) by extension 'colcon_pkg'
[0.951s] Level 1:colcon.colcon_core.package_identification:_identify(/home/entity014/ABU_new_ws/src) by extensions ['colcon_meta']
[0.951s] Level 1:colcon.colcon_core.package_identification:_identify(/home/entity014/ABU_new_ws/src) by extension 'colcon_meta'
[0.951s] Level 1:colcon.colcon_core.package_identification:_identify(/home/entity014/ABU_new_ws/src) by extensions ['ros']
[0.952s] Level 1:colcon.colcon_core.package_identification:_identify(/home/entity014/ABU_new_ws/src) by extension 'ros'
[0.952s] Level 1:colcon.colcon_core.package_identification:_identify(/home/entity014/ABU_new_ws/src) by extensions ['cmake', 'python']
[0.952s] Level 1:colcon.colcon_core.package_identification:_identify(/home/entity014/ABU_new_ws/src) by extension 'cmake'
[0.952s] Level 1:colcon.colcon_core.package_identification:_identify(/home/entity014/ABU_new_ws/src) by extension 'python'
[0.952s] Level 1:colcon.colcon_core.package_identification:_identify(/home/entity014/ABU_new_ws/src) by extensions ['python_setup_py']
[0.952s] Level 1:colcon.colcon_core.package_identification:_identify(/home/entity014/ABU_new_ws/src) by extension 'python_setup_py'
[0.952s] Level 1:colcon.colcon_core.package_identification:_identify(/home/entity014/ABU_new_ws/src/rabbit_interfaces) by extensions ['ignore', 'ignore_ament_install']
[0.953s] Level 1:colcon.colcon_core.package_identification:_identify(/home/entity014/ABU_new_ws/src/rabbit_interfaces) by extension 'ignore'
[0.953s] Level 1:colcon.colcon_core.package_identification:_identify(/home/entity014/ABU_new_ws/src/rabbit_interfaces) by extension 'ignore_ament_install'
[0.953s] Level 1:colcon.colcon_core.package_identification:_identify(/home/entity014/ABU_new_ws/src/rabbit_interfaces) by extensions ['colcon_pkg']
[0.953s] Level 1:colcon.colcon_core.package_identification:_identify(/home/entity014/ABU_new_ws/src/rabbit_interfaces) by extension 'colcon_pkg'
[0.953s] Level 1:colcon.colcon_core.package_identification:_identify(/home/entity014/ABU_new_ws/src/rabbit_interfaces) by extensions ['colcon_meta']
[0.953s] Level 1:colcon.colcon_core.package_identification:_identify(/home/entity014/ABU_new_ws/src/rabbit_interfaces) by extension 'colcon_meta'
[0.953s] Level 1:colcon.colcon_core.package_identification:_identify(/home/entity014/ABU_new_ws/src/rabbit_interfaces) by extensions ['ros']
[0.953s] Level 1:colcon.colcon_core.package_identification:_identify(/home/entity014/ABU_new_ws/src/rabbit_interfaces) by extension 'ros'
[0.958s] DEBUG:colcon.colcon_core.package_identification:Package '/home/entity014/ABU_new_ws/src/rabbit_interfaces' with type 'ros.ament_cmake' and name 'rabbit_interfaces'
[0.958s] Level 1:colcon.colcon_core.package_identification:_identify(/home/entity014/ABU_new_ws/src/rabbit_package) by extensions ['ignore', 'ignore_ament_install']
[0.959s] Level 1:colcon.colcon_core.package_identification:_identify(/home/entity014/ABU_new_ws/src/rabbit_package) by extension 'ignore'
[0.959s] Level 1:colcon.colcon_core.package_identification:_identify(/home/entity014/ABU_new_ws/src/rabbit_package) by extension 'ignore_ament_install'
[0.959s] Level 1:colcon.colcon_core.package_identification:_identify(/home/entity014/ABU_new_ws/src/rabbit_package) by extensions ['colcon_pkg']
[0.959s] Level 1:colcon.colcon_core.package_identification:_identify(/home/entity014/ABU_new_ws/src/rabbit_package) by extension 'colcon_pkg'
[0.959s] Level 1:colcon.colcon_core.package_identification:_identify(/home/entity014/ABU_new_ws/src/rabbit_package) by extensions ['colcon_meta']
[0.959s] Level 1:colcon.colcon_core.package_identification:_identify(/home/entity014/ABU_new_ws/src/rabbit_package) by extension 'colcon_meta'
[0.959s] Level 1:colcon.colcon_core.package_identification:_identify(/home/entity014/ABU_new_ws/src/rabbit_package) by extensions ['ros']
[0.959s] Level 1:colcon.colcon_core.package_identification:_identify(/home/entity014/ABU_new_ws/src/rabbit_package) by extension 'ros'
[0.961s] DEBUG:colcon.colcon_core.package_identification:Package '/home/entity014/ABU_new_ws/src/rabbit_package' with type 'ros.ament_python' and name 'rabbit_package'
[0.961s] Level 1:colcon.colcon_core.package_discovery:discover_packages(recursive) using defaults
