[0.580s] DEBUG:colcon:Command line arguments: ['/usr/bin/colcon', 'build']
[0.580s] DEBUG:colcon:Parsed command line arguments: Namespace(allow_overriding=[], ament_cmake_args=None, base_paths=['.'], build_base='build', catkin_cmake_args=None, catkin_skip_building_tests=False, cmake_args=None, cmake_clean_cache=False, cmake_clean_first=False, cmake_force_configure=False, cmake_target=None, cmake_target_skip_unavailable=False, continue_on_error=False, event_handlers=None, executor='parallel', ignore_user_meta=False, install_base='install', log_base=None, log_level=None, main=<bound method BuildVerb.main of <colcon_core.verb.build.BuildVerb object at 0x7fb38f6996a0>>, merge_install=False, metas=['./colcon.meta'], packages_above=None, packages_above_and_dependencies=None, packages_above_depth=None, packages_end=None, packages_ignore=None, packages_ignore_regex=None, packages_select=None, packages_select_build_failed=False, packages_select_by_dep=None, packages_select_regex=None, packages_select_test_failures=False, packages_skip=None, packages_skip_build_finished=False, packages_skip_by_dep=None, packages_skip_regex=None, packages_skip_test_passed=False, packages_skip_up_to=None, packages_start=None, packages_up_to=None, packages_up_to_regex=None, parallel_workers=8, paths=None, symlink_install=False, test_result_base=None, verb_extension=<colcon_core.verb.build.BuildVerb object at 0x7fb38f6996a0>, verb_name='build', verb_parser=<colcon_defaults.argument_parser.defaults.DefaultArgumentsDecorator object at 0x7fb38f699be0>)
[0.670s] Level 1:colcon.colcon_core.package_discovery:discover_packages(colcon_meta) check parameters
[0.670s] Level 1:colcon.colcon_core.package_discovery:discover_packages(recursive) check parameters
[0.670s] Level 1:colcon.colcon_core.package_discovery:discover_packages(ignore) check parameters
[0.670s] Level 1:colcon.colcon_core.package_discovery:discover_packages(path) check parameters
[0.671s] Level 1:colcon.colcon_core.package_discovery:discover_packages(colcon_meta) discover
[0.671s] Level 1:colcon.colcon_core.package_discovery:discover_packages(recursive) discover
[0.671s] INFO:colcon.colcon_core.package_discovery:Crawling recursively for packages in '/home/entity014/ABU_new_ws'
[0.671s] Level 1:colcon.colcon_core.package_identification:_identify(.) by extensions ['ignore', 'ignore_ament_install']
[0.671s] Level 1:colcon.colcon_core.package_identification:_identify(.) by extension 'ignore'
[0.671s] Level 1:colcon.colcon_core.package_identification:_identify(.) by extension 'ignore_ament_install'
[0.671s] Level 1:colcon.colcon_core.package_identification:_identify(.) by extensions ['colcon_pkg']
[0.671s] Level 1:colcon.colcon_core.package_identification:_identify(.) by extension 'colcon_pkg'
[0.671s] Level 1:colcon.colcon_core.package_identification:_identify(.) by extensions ['colcon_meta']
[0.671s] Level 1:colcon.colcon_core.package_identification:_identify(.) by extension 'colcon_meta'
[0.672s] Level 1:colcon.colcon_core.package_identification:_identify(.) by extensions ['ros']
[0.672s] Level 1:colcon.colcon_core.package_identification:_identify(.) by extension 'ros'
[0.714s] Level 1:colcon.colcon_core.package_identification:_identify(.) by extensions ['cmake', 'python']
[0.714s] Level 1:colcon.colcon_core.package_identification:_identify(.) by extension 'cmake'
[0.714s] Level 1:colcon.colcon_core.package_identification:_identify(.) by extension 'python'
[0.714s] Level 1:colcon.colcon_core.package_identification:_identify(.) by extensions ['python_setup_py']
[0.715s] Level 1:colcon.colcon_core.package_identification:_identify(.) by extension 'python_setup_py'
[0.715s] Level 1:colcon.colcon_core.package_identification:_identify(build) by extensions ['ignore', 'ignore_ament_install']
[0.715s] Level 1:colcon.colcon_core.package_identification:_identify(build) by extension 'ignore'
[0.715s] Level 1:colcon.colcon_core.package_identification:_identify(build) ignored
[0.715s] Level 1:colcon.colcon_core.package_identification:_identify(install) by extensions ['ignore', 'ignore_ament_install']
[0.716s] Level 1:colcon.colcon_core.package_identification:_identify(install) by extension 'ignore'
[0.716s] Level 1:colcon.colcon_core.package_identification:_identify(install) ignored
[0.716s] Level 1:colcon.colcon_core.package_identification:_identify(log) by extensions ['ignore', 'ignore_ament_install']
[0.716s] Level 1:colcon.colcon_core.package_identification:_identify(log) by extension 'ignore'
[0.716s] Level 1:colcon.colcon_core.package_identification:_identify(log) ignored
[0.717s] Level 1:colcon.colcon_core.package_identification:_identify(src) by extensions ['ignore', 'ignore_ament_install']
[0.717s] Level 1:colcon.colcon_core.package_identification:_identify(src) by extension 'ignore'
[0.717s] Level 1:colcon.colcon_core.package_identification:_identify(src) by extension 'ignore_ament_install'
[0.717s] Level 1:colcon.colcon_core.package_identification:_identify(src) by extensions ['colcon_pkg']
[0.717s] Level 1:colcon.colcon_core.package_identification:_identify(src) by extension 'colcon_pkg'
[0.717s] Level 1:colcon.colcon_core.package_identification:_identify(src) by extensions ['colcon_meta']
[0.717s] Level 1:colcon.colcon_core.package_identification:_identify(src) by extension 'colcon_meta'
[0.718s] Level 1:colcon.colcon_core.package_identification:_identify(src) by extensions ['ros']
[0.718s] Level 1:colcon.colcon_core.package_identification:_identify(src) by extension 'ros'
[0.718s] Level 1:colcon.colcon_core.package_identification:_identify(src) by extensions ['cmake', 'python']
[0.718s] Level 1:colcon.colcon_core.package_identification:_identify(src) by extension 'cmake'
[0.718s] Level 1:colcon.colcon_core.package_identification:_identify(src) by extension 'python'
[0.718s] Level 1:colcon.colcon_core.package_identification:_identify(src) by extensions ['python_setup_py']
[0.718s] Level 1:colcon.colcon_core.package_identification:_identify(src) by extension 'python_setup_py'
[0.719s] Level 1:colcon.colcon_core.package_identification:_identify(src/rabbit_interfaces) by extensions ['ignore', 'ignore_ament_install']
[0.719s] Level 1:colcon.colcon_core.package_identification:_identify(src/rabbit_interfaces) by extension 'ignore'
[0.719s] Level 1:colcon.colcon_core.package_identification:_identify(src/rabbit_interfaces) by extension 'ignore_ament_install'
[0.719s] Level 1:colcon.colcon_core.package_identification:_identify(src/rabbit_interfaces) by extensions ['colcon_pkg']
[0.719s] Level 1:colcon.colcon_core.package_identification:_identify(src/rabbit_interfaces) by extension 'colcon_pkg'
[0.719s] Level 1:colcon.colcon_core.package_identification:_identify(src/rabbit_interfaces) by extensions ['colcon_meta']
[0.719s] Level 1:colcon.colcon_core.package_identification:_identify(src/rabbit_interfaces) by extension 'colcon_meta'
[0.719s] Level 1:colcon.colcon_core.package_identification:_identify(src/rabbit_interfaces) by extensions ['ros']
[0.720s] Level 1:colcon.colcon_core.package_identification:_identify(src/rabbit_interfaces) by extension 'ros'
[0.724s] DEBUG:colcon.colcon_core.package_identification:Package 'src/rabbit_interfaces' with type 'ros.ament_cmake' and name 'rabbit_interfaces'
[0.724s] Level 1:colcon.colcon_core.package_identification:_identify(src/rabbit_package) by extensions ['ignore', 'ignore_ament_install']
[0.724s] Level 1:colcon.colcon_core.package_identification:_identify(src/rabbit_package) by extension 'ignore'
[0.724s] Level 1:colcon.colcon_core.package_identification:_identify(src/rabbit_package) by extension 'ignore_ament_install'
[0.724s] Level 1:colcon.colcon_core.package_identification:_identify(src/rabbit_package) by extensions ['colcon_pkg']
[0.724s] Level 1:colcon.colcon_core.package_identification:_identify(src/rabbit_package) by extension 'colcon_pkg'
[0.724s] Level 1:colcon.colcon_core.package_identification:_identify(src/rabbit_package) by extensions ['colcon_meta']
[0.724s] Level 1:colcon.colcon_core.package_identification:_identify(src/rabbit_package) by extension 'colcon_meta'
[0.725s] Level 1:colcon.colcon_core.package_identification:_identify(src/rabbit_package) by extensions ['ros']
[0.725s] Level 1:colcon.colcon_core.package_identification:_identify(src/rabbit_package) by extension 'ros'
[0.726s] DEBUG:colcon.colcon_core.package_identification:Package 'src/rabbit_package' with type 'ros.ament_python' and name 'rabbit_package'
[0.726s] Level 1:colcon.colcon_core.package_discovery:discover_packages(recursive) using defaults
[0.726s] Level 1:colcon.colcon_core.package_discovery:discover_packages(ignore) discover
[0.726s] Level 1:colcon.colcon_core.package_discovery:discover_packages(ignore) using defaults
[0.726s] Level 1:colcon.colcon_core.package_discovery:discover_packages(path) discover
[0.726s] Level 1:colcon.colcon_core.package_discovery:discover_packages(path) using defaults
[0.767s] Level 1:colcon.colcon_core.package_discovery:discover_packages(prefix_path) check parameters
[0.767s] Level 1:colcon.colcon_core.package_discovery:discover_packages(prefix_path) discover
[0.773s] DEBUG:colcon.colcon_installed_package_information.package_discovery:Found 2 installed packages in /home/entity014/ABU_new_ws/install
[0.774s] DEBUG:colcon.colcon_installed_package_information.package_discovery:Found 5 installed packages in /home/entity014/ros2_ws/install
[0.776s] DEBUG:colcon.colcon_installed_package_information.package_discovery:Found 11 installed packages in /home/entity014/abu_ws/install
[0.780s] DEBUG:colcon.colcon_installed_package_information.package_discovery:Found 334 installed packages in /opt/ros/foxy
[0.783s] Level 1:colcon.colcon_core.package_discovery:discover_packages(prefix_path) using defaults
[0.917s] Level 5:colcon.colcon_core.verb:set package 'rabbit_interfaces' build argument 'cmake_args' from command line to 'None'
[0.917s] Level 5:colcon.colcon_core.verb:set package 'rabbit_interfaces' build argument 'cmake_target' from command line to 'None'
[0.917s] Level 5:colcon.colcon_core.verb:set package 'rabbit_interfaces' build argument 'cmake_target_skip_unavailable' from command line to 'False'
[0.917s] Level 5:colcon.colcon_core.verb:set package 'rabbit_interfaces' build argument 'cmake_clean_cache' from command line to 'False'
[0.917s] Level 5:colcon.colcon_core.verb:set package 'rabbit_interfaces' build argument 'cmake_clean_first' from command line to 'False'
[0.917s] Level 5:colcon.colcon_core.verb:set package 'rabbit_interfaces' build argument 'cmake_force_configure' from command line to 'False'
[0.917s] Level 5:colcon.colcon_core.verb:set package 'rabbit_interfaces' build argument 'ament_cmake_args' from command line to 'None'
[0.917s] Level 5:colcon.colcon_core.verb:set package 'rabbit_interfaces' build argument 'catkin_cmake_args' from command line to 'None'
[0.917s] Level 5:colcon.colcon_core.verb:set package 'rabbit_interfaces' build argument 'catkin_skip_building_tests' from command line to 'False'
[0.917s] DEBUG:colcon.colcon_core.verb:Building package 'rabbit_interfaces' with the following arguments: {'ament_cmake_args': None, 'build_base': '/home/entity014/ABU_new_ws/build/rabbit_interfaces', 'catkin_cmake_args': None, 'catkin_skip_building_tests': False, 'cmake_args': None, 'cmake_clean_cache': False, 'cmake_clean_first': False, 'cmake_force_configure': False, 'cmake_target': None, 'cmake_target_skip_unavailable': False, 'install_base': '/home/entity014/ABU_new_ws/install/rabbit_interfaces', 'merge_install': False, 'path': '/home/entity014/ABU_new_ws/src/rabbit_interfaces', 'symlink_install': False, 'test_result_base': None}
[0.919s] Level 5:colcon.colcon_core.verb:set package 'rabbit_package' build argument 'cmake_args' from command line to 'None'
[0.919s] Level 5:colcon.colcon_core.verb:set package 'rabbit_package' build argument 'cmake_target' from command line to 'None'
[0.919s] Level 5:colcon.colcon_core.verb:set package 'rabbit_package' build argument 'cmake_target_skip_unavailable' from command line to 'False'
[0.919s] Level 5:colcon.colcon_core.verb:set package 'rabbit_package' build argument 'cmake_clean_cache' from command line to 'False'
[0.919s] Level 5:colcon.colcon_core.verb:set package 'rabbit_package' build argument 'cmake_clean_first' from command line to 'False'
[0.919s] Level 5:colcon.colcon_core.verb:set package 'rabbit_package' build argument 'cmake_force_configure' from command line to 'False'
[0.919s] Level 5:colcon.colcon_core.verb:set package 'rabbit_package' build argument 'ament_cmake_args' from command line to 'None'
[0.919s] Level 5:colcon.colcon_core.verb:set package 'rabbit_package' build argument 'catkin_cmake_args' from command line to 'None'
[0.919s] Level 5:colcon.colcon_core.verb:set package 'rabbit_package' build argument 'catkin_skip_building_tests' from command line to 'False'
[0.919s] DEBUG:colcon.colcon_core.verb:Building package 'rabbit_package' with the following arguments: {'ament_cmake_args': None, 'build_base': '/home/entity014/ABU_new_ws/build/rabbit_package', 'catkin_cmake_args': None, 'catkin_skip_building_tests': False, 'cmake_args': None, 'cmake_clean_cache': False, 'cmake_clean_first': False, 'cmake_force_configure': False, 'cmake_target': None, 'cmake_target_skip_unavailable': False, 'install_base': '/home/entity014/ABU_new_ws/install/rabbit_package', 'merge_install': False, 'path': '/home/entity014/ABU_new_ws/src/rabbit_package', 'symlink_install': False, 'test_result_base': None}
[0.921s] INFO:colcon.colcon_core.executor:Executing jobs using 'parallel' executor
[0.926s] DEBUG:colcon.colcon_parallel_executor.executor.parallel:run_until_complete
[0.926s] INFO:colcon.colcon_ros.task.ament_cmake.build:Building ROS package in '/home/entity014/ABU_new_ws/src/rabbit_interfaces' with build type 'ament_cmake'
[0.926s] INFO:colcon.colcon_cmake.task.cmake.build:Building CMake package in '/home/entity014/ABU_new_ws/src/rabbit_interfaces'
[0.934s] INFO:colcon.colcon_core.plugin_system:Skipping extension 'colcon_core.shell.bat': Not used on non-Windows systems
[0.934s] INFO:colcon.colcon_core.shell:Skip shell extension 'powershell' for command environment: Not usable outside of PowerShell
[0.934s] DEBUG:colcon.colcon_core.shell:Skip shell extension 'dsv' for command environment
[0.957s] DEBUG:colcon.colcon_core.event_handler.log_command:Invoking command in '/home/entity014/ABU_new_ws/build/rabbit_interfaces': CMAKE_PREFIX_PATH=${CMAKE_PREFIX_PATH}:/home/entity014/ABU_new_ws/install/rabbit_package:/home/entity014/ros2_ws/install/swap_pillar:/home/entity014/abu_ws/install/abu_package:/opt/ros/foxy /home/entity014/.local/bin/cmake --build /home/entity014/ABU_new_ws/build/rabbit_interfaces -- -j8 -l8
[1.210s] DEBUG:colcon.colcon_core.event_handler.log_command:Invoked command in '/home/entity014/ABU_new_ws/build/rabbit_interfaces' returned '0': CMAKE_PREFIX_PATH=${CMAKE_PREFIX_PATH}:/home/entity014/ABU_new_ws/install/rabbit_package:/home/entity014/ros2_ws/install/swap_pillar:/home/entity014/abu_ws/install/abu_package:/opt/ros/foxy /home/entity014/.local/bin/cmake --build /home/entity014/ABU_new_ws/build/rabbit_interfaces -- -j8 -l8
[1.534s] DEBUG:colcon.colcon_core.event_handler.log_command:Invoking command in '/home/entity014/ABU_new_ws/build/rabbit_interfaces': CMAKE_PREFIX_PATH=${CMAKE_PREFIX_PATH}:/home/entity014/ABU_new_ws/install/rabbit_package:/home/entity014/ros2_ws/install/swap_pillar:/home/entity014/abu_ws/install/abu_package:/opt/ros/foxy /home/entity014/.local/bin/cmake --install /home/entity014/ABU_new_ws/build/rabbit_interfaces
[1.705s] Level 1:colcon.colcon_core.environment:create_environment_scripts_only(rabbit_interfaces)
[1.708s] DEBUG:colcon.colcon_core.event_handler.log_command:Invoked command in '/home/entity014/ABU_new_ws/build/rabbit_interfaces' returned '0': CMAKE_PREFIX_PATH=${CMAKE_PREFIX_PATH}:/home/entity014/ABU_new_ws/install/rabbit_package:/home/entity014/ros2_ws/install/swap_pillar:/home/entity014/abu_ws/install/abu_package:/opt/ros/foxy /home/entity014/.local/bin/cmake --install /home/entity014/ABU_new_ws/build/rabbit_interfaces
[1.721s] Level 1:colcon.colcon_core.environment:checking '/home/entity014/ABU_new_ws/install/rabbit_interfaces' for CMake module files
[1.723s] Level 1:colcon.colcon_core.environment:checking '/home/entity014/ABU_new_ws/install/rabbit_interfaces' for CMake config files
[1.724s] Level 1:colcon.colcon_core.shell:create_environment_hook('rabbit_interfaces', 'cmake_prefix_path')
[1.726s] INFO:colcon.colcon_core.shell:Creating environment hook '/home/entity014/ABU_new_ws/install/rabbit_interfaces/share/rabbit_interfaces/hook/cmake_prefix_path.ps1'
[1.728s] INFO:colcon.colcon_core.shell:Creating environment descriptor '/home/entity014/ABU_new_ws/install/rabbit_interfaces/share/rabbit_interfaces/hook/cmake_prefix_path.dsv'
[1.729s] INFO:colcon.colcon_core.shell:Creating environment hook '/home/entity014/ABU_new_ws/install/rabbit_interfaces/share/rabbit_interfaces/hook/cmake_prefix_path.sh'
[1.731s] Level 1:colcon.colcon_core.environment:checking '/home/entity014/ABU_new_ws/install/rabbit_interfaces/lib'
[1.731s] Level 1:colcon.colcon_core.shell:create_environment_hook('rabbit_interfaces', 'ld_library_path_lib')
[1.735s] INFO:colcon.colcon_core.shell:Creating environment hook '/home/entity014/ABU_new_ws/install/rabbit_interfaces/share/rabbit_interfaces/hook/ld_library_path_lib.ps1'
[1.737s] INFO:colcon.colcon_core.shell:Creating environment descriptor '/home/entity014/ABU_new_ws/install/rabbit_interfaces/share/rabbit_interfaces/hook/ld_library_path_lib.dsv'
[1.738s] INFO:colcon.colcon_core.shell:Creating environment hook '/home/entity014/ABU_new_ws/install/rabbit_interfaces/share/rabbit_interfaces/hook/ld_library_path_lib.sh'
[1.739s] Level 1:colcon.colcon_core.environment:checking '/home/entity014/ABU_new_ws/install/rabbit_interfaces/bin'
[1.739s] Level 1:colcon.colcon_core.environment:checking '/home/entity014/ABU_new_ws/install/rabbit_interfaces/lib/pkgconfig/rabbit_interfaces.pc'
[1.740s] Level 1:colcon.colcon_core.environment:checking '/home/entity014/ABU_new_ws/install/rabbit_interfaces/lib/python3.8/site-packages'
[1.740s] Level 1:colcon.colcon_core.shell:create_environment_hook('rabbit_interfaces', 'pythonpath')
[1.745s] INFO:colcon.colcon_core.shell:Creating environment hook '/home/entity014/ABU_new_ws/install/rabbit_interfaces/share/rabbit_interfaces/hook/pythonpath.ps1'
[1.747s] INFO:colcon.colcon_core.shell:Creating environment descriptor '/home/entity014/ABU_new_ws/install/rabbit_interfaces/share/rabbit_interfaces/hook/pythonpath.dsv'
[1.748s] INFO:colcon.colcon_core.shell:Creating environment hook '/home/entity014/ABU_new_ws/install/rabbit_interfaces/share/rabbit_interfaces/hook/pythonpath.sh'
[1.749s] Level 1:colcon.colcon_core.environment:checking '/home/entity014/ABU_new_ws/install/rabbit_interfaces/bin'
[1.753s] INFO:colcon.colcon_core.shell:Creating package script '/home/entity014/ABU_new_ws/install/rabbit_interfaces/share/rabbit_interfaces/package.ps1'
[1.756s] INFO:colcon.colcon_core.shell:Creating package descriptor '/home/entity014/ABU_new_ws/install/rabbit_interfaces/share/rabbit_interfaces/package.dsv'
[1.757s] INFO:colcon.colcon_core.shell:Creating package script '/home/entity014/ABU_new_ws/install/rabbit_interfaces/share/rabbit_interfaces/package.sh'
[1.759s] INFO:colcon.colcon_core.shell:Creating package script '/home/entity014/ABU_new_ws/install/rabbit_interfaces/share/rabbit_interfaces/package.bash'
[1.761s] INFO:colcon.colcon_core.shell:Creating package script '/home/entity014/ABU_new_ws/install/rabbit_interfaces/share/rabbit_interfaces/package.zsh'
[1.763s] Level 1:colcon.colcon_core.environment:create_file_with_runtime_dependencies(/home/entity014/ABU_new_ws/install/rabbit_interfaces/share/colcon-core/packages/rabbit_interfaces)
[1.941s] Level 1:colcon.colcon_core.environment:create_environment_scripts_only(rabbit_interfaces)
[1.946s] Level 1:colcon.colcon_core.environment:checking '/home/entity014/ABU_new_ws/install/rabbit_interfaces' for CMake module files
[1.948s] Level 1:colcon.colcon_core.environment:checking '/home/entity014/ABU_new_ws/install/rabbit_interfaces' for CMake config files
[1.950s] Level 1:colcon.colcon_core.shell:create_environment_hook('rabbit_interfaces', 'cmake_prefix_path')
[1.953s] INFO:colcon.colcon_core.shell:Creating environment hook '/home/entity014/ABU_new_ws/install/rabbit_interfaces/share/rabbit_interfaces/hook/cmake_prefix_path.ps1'
[1.955s] INFO:colcon.colcon_core.shell:Creating environment descriptor '/home/entity014/ABU_new_ws/install/rabbit_interfaces/share/rabbit_interfaces/hook/cmake_prefix_path.dsv'
[1.956s] INFO:colcon.colcon_core.shell:Creating environment hook '/home/entity014/ABU_new_ws/install/rabbit_interfaces/share/rabbit_interfaces/hook/cmake_prefix_path.sh'
[1.957s] Level 1:colcon.colcon_core.environment:checking '/home/entity014/ABU_new_ws/install/rabbit_interfaces/lib'
[1.957s] Level 1:colcon.colcon_core.shell:create_environment_hook('rabbit_interfaces', 'ld_library_path_lib')
[1.960s] INFO:colcon.colcon_core.shell:Creating environment hook '/home/entity014/ABU_new_ws/install/rabbit_interfaces/share/rabbit_interfaces/hook/ld_library_path_lib.ps1'
[1.961s] INFO:colcon.colcon_core.shell:Creating environment descriptor '/home/entity014/ABU_new_ws/install/rabbit_interfaces/share/rabbit_interfaces/hook/ld_library_path_lib.dsv'
[1.961s] INFO:colcon.colcon_core.shell:Creating environment hook '/home/entity014/ABU_new_ws/install/rabbit_interfaces/share/rabbit_interfaces/hook/ld_library_path_lib.sh'
[1.962s] Level 1:colcon.colcon_core.environment:checking '/home/entity014/ABU_new_ws/install/rabbit_interfaces/bin'
[1.962s] Level 1:colcon.colcon_core.environment:checking '/home/entity014/ABU_new_ws/install/rabbit_interfaces/lib/pkgconfig/rabbit_interfaces.pc'
[1.963s] Level 1:colcon.colcon_core.environment:checking '/home/entity014/ABU_new_ws/install/rabbit_interfaces/lib/python3.8/site-packages'
[1.963s] Level 1:colcon.colcon_core.shell:create_environment_hook('rabbit_interfaces', 'pythonpath')
[1.967s] INFO:colcon.colcon_core.shell:Creating environment hook '/home/entity014/ABU_new_ws/install/rabbit_interfaces/share/rabbit_interfaces/hook/pythonpath.ps1'
[1.967s] INFO:colcon.colcon_core.shell:Creating environment descriptor '/home/entity014/ABU_new_ws/install/rabbit_interfaces/share/rabbit_interfaces/hook/pythonpath.dsv'
[1.968s] INFO:colcon.colcon_core.shell:Creating environment hook '/home/entity014/ABU_new_ws/install/rabbit_interfaces/share/rabbit_interfaces/hook/pythonpath.sh'
[1.969s] Level 1:colcon.colcon_core.environment:checking '/home/entity014/ABU_new_ws/install/rabbit_interfaces/bin'
[1.974s] INFO:colcon.colcon_core.shell:Creating package script '/home/entity014/ABU_new_ws/install/rabbit_interfaces/share/rabbit_interfaces/package.ps1'
[1.975s] INFO:colcon.colcon_core.shell:Creating package descriptor '/home/entity014/ABU_new_ws/install/rabbit_interfaces/share/rabbit_interfaces/package.dsv'
[1.977s] INFO:colcon.colcon_core.shell:Creating package script '/home/entity014/ABU_new_ws/install/rabbit_interfaces/share/rabbit_interfaces/package.sh'
[1.978s] INFO:colcon.colcon_core.shell:Creating package script '/home/entity014/ABU_new_ws/install/rabbit_interfaces/share/rabbit_interfaces/package.bash'
[1.978s] INFO:colcon.colcon_core.shell:Creating package script '/home/entity014/ABU_new_ws/install/rabbit_interfaces/share/rabbit_interfaces/package.zsh'
[1.979s] Level 1:colcon.colcon_core.environment:create_file_with_runtime_dependencies(/home/entity014/ABU_new_ws/install/rabbit_interfaces/share/colcon-core/packages/rabbit_interfaces)
[1.980s] INFO:colcon.colcon_ros.task.ament_python.build:Building ROS package in '/home/entity014/ABU_new_ws/src/rabbit_package' with build type 'ament_python'
[1.980s] Level 1:colcon.colcon_core.shell:create_environment_hook('rabbit_package', 'ament_prefix_path')
[1.983s] INFO:colcon.colcon_core.shell:Creating environment hook '/home/entity014/ABU_new_ws/install/rabbit_package/share/rabbit_package/hook/ament_prefix_path.ps1'
[1.985s] INFO:colcon.colcon_core.shell:Creating environment descriptor '/home/entity014/ABU_new_ws/install/rabbit_package/share/rabbit_package/hook/ament_prefix_path.dsv'
[1.985s] INFO:colcon.colcon_core.shell:Creating environment hook '/home/entity014/ABU_new_ws/install/rabbit_package/share/rabbit_package/hook/ament_prefix_path.sh'
[1.990s] INFO:colcon.colcon_core.shell:Skip shell extension 'powershell' for command environment: Not usable outside of PowerShell
[1.990s] DEBUG:colcon.colcon_core.shell:Skip shell extension 'dsv' for command environment
[2.475s] INFO:colcon.colcon_core.task.python.build:Building Python package in '/home/entity014/ABU_new_ws/src/rabbit_package'
[2.478s] INFO:colcon.colcon_core.shell:Skip shell extension 'powershell' for command environment: Not usable outside of PowerShell
[2.478s] DEBUG:colcon.colcon_core.shell:Skip shell extension 'dsv' for command environment
[3.160s] DEBUG:colcon.colcon_core.event_handler.log_command:Invoking command in '/home/entity014/ABU_new_ws/src/rabbit_package': PYTHONPATH=/home/entity014/ABU_new_ws/build/rabbit_package/prefix_override:/home/entity014/ABU_new_ws/install/rabbit_package/lib/python3.8/site-packages:${PYTHONPATH} /usr/bin/python3 setup.py egg_info --egg-base ../../build/rabbit_package build --build-base /home/entity014/ABU_new_ws/build/rabbit_package/build install --record /home/entity014/ABU_new_ws/build/rabbit_package/install.log --install-scripts $base/lib/rabbit_package --single-version-externally-managed
[3.719s] Level 1:colcon.colcon_core.environment:checking '/home/entity014/ABU_new_ws/install/rabbit_package' for CMake module files
[3.720s] DEBUG:colcon.colcon_core.event_handler.log_command:Invoked command in '/home/entity014/ABU_new_ws/src/rabbit_package' returned '0': PYTHONPATH=/home/entity014/ABU_new_ws/build/rabbit_package/prefix_override:/home/entity014/ABU_new_ws/install/rabbit_package/lib/python3.8/site-packages:${PYTHONPATH} /usr/bin/python3 setup.py egg_info --egg-base ../../build/rabbit_package build --build-base /home/entity014/ABU_new_ws/build/rabbit_package/build install --record /home/entity014/ABU_new_ws/build/rabbit_package/install.log --install-scripts $base/lib/rabbit_package --single-version-externally-managed
[3.720s] Level 1:colcon.colcon_core.environment:checking '/home/entity014/ABU_new_ws/install/rabbit_package' for CMake config files
[3.721s] Level 1:colcon.colcon_core.environment:checking '/home/entity014/ABU_new_ws/install/rabbit_package/lib'
[3.721s] Level 1:colcon.colcon_core.environment:checking '/home/entity014/ABU_new_ws/install/rabbit_package/bin'
[3.721s] Level 1:colcon.colcon_core.environment:checking '/home/entity014/ABU_new_ws/install/rabbit_package/lib/pkgconfig/rabbit_package.pc'
[3.722s] Level 1:colcon.colcon_core.environment:checking '/home/entity014/ABU_new_ws/install/rabbit_package/lib/python3.8/site-packages'
[3.722s] Level 1:colcon.colcon_core.shell:create_environment_hook('rabbit_package', 'pythonpath')
[3.724s] INFO:colcon.colcon_core.shell:Creating environment hook '/home/entity014/ABU_new_ws/install/rabbit_package/share/rabbit_package/hook/pythonpath.ps1'
[3.725s] INFO:colcon.colcon_core.shell:Creating environment descriptor '/home/entity014/ABU_new_ws/install/rabbit_package/share/rabbit_package/hook/pythonpath.dsv'
[3.725s] INFO:colcon.colcon_core.shell:Creating environment hook '/home/entity014/ABU_new_ws/install/rabbit_package/share/rabbit_package/hook/pythonpath.sh'
[3.726s] Level 1:colcon.colcon_core.environment:checking '/home/entity014/ABU_new_ws/install/rabbit_package/bin'
[3.726s] Level 1:colcon.colcon_core.environment:create_environment_scripts_only(rabbit_package)
[3.728s] INFO:colcon.colcon_core.shell:Creating package script '/home/entity014/ABU_new_ws/install/rabbit_package/share/rabbit_package/package.ps1'
[3.729s] INFO:colcon.colcon_core.shell:Creating package descriptor '/home/entity014/ABU_new_ws/install/rabbit_package/share/rabbit_package/package.dsv'
[3.730s] INFO:colcon.colcon_core.shell:Creating package script '/home/entity014/ABU_new_ws/install/rabbit_package/share/rabbit_package/package.sh'
[3.730s] INFO:colcon.colcon_core.shell:Creating package script '/home/entity014/ABU_new_ws/install/rabbit_package/share/rabbit_package/package.bash'
[3.731s] INFO:colcon.colcon_core.shell:Creating package script '/home/entity014/ABU_new_ws/install/rabbit_package/share/rabbit_package/package.zsh'
[3.731s] Level 1:colcon.colcon_core.environment:create_file_with_runtime_dependencies(/home/entity014/ABU_new_ws/install/rabbit_package/share/colcon-core/packages/rabbit_package)
[3.732s] DEBUG:colcon.colcon_parallel_executor.executor.parallel:closing loop
[3.732s] DEBUG:colcon.colcon_parallel_executor.executor.parallel:loop closed
[3.733s] DEBUG:colcon.colcon_parallel_executor.executor.parallel:run_until_complete finished with '0'
[3.733s] DEBUG:colcon.colcon_core.event_reactor:joining thread
[3.743s] INFO:colcon.colcon_core.plugin_system:Skipping extension 'colcon_notification.desktop_notification.terminal_notifier': Not used on non-Darwin systems
[3.744s] INFO:colcon.colcon_core.plugin_system:Skipping extension 'colcon_notification.desktop_notification.win32': Not used on non-Windows systems
[3.744s] INFO:colcon.colcon_notification.desktop_notification:Sending desktop notification using 'notify2'
[3.774s] DEBUG:colcon.colcon_core.event_reactor:joined thread
[3.778s] INFO:colcon.colcon_core.shell:Creating prefix script '/home/entity014/ABU_new_ws/install/local_setup.ps1'
[3.780s] INFO:colcon.colcon_core.shell:Creating prefix util module '/home/entity014/ABU_new_ws/install/_local_setup_util_ps1.py'
[3.784s] INFO:colcon.colcon_core.shell:Creating prefix chain script '/home/entity014/ABU_new_ws/install/setup.ps1'
[3.790s] INFO:colcon.colcon_core.shell:Creating prefix script '/home/entity014/ABU_new_ws/install/local_setup.sh'
[3.792s] INFO:colcon.colcon_core.shell:Creating prefix util module '/home/entity014/ABU_new_ws/install/_local_setup_util_sh.py'
[3.793s] INFO:colcon.colcon_core.shell:Creating prefix chain script '/home/entity014/ABU_new_ws/install/setup.sh'
[3.798s] INFO:colcon.colcon_core.shell:Creating prefix script '/home/entity014/ABU_new_ws/install/local_setup.bash'
[3.799s] INFO:colcon.colcon_core.shell:Creating prefix chain script '/home/entity014/ABU_new_ws/install/setup.bash'
[3.805s] INFO:colcon.colcon_core.shell:Creating prefix script '/home/entity014/ABU_new_ws/install/local_setup.zsh'
[3.808s] INFO:colcon.colcon_core.shell:Creating prefix chain script '/home/entity014/ABU_new_ws/install/setup.zsh'
