[0.600s] DEBUG:colcon:Command line arguments: ['/usr/bin/colcon', 'build']
[0.600s] DEBUG:colcon:Parsed command line arguments: Namespace(allow_overriding=[], ament_cmake_args=None, base_paths=['.'], build_base='build', catkin_cmake_args=None, catkin_skip_building_tests=False, cmake_args=None, cmake_clean_cache=False, cmake_clean_first=False, cmake_force_configure=False, cmake_target=None, cmake_target_skip_unavailable=False, continue_on_error=False, event_handlers=None, executor='parallel', ignore_user_meta=False, install_base='install', log_base=None, log_level=None, main=<bound method BuildVerb.main of <colcon_core.verb.build.BuildVerb object at 0x7ff6cc76b700>>, merge_install=False, metas=['./colcon.meta'], packages_above=None, packages_above_and_dependencies=None, packages_above_depth=None, packages_end=None, packages_ignore=None, packages_ignore_regex=None, packages_select=None, packages_select_build_failed=False, packages_select_by_dep=None, packages_select_regex=None, packages_select_test_failures=False, packages_skip=None, packages_skip_build_finished=False, packages_skip_by_dep=None, packages_skip_regex=None, packages_skip_test_passed=False, packages_skip_up_to=None, packages_start=None, packages_up_to=None, packages_up_to_regex=None, parallel_workers=8, paths=None, symlink_install=False, test_result_base=None, verb_extension=<colcon_core.verb.build.BuildVerb object at 0x7ff6cc76b700>, verb_name='build', verb_parser=<colcon_defaults.argument_parser.defaults.DefaultArgumentsDecorator object at 0x7ff6cc76bc40>)
[0.658s] Level 1:colcon.colcon_core.package_discovery:discover_packages(colcon_meta) check parameters
[0.658s] Level 1:colcon.colcon_core.package_discovery:discover_packages(recursive) check parameters
[0.658s] Level 1:colcon.colcon_core.package_discovery:discover_packages(ignore) check parameters
[0.658s] Level 1:colcon.colcon_core.package_discovery:discover_packages(path) check parameters
[0.658s] Level 1:colcon.colcon_core.package_discovery:discover_packages(colcon_meta) discover
[0.659s] Level 1:colcon.colcon_core.package_discovery:discover_packages(recursive) discover
[0.659s] INFO:colcon.colcon_core.package_discovery:Crawling recursively for packages in '/home/entity014/ABU_new_ws'
[0.659s] Level 1:colcon.colcon_core.package_identification:_identify(.) by extensions ['ignore', 'ignore_ament_install']
[0.659s] Level 1:colcon.colcon_core.package_identification:_identify(.) by extension 'ignore'
[0.659s] Level 1:colcon.colcon_core.package_identification:_identify(.) by extension 'ignore_ament_install'
[0.659s] Level 1:colcon.colcon_core.package_identification:_identify(.) by extensions ['colcon_pkg']
[0.659s] Level 1:colcon.colcon_core.package_identification:_identify(.) by extension 'colcon_pkg'
[0.659s] Level 1:colcon.colcon_core.package_identification:_identify(.) by extensions ['colcon_meta']
[0.659s] Level 1:colcon.colcon_core.package_identification:_identify(.) by extension 'colcon_meta'
[0.659s] Level 1:colcon.colcon_core.package_identification:_identify(.) by extensions ['ros']
[0.659s] Level 1:colcon.colcon_core.package_identification:_identify(.) by extension 'ros'
[0.690s] Level 1:colcon.colcon_core.package_identification:_identify(.) by extensions ['cmake', 'python']
[0.690s] Level 1:colcon.colcon_core.package_identification:_identify(.) by extension 'cmake'
[0.691s] Level 1:colcon.colcon_core.package_identification:_identify(.) by extension 'python'
[0.691s] Level 1:colcon.colcon_core.package_identification:_identify(.) by extensions ['python_setup_py']
[0.691s] Level 1:colcon.colcon_core.package_identification:_identify(.) by extension 'python_setup_py'
[0.691s] Level 1:colcon.colcon_core.package_identification:_identify(build) by extensions ['ignore', 'ignore_ament_install']
[0.691s] Level 1:colcon.colcon_core.package_identification:_identify(build) by extension 'ignore'
[0.691s] Level 1:colcon.colcon_core.package_identification:_identify(build) ignored
[0.691s] Level 1:colcon.colcon_core.package_identification:_identify(install) by extensions ['ignore', 'ignore_ament_install']
[0.691s] Level 1:colcon.colcon_core.package_identification:_identify(install) by extension 'ignore'
[0.691s] Level 1:colcon.colcon_core.package_identification:_identify(install) ignored
[0.692s] Level 1:colcon.colcon_core.package_identification:_identify(log) by extensions ['ignore', 'ignore_ament_install']
[0.692s] Level 1:colcon.colcon_core.package_identification:_identify(log) by extension 'ignore'
[0.692s] Level 1:colcon.colcon_core.package_identification:_identify(log) ignored
[0.692s] Level 1:colcon.colcon_core.package_identification:_identify(src) by extensions ['ignore', 'ignore_ament_install']
[0.692s] Level 1:colcon.colcon_core.package_identification:_identify(src) by extension 'ignore'
[0.692s] Level 1:colcon.colcon_core.package_identification:_identify(src) by extension 'ignore_ament_install'
[0.692s] Level 1:colcon.colcon_core.package_identification:_identify(src) by extensions ['colcon_pkg']
[0.692s] Level 1:colcon.colcon_core.package_identification:_identify(src) by extension 'colcon_pkg'
[0.693s] Level 1:colcon.colcon_core.package_identification:_identify(src) by extensions ['colcon_meta']
[0.693s] Level 1:colcon.colcon_core.package_identification:_identify(src) by extension 'colcon_meta'
[0.693s] Level 1:colcon.colcon_core.package_identification:_identify(src) by extensions ['ros']
[0.693s] Level 1:colcon.colcon_core.package_identification:_identify(src) by extension 'ros'
[0.693s] Level 1:colcon.colcon_core.package_identification:_identify(src) by extensions ['cmake', 'python']
[0.693s] Level 1:colcon.colcon_core.package_identification:_identify(src) by extension 'cmake'
[0.693s] Level 1:colcon.colcon_core.package_identification:_identify(src) by extension 'python'
[0.693s] Level 1:colcon.colcon_core.package_identification:_identify(src) by extensions ['python_setup_py']
[0.693s] Level 1:colcon.colcon_core.package_identification:_identify(src) by extension 'python_setup_py'
[0.693s] Level 1:colcon.colcon_core.package_identification:_identify(src/rabbit_interfaces) by extensions ['ignore', 'ignore_ament_install']
[0.693s] Level 1:colcon.colcon_core.package_identification:_identify(src/rabbit_interfaces) by extension 'ignore'
[0.694s] Level 1:colcon.colcon_core.package_identification:_identify(src/rabbit_interfaces) by extension 'ignore_ament_install'
[0.694s] Level 1:colcon.colcon_core.package_identification:_identify(src/rabbit_interfaces) by extensions ['colcon_pkg']
[0.694s] Level 1:colcon.colcon_core.package_identification:_identify(src/rabbit_interfaces) by extension 'colcon_pkg'
[0.694s] Level 1:colcon.colcon_core.package_identification:_identify(src/rabbit_interfaces) by extensions ['colcon_meta']
[0.694s] Level 1:colcon.colcon_core.package_identification:_identify(src/rabbit_interfaces) by extension 'colcon_meta'
[0.694s] Level 1:colcon.colcon_core.package_identification:_identify(src/rabbit_interfaces) by extensions ['ros']
[0.694s] Level 1:colcon.colcon_core.package_identification:_identify(src/rabbit_interfaces) by extension 'ros'
[0.697s] DEBUG:colcon.colcon_core.package_identification:Package 'src/rabbit_interfaces' with type 'ros.ament_cmake' and name 'rabbit_interfaces'
[0.698s] Level 1:colcon.colcon_core.package_identification:_identify(src/rabbit_package) by extensions ['ignore', 'ignore_ament_install']
[0.698s] Level 1:colcon.colcon_core.package_identification:_identify(src/rabbit_package) by extension 'ignore'
[0.698s] Level 1:colcon.colcon_core.package_identification:_identify(src/rabbit_package) by extension 'ignore_ament_install'
[0.698s] Level 1:colcon.colcon_core.package_identification:_identify(src/rabbit_package) by extensions ['colcon_pkg']
[0.698s] Level 1:colcon.colcon_core.package_identification:_identify(src/rabbit_package) by extension 'colcon_pkg'
[0.698s] Level 1:colcon.colcon_core.package_identification:_identify(src/rabbit_package) by extensions ['colcon_meta']
[0.698s] Level 1:colcon.colcon_core.package_identification:_identify(src/rabbit_package) by extension 'colcon_meta'
[0.698s] Level 1:colcon.colcon_core.package_identification:_identify(src/rabbit_package) by extensions ['ros']
[0.698s] Level 1:colcon.colcon_core.package_identification:_identify(src/rabbit_package) by extension 'ros'
[0.699s] DEBUG:colcon.colcon_core.package_identification:Package 'src/rabbit_package' with type 'ros.ament_python' and name 'rabbit_package'
[0.699s] Level 1:colcon.colcon_core.package_discovery:discover_packages(recursive) using defaults
[0.699s] Level 1:colcon.colcon_core.package_discovery:discover_packages(ignore) discover
[0.700s] Level 1:colcon.colcon_core.package_discovery:discover_packages(ignore) using defaults
[0.700s] Level 1:colcon.colcon_core.package_discovery:discover_packages(path) discover
[0.700s] Level 1:colcon.colcon_core.package_discovery:discover_packages(path) using defaults
[0.733s] Level 1:colcon.colcon_core.package_discovery:discover_packages(prefix_path) check parameters
[0.733s] Level 1:colcon.colcon_core.package_discovery:discover_packages(prefix_path) discover
[0.740s] DEBUG:colcon.colcon_installed_package_information.package_discovery:Found 2 installed packages in /home/entity014/ABU_new_ws/install
[0.742s] DEBUG:colcon.colcon_installed_package_information.package_discovery:Found 5 installed packages in /home/entity014/ros2_ws/install
[0.744s] DEBUG:colcon.colcon_installed_package_information.package_discovery:Found 11 installed packages in /home/entity014/abu_ws/install
[0.748s] DEBUG:colcon.colcon_installed_package_information.package_discovery:Found 334 installed packages in /opt/ros/foxy
[0.751s] Level 1:colcon.colcon_core.package_discovery:discover_packages(prefix_path) using defaults
[0.869s] Level 5:colcon.colcon_core.verb:set package 'rabbit_interfaces' build argument 'cmake_args' from command line to 'None'
[0.869s] Level 5:colcon.colcon_core.verb:set package 'rabbit_interfaces' build argument 'cmake_target' from command line to 'None'
[0.869s] Level 5:colcon.colcon_core.verb:set package 'rabbit_interfaces' build argument 'cmake_target_skip_unavailable' from command line to 'False'
[0.869s] Level 5:colcon.colcon_core.verb:set package 'rabbit_interfaces' build argument 'cmake_clean_cache' from command line to 'False'
[0.869s] Level 5:colcon.colcon_core.verb:set package 'rabbit_interfaces' build argument 'cmake_clean_first' from command line to 'False'
[0.869s] Level 5:colcon.colcon_core.verb:set package 'rabbit_interfaces' build argument 'cmake_force_configure' from command line to 'False'
[0.869s] Level 5:colcon.colcon_core.verb:set package 'rabbit_interfaces' build argument 'ament_cmake_args' from command line to 'None'
[0.869s] Level 5:colcon.colcon_core.verb:set package 'rabbit_interfaces' build argument 'catkin_cmake_args' from command line to 'None'
[0.869s] Level 5:colcon.colcon_core.verb:set package 'rabbit_interfaces' build argument 'catkin_skip_building_tests' from command line to 'False'
[0.869s] DEBUG:colcon.colcon_core.verb:Building package 'rabbit_interfaces' with the following arguments: {'ament_cmake_args': None, 'build_base': '/home/entity014/ABU_new_ws/build/rabbit_interfaces', 'catkin_cmake_args': None, 'catkin_skip_building_tests': False, 'cmake_args': None, 'cmake_clean_cache': False, 'cmake_clean_first': False, 'cmake_force_configure': False, 'cmake_target': None, 'cmake_target_skip_unavailable': False, 'install_base': '/home/entity014/ABU_new_ws/install/rabbit_interfaces', 'merge_install': False, 'path': '/home/entity014/ABU_new_ws/src/rabbit_interfaces', 'symlink_install': False, 'test_result_base': None}
[0.871s] Level 5:colcon.colcon_core.verb:set package 'rabbit_package' build argument 'cmake_args' from command line to 'None'
[0.871s] Level 5:colcon.colcon_core.verb:set package 'rabbit_package' build argument 'cmake_target' from command line to 'None'
[0.871s] Level 5:colcon.colcon_core.verb:set package 'rabbit_package' build argument 'cmake_target_skip_unavailable' from command line to 'False'
[0.871s] Level 5:colcon.colcon_core.verb:set package 'rabbit_package' build argument 'cmake_clean_cache' from command line to 'False'
[0.871s] Level 5:colcon.colcon_core.verb:set package 'rabbit_package' build argument 'cmake_clean_first' from command line to 'False'
[0.871s] Level 5:colcon.colcon_core.verb:set package 'rabbit_package' build argument 'cmake_force_configure' from command line to 'False'
[0.871s] Level 5:colcon.colcon_core.verb:set package 'rabbit_package' build argument 'ament_cmake_args' from command line to 'None'
[0.872s] Level 5:colcon.colcon_core.verb:set package 'rabbit_package' build argument 'catkin_cmake_args' from command line to 'None'
[0.872s] Level 5:colcon.colcon_core.verb:set package 'rabbit_package' build argument 'catkin_skip_building_tests' from command line to 'False'
[0.872s] DEBUG:colcon.colcon_core.verb:Building package 'rabbit_package' with the following arguments: {'ament_cmake_args': None, 'build_base': '/home/entity014/ABU_new_ws/build/rabbit_package', 'catkin_cmake_args': None, 'catkin_skip_building_tests': False, 'cmake_args': None, 'cmake_clean_cache': False, 'cmake_clean_first': False, 'cmake_force_configure': False, 'cmake_target': None, 'cmake_target_skip_unavailable': False, 'install_base': '/home/entity014/ABU_new_ws/install/rabbit_package', 'merge_install': False, 'path': '/home/entity014/ABU_new_ws/src/rabbit_package', 'symlink_install': False, 'test_result_base': None}
[0.873s] INFO:colcon.colcon_core.executor:Executing jobs using 'parallel' executor
[0.878s] DEBUG:colcon.colcon_parallel_executor.executor.parallel:run_until_complete
[0.878s] INFO:colcon.colcon_ros.task.ament_cmake.build:Building ROS package in '/home/entity014/ABU_new_ws/src/rabbit_interfaces' with build type 'ament_cmake'
[0.879s] INFO:colcon.colcon_cmake.task.cmake.build:Building CMake package in '/home/entity014/ABU_new_ws/src/rabbit_interfaces'
[0.885s] INFO:colcon.colcon_core.plugin_system:Skipping extension 'colcon_core.shell.bat': Not used on non-Windows systems
[0.886s] INFO:colcon.colcon_core.shell:Skip shell extension 'powershell' for command environment: Not usable outside of PowerShell
[0.886s] DEBUG:colcon.colcon_core.shell:Skip shell extension 'dsv' for command environment
[0.911s] DEBUG:colcon.colcon_core.event_handler.log_command:Invoking command in '/home/entity014/ABU_new_ws/build/rabbit_interfaces': CMAKE_PREFIX_PATH=${CMAKE_PREFIX_PATH}:/home/entity014/ABU_new_ws/install/rabbit_package:/home/entity014/ros2_ws/install/swap_pillar:/home/entity014/abu_ws/install/abu_package:/opt/ros/foxy /home/entity014/.local/bin/cmake --build /home/entity014/ABU_new_ws/build/rabbit_interfaces -- -j8 -l8
[1.281s] DEBUG:colcon.colcon_core.event_handler.log_command:Invoked command in '/home/entity014/ABU_new_ws/build/rabbit_interfaces' returned '0': CMAKE_PREFIX_PATH=${CMAKE_PREFIX_PATH}:/home/entity014/ABU_new_ws/install/rabbit_package:/home/entity014/ros2_ws/install/swap_pillar:/home/entity014/abu_ws/install/abu_package:/opt/ros/foxy /home/entity014/.local/bin/cmake --build /home/entity014/ABU_new_ws/build/rabbit_interfaces -- -j8 -l8
[1.637s] DEBUG:colcon.colcon_core.event_handler.log_command:Invoking command in '/home/entity014/ABU_new_ws/build/rabbit_interfaces': CMAKE_PREFIX_PATH=${CMAKE_PREFIX_PATH}:/home/entity014/ABU_new_ws/install/rabbit_package:/home/entity014/ros2_ws/install/swap_pillar:/home/entity014/abu_ws/install/abu_package:/opt/ros/foxy /home/entity014/.local/bin/cmake --install /home/entity014/ABU_new_ws/build/rabbit_interfaces
[1.793s] Level 1:colcon.colcon_core.environment:create_environment_scripts_only(rabbit_interfaces)
[1.794s] DEBUG:colcon.colcon_core.event_handler.log_command:Invoked command in '/home/entity014/ABU_new_ws/build/rabbit_interfaces' returned '0': CMAKE_PREFIX_PATH=${CMAKE_PREFIX_PATH}:/home/entity014/ABU_new_ws/install/rabbit_package:/home/entity014/ros2_ws/install/swap_pillar:/home/entity014/abu_ws/install/abu_package:/opt/ros/foxy /home/entity014/.local/bin/cmake --install /home/entity014/ABU_new_ws/build/rabbit_interfaces
[1.802s] Level 1:colcon.colcon_core.environment:checking '/home/entity014/ABU_new_ws/install/rabbit_interfaces' for CMake module files
[1.803s] Level 1:colcon.colcon_core.environment:checking '/home/entity014/ABU_new_ws/install/rabbit_interfaces' for CMake config files
[1.804s] Level 1:colcon.colcon_core.shell:create_environment_hook('rabbit_interfaces', 'cmake_prefix_path')
[1.806s] INFO:colcon.colcon_core.shell:Creating environment hook '/home/entity014/ABU_new_ws/install/rabbit_interfaces/share/rabbit_interfaces/hook/cmake_prefix_path.ps1'
[1.807s] INFO:colcon.colcon_core.shell:Creating environment descriptor '/home/entity014/ABU_new_ws/install/rabbit_interfaces/share/rabbit_interfaces/hook/cmake_prefix_path.dsv'
[1.808s] INFO:colcon.colcon_core.shell:Creating environment hook '/home/entity014/ABU_new_ws/install/rabbit_interfaces/share/rabbit_interfaces/hook/cmake_prefix_path.sh'
[1.809s] Level 1:colcon.colcon_core.environment:checking '/home/entity014/ABU_new_ws/install/rabbit_interfaces/lib'
[1.809s] Level 1:colcon.colcon_core.shell:create_environment_hook('rabbit_interfaces', 'ld_library_path_lib')
[1.811s] INFO:colcon.colcon_core.shell:Creating environment hook '/home/entity014/ABU_new_ws/install/rabbit_interfaces/share/rabbit_interfaces/hook/ld_library_path_lib.ps1'
[1.812s] INFO:colcon.colcon_core.shell:Creating environment descriptor '/home/entity014/ABU_new_ws/install/rabbit_interfaces/share/rabbit_interfaces/hook/ld_library_path_lib.dsv'
[1.812s] INFO:colcon.colcon_core.shell:Creating environment hook '/home/entity014/ABU_new_ws/install/rabbit_interfaces/share/rabbit_interfaces/hook/ld_library_path_lib.sh'
[1.813s] Level 1:colcon.colcon_core.environment:checking '/home/entity014/ABU_new_ws/install/rabbit_interfaces/bin'
[1.813s] Level 1:colcon.colcon_core.environment:checking '/home/entity014/ABU_new_ws/install/rabbit_interfaces/lib/pkgconfig/rabbit_interfaces.pc'
[1.813s] Level 1:colcon.colcon_core.environment:checking '/home/entity014/ABU_new_ws/install/rabbit_interfaces/lib/python3.8/site-packages'
[1.813s] Level 1:colcon.colcon_core.shell:create_environment_hook('rabbit_interfaces', 'pythonpath')
[1.816s] INFO:colcon.colcon_core.shell:Creating environment hook '/home/entity014/ABU_new_ws/install/rabbit_interfaces/share/rabbit_interfaces/hook/pythonpath.ps1'
[1.816s] INFO:colcon.colcon_core.shell:Creating environment descriptor '/home/entity014/ABU_new_ws/install/rabbit_interfaces/share/rabbit_interfaces/hook/pythonpath.dsv'
[1.817s] INFO:colcon.colcon_core.shell:Creating environment hook '/home/entity014/ABU_new_ws/install/rabbit_interfaces/share/rabbit_interfaces/hook/pythonpath.sh'
[1.818s] Level 1:colcon.colcon_core.environment:checking '/home/entity014/ABU_new_ws/install/rabbit_interfaces/bin'
[1.820s] INFO:colcon.colcon_core.shell:Creating package script '/home/entity014/ABU_new_ws/install/rabbit_interfaces/share/rabbit_interfaces/package.ps1'
[1.821s] INFO:colcon.colcon_core.shell:Creating package descriptor '/home/entity014/ABU_new_ws/install/rabbit_interfaces/share/rabbit_interfaces/package.dsv'
[1.822s] INFO:colcon.colcon_core.shell:Creating package script '/home/entity014/ABU_new_ws/install/rabbit_interfaces/share/rabbit_interfaces/package.sh'
[1.823s] INFO:colcon.colcon_core.shell:Creating package script '/home/entity014/ABU_new_ws/install/rabbit_interfaces/share/rabbit_interfaces/package.bash'
[1.824s] INFO:colcon.colcon_core.shell:Creating package script '/home/entity014/ABU_new_ws/install/rabbit_interfaces/share/rabbit_interfaces/package.zsh'
[1.825s] Level 1:colcon.colcon_core.environment:create_file_with_runtime_dependencies(/home/entity014/ABU_new_ws/install/rabbit_interfaces/share/colcon-core/packages/rabbit_interfaces)
[2.098s] Level 1:colcon.colcon_core.environment:create_environment_scripts_only(rabbit_interfaces)
[2.105s] Level 1:colcon.colcon_core.environment:checking '/home/entity014/ABU_new_ws/install/rabbit_interfaces' for CMake module files
[2.107s] Level 1:colcon.colcon_core.environment:checking '/home/entity014/ABU_new_ws/install/rabbit_interfaces' for CMake config files
[2.109s] Level 1:colcon.colcon_core.shell:create_environment_hook('rabbit_interfaces', 'cmake_prefix_path')
[2.113s] INFO:colcon.colcon_core.shell:Creating environment hook '/home/entity014/ABU_new_ws/install/rabbit_interfaces/share/rabbit_interfaces/hook/cmake_prefix_path.ps1'
[2.115s] INFO:colcon.colcon_core.shell:Creating environment descriptor '/home/entity014/ABU_new_ws/install/rabbit_interfaces/share/rabbit_interfaces/hook/cmake_prefix_path.dsv'
[2.117s] INFO:colcon.colcon_core.shell:Creating environment hook '/home/entity014/ABU_new_ws/install/rabbit_interfaces/share/rabbit_interfaces/hook/cmake_prefix_path.sh'
[2.119s] Level 1:colcon.colcon_core.environment:checking '/home/entity014/ABU_new_ws/install/rabbit_interfaces/lib'
[2.119s] Level 1:colcon.colcon_core.shell:create_environment_hook('rabbit_interfaces', 'ld_library_path_lib')
[2.124s] INFO:colcon.colcon_core.shell:Creating environment hook '/home/entity014/ABU_new_ws/install/rabbit_interfaces/share/rabbit_interfaces/hook/ld_library_path_lib.ps1'
[2.125s] INFO:colcon.colcon_core.shell:Creating environment descriptor '/home/entity014/ABU_new_ws/install/rabbit_interfaces/share/rabbit_interfaces/hook/ld_library_path_lib.dsv'
[2.127s] INFO:colcon.colcon_core.shell:Creating environment hook '/home/entity014/ABU_new_ws/install/rabbit_interfaces/share/rabbit_interfaces/hook/ld_library_path_lib.sh'
[2.128s] Level 1:colcon.colcon_core.environment:checking '/home/entity014/ABU_new_ws/install/rabbit_interfaces/bin'
[2.128s] Level 1:colcon.colcon_core.environment:checking '/home/entity014/ABU_new_ws/install/rabbit_interfaces/lib/pkgconfig/rabbit_interfaces.pc'
[2.130s] Level 1:colcon.colcon_core.environment:checking '/home/entity014/ABU_new_ws/install/rabbit_interfaces/lib/python3.8/site-packages'
[2.130s] Level 1:colcon.colcon_core.shell:create_environment_hook('rabbit_interfaces', 'pythonpath')
[2.134s] INFO:colcon.colcon_core.shell:Creating environment hook '/home/entity014/ABU_new_ws/install/rabbit_interfaces/share/rabbit_interfaces/hook/pythonpath.ps1'
[2.136s] INFO:colcon.colcon_core.shell:Creating environment descriptor '/home/entity014/ABU_new_ws/install/rabbit_interfaces/share/rabbit_interfaces/hook/pythonpath.dsv'
[2.137s] INFO:colcon.colcon_core.shell:Creating environment hook '/home/entity014/ABU_new_ws/install/rabbit_interfaces/share/rabbit_interfaces/hook/pythonpath.sh'
[2.139s] Level 1:colcon.colcon_core.environment:checking '/home/entity014/ABU_new_ws/install/rabbit_interfaces/bin'
[2.144s] INFO:colcon.colcon_core.shell:Creating package script '/home/entity014/ABU_new_ws/install/rabbit_interfaces/share/rabbit_interfaces/package.ps1'
[2.146s] INFO:colcon.colcon_core.shell:Creating package descriptor '/home/entity014/ABU_new_ws/install/rabbit_interfaces/share/rabbit_interfaces/package.dsv'
[2.148s] INFO:colcon.colcon_core.shell:Creating package script '/home/entity014/ABU_new_ws/install/rabbit_interfaces/share/rabbit_interfaces/package.sh'
[2.150s] INFO:colcon.colcon_core.shell:Creating package script '/home/entity014/ABU_new_ws/install/rabbit_interfaces/share/rabbit_interfaces/package.bash'
[2.152s] INFO:colcon.colcon_core.shell:Creating package script '/home/entity014/ABU_new_ws/install/rabbit_interfaces/share/rabbit_interfaces/package.zsh'
[2.153s] Level 1:colcon.colcon_core.environment:create_file_with_runtime_dependencies(/home/entity014/ABU_new_ws/install/rabbit_interfaces/share/colcon-core/packages/rabbit_interfaces)
[2.155s] INFO:colcon.colcon_ros.task.ament_python.build:Building ROS package in '/home/entity014/ABU_new_ws/src/rabbit_package' with build type 'ament_python'
[2.155s] Level 1:colcon.colcon_core.shell:create_environment_hook('rabbit_package', 'ament_prefix_path')
[2.160s] INFO:colcon.colcon_core.shell:Creating environment hook '/home/entity014/ABU_new_ws/install/rabbit_package/share/rabbit_package/hook/ament_prefix_path.ps1'
[2.162s] INFO:colcon.colcon_core.shell:Creating environment descriptor '/home/entity014/ABU_new_ws/install/rabbit_package/share/rabbit_package/hook/ament_prefix_path.dsv'
[2.164s] INFO:colcon.colcon_core.shell:Creating environment hook '/home/entity014/ABU_new_ws/install/rabbit_package/share/rabbit_package/hook/ament_prefix_path.sh'
[2.170s] INFO:colcon.colcon_core.shell:Skip shell extension 'powershell' for command environment: Not usable outside of PowerShell
[2.170s] DEBUG:colcon.colcon_core.shell:Skip shell extension 'dsv' for command environment
[2.707s] INFO:colcon.colcon_core.task.python.build:Building Python package in '/home/entity014/ABU_new_ws/src/rabbit_package'
[2.710s] INFO:colcon.colcon_core.shell:Skip shell extension 'powershell' for command environment: Not usable outside of PowerShell
[2.710s] DEBUG:colcon.colcon_core.shell:Skip shell extension 'dsv' for command environment
[3.356s] DEBUG:colcon.colcon_core.event_handler.log_command:Invoking command in '/home/entity014/ABU_new_ws/src/rabbit_package': PYTHONPATH=/home/entity014/ABU_new_ws/build/rabbit_package/prefix_override:/home/entity014/ABU_new_ws/install/rabbit_package/lib/python3.8/site-packages:/home/entity014/ABU_new_ws/install/rabbit_interfaces/lib/python3.8/site-packages:/home/entity014/ABU_new_ws/install/rabbit_package/lib/python3.8/site-packages:/home/entity014/ros2_ws/install/swap_pillar/lib/python3.8/site-packages:/home/entity014/ros2_ws/install/micro_ros_msgs/lib/python3.8/site-packages:/home/entity014/ros2_ws/install/drive_base_msgs/lib/python3.8/site-packages:/home/entity014/abu_ws/install/wiimote_msgs/lib/python3.8/site-packages:/home/entity014/abu_ws/install/micro_ros_msgs/lib/python3.8/site-packages:/home/entity014/abu_ws/install/drive_base_msgs/lib/python3.8/site-packages:/home/entity014/abu_ws/install/abu_package/lib/python3.8/site-packages:/opt/ros/foxy/lib/python3.8/site-packages /usr/bin/python3 setup.py egg_info --egg-base ../../build/rabbit_package build --build-base /home/entity014/ABU_new_ws/build/rabbit_package/build install --record /home/entity014/ABU_new_ws/build/rabbit_package/install.log --install-scripts $base/lib/rabbit_package --single-version-externally-managed
[3.868s] Level 1:colcon.colcon_core.environment:checking '/home/entity014/ABU_new_ws/install/rabbit_package' for CMake module files
[3.869s] DEBUG:colcon.colcon_core.event_handler.log_command:Invoked command in '/home/entity014/ABU_new_ws/src/rabbit_package' returned '0': PYTHONPATH=/home/entity014/ABU_new_ws/build/rabbit_package/prefix_override:/home/entity014/ABU_new_ws/install/rabbit_package/lib/python3.8/site-packages:/home/entity014/ABU_new_ws/install/rabbit_interfaces/lib/python3.8/site-packages:/home/entity014/ABU_new_ws/install/rabbit_package/lib/python3.8/site-packages:/home/entity014/ros2_ws/install/swap_pillar/lib/python3.8/site-packages:/home/entity014/ros2_ws/install/micro_ros_msgs/lib/python3.8/site-packages:/home/entity014/ros2_ws/install/drive_base_msgs/lib/python3.8/site-packages:/home/entity014/abu_ws/install/wiimote_msgs/lib/python3.8/site-packages:/home/entity014/abu_ws/install/micro_ros_msgs/lib/python3.8/site-packages:/home/entity014/abu_ws/install/drive_base_msgs/lib/python3.8/site-packages:/home/entity014/abu_ws/install/abu_package/lib/python3.8/site-packages:/opt/ros/foxy/lib/python3.8/site-packages /usr/bin/python3 setup.py egg_info --egg-base ../../build/rabbit_package build --build-base /home/entity014/ABU_new_ws/build/rabbit_package/build install --record /home/entity014/ABU_new_ws/build/rabbit_package/install.log --install-scripts $base/lib/rabbit_package --single-version-externally-managed
[3.869s] Level 1:colcon.colcon_core.environment:checking '/home/entity014/ABU_new_ws/install/rabbit_package' for CMake config files
[3.870s] Level 1:colcon.colcon_core.environment:checking '/home/entity014/ABU_new_ws/install/rabbit_package/lib'
[3.870s] Level 1:colcon.colcon_core.environment:checking '/home/entity014/ABU_new_ws/install/rabbit_package/bin'
[3.871s] Level 1:colcon.colcon_core.environment:checking '/home/entity014/ABU_new_ws/install/rabbit_package/lib/pkgconfig/rabbit_package.pc'
[3.871s] Level 1:colcon.colcon_core.environment:checking '/home/entity014/ABU_new_ws/install/rabbit_package/lib/python3.8/site-packages'
[3.871s] Level 1:colcon.colcon_core.shell:create_environment_hook('rabbit_package', 'pythonpath')
[3.873s] INFO:colcon.colcon_core.shell:Creating environment hook '/home/entity014/ABU_new_ws/install/rabbit_package/share/rabbit_package/hook/pythonpath.ps1'
[3.874s] INFO:colcon.colcon_core.shell:Creating environment descriptor '/home/entity014/ABU_new_ws/install/rabbit_package/share/rabbit_package/hook/pythonpath.dsv'
[3.874s] INFO:colcon.colcon_core.shell:Creating environment hook '/home/entity014/ABU_new_ws/install/rabbit_package/share/rabbit_package/hook/pythonpath.sh'
[3.875s] Level 1:colcon.colcon_core.environment:checking '/home/entity014/ABU_new_ws/install/rabbit_package/bin'
[3.875s] Level 1:colcon.colcon_core.environment:create_environment_scripts_only(rabbit_package)
[3.877s] INFO:colcon.colcon_core.shell:Creating package script '/home/entity014/ABU_new_ws/install/rabbit_package/share/rabbit_package/package.ps1'
[3.878s] INFO:colcon.colcon_core.shell:Creating package descriptor '/home/entity014/ABU_new_ws/install/rabbit_package/share/rabbit_package/package.dsv'
[3.879s] INFO:colcon.colcon_core.shell:Creating package script '/home/entity014/ABU_new_ws/install/rabbit_package/share/rabbit_package/package.sh'
[3.879s] INFO:colcon.colcon_core.shell:Creating package script '/home/entity014/ABU_new_ws/install/rabbit_package/share/rabbit_package/package.bash'
[3.880s] INFO:colcon.colcon_core.shell:Creating package script '/home/entity014/ABU_new_ws/install/rabbit_package/share/rabbit_package/package.zsh'
[3.880s] Level 1:colcon.colcon_core.environment:create_file_with_runtime_dependencies(/home/entity014/ABU_new_ws/install/rabbit_package/share/colcon-core/packages/rabbit_package)
[3.881s] DEBUG:colcon.colcon_parallel_executor.executor.parallel:closing loop
[3.881s] DEBUG:colcon.colcon_parallel_executor.executor.parallel:loop closed
[3.881s] DEBUG:colcon.colcon_parallel_executor.executor.parallel:run_until_complete finished with '0'
[3.882s] DEBUG:colcon.colcon_core.event_reactor:joining thread
[3.891s] INFO:colcon.colcon_core.plugin_system:Skipping extension 'colcon_notification.desktop_notification.terminal_notifier': Not used on non-Darwin systems
[3.891s] INFO:colcon.colcon_core.plugin_system:Skipping extension 'colcon_notification.desktop_notification.win32': Not used on non-Windows systems
[3.891s] INFO:colcon.colcon_notification.desktop_notification:Sending desktop notification using 'notify2'
[3.915s] DEBUG:colcon.colcon_core.event_reactor:joined thread
[3.918s] INFO:colcon.colcon_core.shell:Creating prefix script '/home/entity014/ABU_new_ws/install/local_setup.ps1'
[3.920s] INFO:colcon.colcon_core.shell:Creating prefix util module '/home/entity014/ABU_new_ws/install/_local_setup_util_ps1.py'
[3.923s] INFO:colcon.colcon_core.shell:Creating prefix chain script '/home/entity014/ABU_new_ws/install/setup.ps1'
[3.927s] INFO:colcon.colcon_core.shell:Creating prefix script '/home/entity014/ABU_new_ws/install/local_setup.sh'
[3.929s] INFO:colcon.colcon_core.shell:Creating prefix util module '/home/entity014/ABU_new_ws/install/_local_setup_util_sh.py'
[3.930s] INFO:colcon.colcon_core.shell:Creating prefix chain script '/home/entity014/ABU_new_ws/install/setup.sh'
[3.935s] INFO:colcon.colcon_core.shell:Creating prefix script '/home/entity014/ABU_new_ws/install/local_setup.bash'
[3.937s] INFO:colcon.colcon_core.shell:Creating prefix chain script '/home/entity014/ABU_new_ws/install/setup.bash'
[3.943s] INFO:colcon.colcon_core.shell:Creating prefix script '/home/entity014/ABU_new_ws/install/local_setup.zsh'
[3.945s] INFO:colcon.colcon_core.shell:Creating prefix chain script '/home/entity014/ABU_new_ws/install/setup.zsh'
