[0.676s] Invoking command in '/home/entity014/ABU_new_ws/src/rabbit_package': PYTHONPATH=/home/entity014/ABU_new_ws/build/rabbit_package/prefix_override:/home/entity014/ABU_new_ws/install/rabbit_package/lib/python3.8/site-packages:/home/entity014/ABU_new_ws/install/rabbit_interfaces/lib/python3.8/site-packages:/home/entity014/ABU_new_ws/install/rabbit_package/lib/python3.8/site-packages:/home/entity014/ros2_ws/install/swap_pillar/lib/python3.8/site-packages:/home/entity014/ros2_ws/install/micro_ros_msgs/lib/python3.8/site-packages:/home/entity014/ros2_ws/install/drive_base_msgs/lib/python3.8/site-packages:/home/entity014/abu_ws/install/wiimote_msgs/lib/python3.8/site-packages:/home/entity014/abu_ws/install/micro_ros_msgs/lib/python3.8/site-packages:/home/entity014/abu_ws/install/drive_base_msgs/lib/python3.8/site-packages:/home/entity014/abu_ws/install/abu_package/lib/python3.8/site-packages:/opt/ros/foxy/lib/python3.8/site-packages /usr/bin/python3 setup.py egg_info --egg-base ../../build/rabbit_package build --build-base /home/entity014/ABU_new_ws/build/rabbit_package/build install --record /home/entity014/ABU_new_ws/build/rabbit_package/install.log --install-scripts $base/lib/rabbit_package --single-version-externally-managed
[0.900s] running egg_info
[0.900s] writing ../../build/rabbit_package/rabbit_package.egg-info/PKG-INFO
[0.900s] writing dependency_links to ../../build/rabbit_package/rabbit_package.egg-info/dependency_links.txt
[0.900s] writing entry points to ../../build/rabbit_package/rabbit_package.egg-info/entry_points.txt
[0.901s] writing requirements to ../../build/rabbit_package/rabbit_package.egg-info/requires.txt
[0.901s] writing top-level names to ../../build/rabbit_package/rabbit_package.egg-info/top_level.txt
[0.931s] reading manifest file '../../build/rabbit_package/rabbit_package.egg-info/SOURCES.txt'
[0.931s] writing manifest file '../../build/rabbit_package/rabbit_package.egg-info/SOURCES.txt'
[0.932s] running build
[0.932s] running build_py
[0.932s] copying rabbit_package/temp.py -> /home/entity014/ABU_new_ws/build/rabbit_package/build/lib/rabbit_package
[0.932s] running install
[0.933s] running install_lib
[0.934s] copying /home/entity014/ABU_new_ws/build/rabbit_package/build/lib/rabbit_package/temp.py -> /home/entity014/ABU_new_ws/install/rabbit_package/lib/python3.8/site-packages/rabbit_package
[0.934s] byte-compiling /home/entity014/ABU_new_ws/install/rabbit_package/lib/python3.8/site-packages/rabbit_package/temp.py to temp.cpython-38.pyc
[0.938s] running install_data
[0.939s] running install_egg_info
[0.940s] removing '/home/entity014/ABU_new_ws/install/rabbit_package/lib/python3.8/site-packages/rabbit_package-0.0.0-py3.8.egg-info' (and everything under it)
[0.940s] Copying ../../build/rabbit_package/rabbit_package.egg-info to /home/entity014/ABU_new_ws/install/rabbit_package/lib/python3.8/site-packages/rabbit_package-0.0.0-py3.8.egg-info
[0.941s] running install_scripts
[0.955s] Installing command_node script to /home/entity014/ABU_new_ws/install/rabbit_package/lib/rabbit_package
[0.955s] Installing controller_node script to /home/entity014/ABU_new_ws/install/rabbit_package/lib/rabbit_package
[0.955s] Installing drive_node script to /home/entity014/ABU_new_ws/install/rabbit_package/lib/rabbit_package
[0.955s] Installing joyCon_node script to /home/entity014/ABU_new_ws/install/rabbit_package/lib/rabbit_package
[0.955s] Installing terminal_node script to /home/entity014/ABU_new_ws/install/rabbit_package/lib/rabbit_package
[0.956s] writing list of installed files to '/home/entity014/ABU_new_ws/build/rabbit_package/install.log'
[0.975s] Invoked command in '/home/entity014/ABU_new_ws/src/rabbit_package' returned '0': PYTHONPATH=/home/entity014/ABU_new_ws/build/rabbit_package/prefix_override:/home/entity014/ABU_new_ws/install/rabbit_package/lib/python3.8/site-packages:/home/entity014/ABU_new_ws/install/rabbit_interfaces/lib/python3.8/site-packages:/home/entity014/ABU_new_ws/install/rabbit_package/lib/python3.8/site-packages:/home/entity014/ros2_ws/install/swap_pillar/lib/python3.8/site-packages:/home/entity014/ros2_ws/install/micro_ros_msgs/lib/python3.8/site-packages:/home/entity014/ros2_ws/install/drive_base_msgs/lib/python3.8/site-packages:/home/entity014/abu_ws/install/wiimote_msgs/lib/python3.8/site-packages:/home/entity014/abu_ws/install/micro_ros_msgs/lib/python3.8/site-packages:/home/entity014/abu_ws/install/drive_base_msgs/lib/python3.8/site-packages:/home/entity014/abu_ws/install/abu_package/lib/python3.8/site-packages:/opt/ros/foxy/lib/python3.8/site-packages /usr/bin/python3 setup.py egg_info --egg-base ../../build/rabbit_package build --build-base /home/entity014/ABU_new_ws/build/rabbit_package/build install --record /home/entity014/ABU_new_ws/build/rabbit_package/install.log --install-scripts $base/lib/rabbit_package --single-version-externally-managed
