[1.670s] Invoking command in '/home/entity014/ABU_new_ws/src/rabbit_package': PYTHONPATH=/home/entity014/ABU_new_ws/build/rabbit_package/prefix_override:/home/entity014/ABU_new_ws/install/rabbit_package/lib/python3.8/site-packages:${PYTHONPATH} /usr/bin/python3 setup.py egg_info --egg-base ../../build/rabbit_package build --build-base /home/entity014/ABU_new_ws/build/rabbit_package/build install --record /home/entity014/ABU_new_ws/build/rabbit_package/install.log --install-scripts $base/lib/rabbit_package --single-version-externally-managed
[2.087s] running egg_info
[2.088s] writing ../../build/rabbit_package/rabbit_package.egg-info/PKG-INFO
[2.088s] writing dependency_links to ../../build/rabbit_package/rabbit_package.egg-info/dependency_links.txt
[2.089s] writing entry points to ../../build/rabbit_package/rabbit_package.egg-info/entry_points.txt
[2.089s] writing requirements to ../../build/rabbit_package/rabbit_package.egg-info/requires.txt
[2.089s] writing top-level names to ../../build/rabbit_package/rabbit_package.egg-info/top_level.txt
[2.168s] reading manifest file '../../build/rabbit_package/rabbit_package.egg-info/SOURCES.txt'
[2.171s] writing manifest file '../../build/rabbit_package/rabbit_package.egg-info/SOURCES.txt'
[2.171s] running build
[2.171s] running build_py
[2.171s] copying rabbit_package/drive.py -> /home/entity014/ABU_new_ws/build/rabbit_package/build/lib/rabbit_package
[2.171s] copying rabbit_package/controller.py -> /home/entity014/ABU_new_ws/build/rabbit_package/build/lib/rabbit_package
[2.172s] running install
[2.175s] running install_lib
[2.177s] copying /home/entity014/ABU_new_ws/build/rabbit_package/build/lib/rabbit_package/drive.py -> /home/entity014/ABU_new_ws/install/rabbit_package/lib/python3.8/site-packages/rabbit_package
[2.177s] copying /home/entity014/ABU_new_ws/build/rabbit_package/build/lib/rabbit_package/controller.py -> /home/entity014/ABU_new_ws/install/rabbit_package/lib/python3.8/site-packages/rabbit_package
[2.179s] byte-compiling /home/entity014/ABU_new_ws/install/rabbit_package/lib/python3.8/site-packages/rabbit_package/drive.py to drive.cpython-38.pyc
[2.183s] byte-compiling /home/entity014/ABU_new_ws/install/rabbit_package/lib/python3.8/site-packages/rabbit_package/controller.py to controller.cpython-38.pyc
[2.185s] running install_data
[2.186s] running install_egg_info
[2.190s] removing '/home/entity014/ABU_new_ws/install/rabbit_package/lib/python3.8/site-packages/rabbit_package-0.0.0-py3.8.egg-info' (and everything under it)
[2.191s] Copying ../../build/rabbit_package/rabbit_package.egg-info to /home/entity014/ABU_new_ws/install/rabbit_package/lib/python3.8/site-packages/rabbit_package-0.0.0-py3.8.egg-info
[2.192s] running install_scripts
[2.229s] Installing controller_node script to /home/entity014/ABU_new_ws/install/rabbit_package/lib/rabbit_package
[2.229s] Installing drive_node script to /home/entity014/ABU_new_ws/install/rabbit_package/lib/rabbit_package
[2.229s] Installing joyCon_node script to /home/entity014/ABU_new_ws/install/rabbit_package/lib/rabbit_package
[2.230s] writing list of installed files to '/home/entity014/ABU_new_ws/build/rabbit_package/install.log'
[2.265s] Invoked command in '/home/entity014/ABU_new_ws/src/rabbit_package' returned '0': PYTHONPATH=/home/entity014/ABU_new_ws/build/rabbit_package/prefix_override:/home/entity014/ABU_new_ws/install/rabbit_package/lib/python3.8/site-packages:${PYTHONPATH} /usr/bin/python3 setup.py egg_info --egg-base ../../build/rabbit_package build --build-base /home/entity014/ABU_new_ws/build/rabbit_package/build install --record /home/entity014/ABU_new_ws/build/rabbit_package/install.log --install-scripts $base/lib/rabbit_package --single-version-externally-managed
