[0.044s] Invoking command in '/home/entity014/ABU_new_ws/build/rabbit_interfaces': CMAKE_PREFIX_PATH=${CMAKE_PREFIX_PATH}:/home/entity014/ABU_new_ws/install/rabbit_package:/home/entity014/ros2_ws/install/swap_pillar:/home/entity014/abu_ws/install/abu_package:/opt/ros/foxy /home/entity014/.local/bin/cmake --build /home/entity014/ABU_new_ws/build/rabbit_interfaces -- -j8 -l8
[0.160s] [  3%] Built target rabbit_interfaces__cpp
[0.168s] [ 12%] Built target rabbit_interfaces__rosidl_generator_c
[0.203s] [ 32%] Built target rabbit_interfaces__rosidl_typesupport_fastrtps_cpp
[0.203s] [ 32%] Built target rabbit_interfaces__rosidl_typesupport_cpp
[0.208s] [ 41%] Built target rabbit_interfaces__rosidl_typesupport_introspection_cpp
[0.214s] [ 51%] Built target rabbit_interfaces__rosidl_typesupport_introspection_c
[0.218s] [ 61%] Built target rabbit_interfaces__rosidl_typesupport_c
[0.237s] [ 70%] Built target rabbit_interfaces__rosidl_typesupport_fastrtps_c
[0.264s] [ 70%] Built target rabbit_interfaces
[0.282s] [ 74%] Built target rabbit_interfaces__py
[0.309s] [ 80%] Built target rabbit_interfaces__python
[0.337s] [ 87%] Built target rabbit_interfaces__rosidl_typesupport_introspection_c__pyext
[0.340s] [ 93%] Built target rabbit_interfaces__rosidl_typesupport_fastrtps_c__pyext
[0.340s] [100%] Built target rabbit_interfaces__rosidl_typesupport_c__pyext
[0.379s] Invoked command in '/home/entity014/ABU_new_ws/build/rabbit_interfaces' returned '0': CMAKE_PREFIX_PATH=${CMAKE_PREFIX_PATH}:/home/entity014/ABU_new_ws/install/rabbit_package:/home/entity014/ros2_ws/install/swap_pillar:/home/entity014/abu_ws/install/abu_package:/opt/ros/foxy /home/entity014/.local/bin/cmake --build /home/entity014/ABU_new_ws/build/rabbit_interfaces -- -j8 -l8
[0.693s] Invoking command in '/home/entity014/ABU_new_ws/build/rabbit_interfaces': CMAKE_PREFIX_PATH=${CMAKE_PREFIX_PATH}:/home/entity014/ABU_new_ws/install/rabbit_package:/home/entity014/ros2_ws/install/swap_pillar:/home/entity014/abu_ws/install/abu_package:/opt/ros/foxy /home/entity014/.local/bin/cmake --install /home/entity014/ABU_new_ws/build/rabbit_interfaces
[0.780s] -- Install configuration: ""
[0.780s] -- Up-to-date: /home/entity014/ABU_new_ws/install/rabbit_interfaces/share/ament_index/resource_index/rosidl_interfaces/rabbit_interfaces
[0.781s] -- Up-to-date: /home/entity014/ABU_new_ws/install/rabbit_interfaces/include/rabbit_interfaces
[0.781s] -- Up-to-date: /home/entity014/ABU_new_ws/install/rabbit_interfaces/include/rabbit_interfaces/msg
[0.781s] -- Up-to-date: /home/entity014/ABU_new_ws/install/rabbit_interfaces/include/rabbit_interfaces/msg/rab_dict.h
[0.781s] -- Up-to-date: /home/entity014/ABU_new_ws/install/rabbit_interfaces/include/rabbit_interfaces/msg/my_array.h
[0.781s] -- Up-to-date: /home/entity014/ABU_new_ws/install/rabbit_interfaces/include/rabbit_interfaces/msg/detail
[0.782s] -- Up-to-date: /home/entity014/ABU_new_ws/install/rabbit_interfaces/include/rabbit_interfaces/msg/detail/my_array__functions.h
[0.782s] -- Up-to-date: /home/entity014/ABU_new_ws/install/rabbit_interfaces/include/rabbit_interfaces/msg/detail/rab_dict__functions.c
[0.782s] -- Up-to-date: /home/entity014/ABU_new_ws/install/rabbit_interfaces/include/rabbit_interfaces/msg/detail/my_array__struct.h
[0.782s] -- Up-to-date: /home/entity014/ABU_new_ws/install/rabbit_interfaces/include/rabbit_interfaces/msg/detail/rab_dict__functions.h
[0.782s] -- Up-to-date: /home/entity014/ABU_new_ws/install/rabbit_interfaces/include/rabbit_interfaces/msg/detail/my_array__functions.c
[0.783s] -- Up-to-date: /home/entity014/ABU_new_ws/install/rabbit_interfaces/include/rabbit_interfaces/msg/detail/rab_dict__type_support.h
[0.783s] -- Up-to-date: /home/entity014/ABU_new_ws/install/rabbit_interfaces/include/rabbit_interfaces/msg/detail/my_array__type_support.h
[0.783s] -- Up-to-date: /home/entity014/ABU_new_ws/install/rabbit_interfaces/include/rabbit_interfaces/msg/detail/rab_dict__struct.h
[0.783s] -- Up-to-date: /home/entity014/ABU_new_ws/install/rabbit_interfaces/include/rabbit_interfaces/msg/rosidl_generator_c__visibility_control.h
[0.783s] -- Up-to-date: /home/entity014/ABU_new_ws/install/rabbit_interfaces/share/rabbit_interfaces/environment/library_path.sh
[0.783s] -- Up-to-date: /home/entity014/ABU_new_ws/install/rabbit_interfaces/share/rabbit_interfaces/environment/library_path.dsv
[0.784s] -- Up-to-date: /home/entity014/ABU_new_ws/install/rabbit_interfaces/lib/librabbit_interfaces__rosidl_generator_c.so
[0.784s] -- Up-to-date: /home/entity014/ABU_new_ws/install/rabbit_interfaces/include/rabbit_interfaces
[0.784s] -- Up-to-date: /home/entity014/ABU_new_ws/install/rabbit_interfaces/include/rabbit_interfaces/msg
[0.784s] -- Up-to-date: /home/entity014/ABU_new_ws/install/rabbit_interfaces/include/rabbit_interfaces/msg/rosidl_typesupport_fastrtps_c__visibility_control.h
[0.784s] -- Up-to-date: /home/entity014/ABU_new_ws/install/rabbit_interfaces/include/rabbit_interfaces/msg/detail
[0.785s] -- Up-to-date: /home/entity014/ABU_new_ws/install/rabbit_interfaces/include/rabbit_interfaces/msg/detail/rab_dict__rosidl_typesupport_fastrtps_c.h
[0.785s] -- Up-to-date: /home/entity014/ABU_new_ws/install/rabbit_interfaces/include/rabbit_interfaces/msg/detail/my_array__rosidl_typesupport_fastrtps_c.h
[0.786s] -- Up-to-date: /home/entity014/ABU_new_ws/install/rabbit_interfaces/lib/librabbit_interfaces__rosidl_typesupport_fastrtps_c.so
[0.786s] -- Up-to-date: /home/entity014/ABU_new_ws/install/rabbit_interfaces/include/rabbit_interfaces
[0.786s] -- Up-to-date: /home/entity014/ABU_new_ws/install/rabbit_interfaces/include/rabbit_interfaces/msg
[0.786s] -- Up-to-date: /home/entity014/ABU_new_ws/install/rabbit_interfaces/include/rabbit_interfaces/msg/rosidl_typesupport_fastrtps_cpp__visibility_control.h
[0.787s] -- Up-to-date: /home/entity014/ABU_new_ws/install/rabbit_interfaces/include/rabbit_interfaces/msg/detail
[0.788s] -- Up-to-date: /home/entity014/ABU_new_ws/install/rabbit_interfaces/include/rabbit_interfaces/msg/detail/my_array__rosidl_typesupport_fastrtps_cpp.hpp
[0.788s] -- Up-to-date: /home/entity014/ABU_new_ws/install/rabbit_interfaces/include/rabbit_interfaces/msg/detail/dds_fastrtps
[0.789s] -- Up-to-date: /home/entity014/ABU_new_ws/install/rabbit_interfaces/include/rabbit_interfaces/msg/detail/rab_dict__rosidl_typesupport_fastrtps_cpp.hpp
[0.789s] -- Up-to-date: /home/entity014/ABU_new_ws/install/rabbit_interfaces/lib/librabbit_interfaces__rosidl_typesupport_fastrtps_cpp.so
[0.789s] -- Up-to-date: /home/entity014/ABU_new_ws/install/rabbit_interfaces/include/rabbit_interfaces
[0.789s] -- Up-to-date: /home/entity014/ABU_new_ws/install/rabbit_interfaces/include/rabbit_interfaces/msg
[0.789s] -- Up-to-date: /home/entity014/ABU_new_ws/install/rabbit_interfaces/include/rabbit_interfaces/msg/rosidl_typesupport_introspection_c__visibility_control.h
[0.789s] -- Up-to-date: /home/entity014/ABU_new_ws/install/rabbit_interfaces/include/rabbit_interfaces/msg/detail
[0.790s] -- Up-to-date: /home/entity014/ABU_new_ws/install/rabbit_interfaces/include/rabbit_interfaces/msg/detail/rab_dict__rosidl_typesupport_introspection_c.h
[0.790s] -- Up-to-date: /home/entity014/ABU_new_ws/install/rabbit_interfaces/include/rabbit_interfaces/msg/detail/my_array__type_support.c
[0.790s] -- Up-to-date: /home/entity014/ABU_new_ws/install/rabbit_interfaces/include/rabbit_interfaces/msg/detail/rab_dict__type_support.c
[0.790s] -- Up-to-date: /home/entity014/ABU_new_ws/install/rabbit_interfaces/include/rabbit_interfaces/msg/detail/my_array__rosidl_typesupport_introspection_c.h
[0.791s] -- Up-to-date: /home/entity014/ABU_new_ws/install/rabbit_interfaces/lib/librabbit_interfaces__rosidl_typesupport_introspection_c.so
[0.791s] -- Up-to-date: /home/entity014/ABU_new_ws/install/rabbit_interfaces/lib/librabbit_interfaces__rosidl_typesupport_c.so
[0.791s] -- Up-to-date: /home/entity014/ABU_new_ws/install/rabbit_interfaces/include/rabbit_interfaces
[0.791s] -- Up-to-date: /home/entity014/ABU_new_ws/install/rabbit_interfaces/include/rabbit_interfaces/msg
[0.791s] -- Up-to-date: /home/entity014/ABU_new_ws/install/rabbit_interfaces/include/rabbit_interfaces/msg/my_array.hpp
[0.791s] -- Up-to-date: /home/entity014/ABU_new_ws/install/rabbit_interfaces/include/rabbit_interfaces/msg/detail
[0.791s] -- Up-to-date: /home/entity014/ABU_new_ws/install/rabbit_interfaces/include/rabbit_interfaces/msg/detail/rab_dict__traits.hpp
[0.792s] -- Up-to-date: /home/entity014/ABU_new_ws/install/rabbit_interfaces/include/rabbit_interfaces/msg/detail/my_array__traits.hpp
[0.792s] -- Up-to-date: /home/entity014/ABU_new_ws/install/rabbit_interfaces/include/rabbit_interfaces/msg/detail/rab_dict__struct.hpp
[0.792s] -- Up-to-date: /home/entity014/ABU_new_ws/install/rabbit_interfaces/include/rabbit_interfaces/msg/detail/my_array__struct.hpp
[0.792s] -- Up-to-date: /home/entity014/ABU_new_ws/install/rabbit_interfaces/include/rabbit_interfaces/msg/detail/my_array__builder.hpp
[0.792s] -- Up-to-date: /home/entity014/ABU_new_ws/install/rabbit_interfaces/include/rabbit_interfaces/msg/detail/rab_dict__builder.hpp
[0.792s] -- Up-to-date: /home/entity014/ABU_new_ws/install/rabbit_interfaces/include/rabbit_interfaces/msg/rab_dict.hpp
[0.792s] -- Up-to-date: /home/entity014/ABU_new_ws/install/rabbit_interfaces/include/rabbit_interfaces
[0.793s] -- Up-to-date: /home/entity014/ABU_new_ws/install/rabbit_interfaces/include/rabbit_interfaces/msg
[0.793s] -- Up-to-date: /home/entity014/ABU_new_ws/install/rabbit_interfaces/include/rabbit_interfaces/msg/detail
[0.793s] -- Up-to-date: /home/entity014/ABU_new_ws/install/rabbit_interfaces/include/rabbit_interfaces/msg/detail/rab_dict__rosidl_typesupport_introspection_cpp.hpp
[0.793s] -- Up-to-date: /home/entity014/ABU_new_ws/install/rabbit_interfaces/include/rabbit_interfaces/msg/detail/rab_dict__type_support.cpp
[0.793s] -- Up-to-date: /home/entity014/ABU_new_ws/install/rabbit_interfaces/include/rabbit_interfaces/msg/detail/my_array__type_support.cpp
[0.793s] -- Up-to-date: /home/entity014/ABU_new_ws/install/rabbit_interfaces/include/rabbit_interfaces/msg/detail/my_array__rosidl_typesupport_introspection_cpp.hpp
[0.794s] -- Up-to-date: /home/entity014/ABU_new_ws/install/rabbit_interfaces/lib/librabbit_interfaces__rosidl_typesupport_introspection_cpp.so
[0.794s] -- Up-to-date: /home/entity014/ABU_new_ws/install/rabbit_interfaces/lib/librabbit_interfaces__rosidl_typesupport_cpp.so
[0.794s] -- Up-to-date: /home/entity014/ABU_new_ws/install/rabbit_interfaces/share/rabbit_interfaces/environment/pythonpath.sh
[0.794s] -- Up-to-date: /home/entity014/ABU_new_ws/install/rabbit_interfaces/share/rabbit_interfaces/environment/pythonpath.dsv
[0.794s] -- Up-to-date: /home/entity014/ABU_new_ws/install/rabbit_interfaces/lib/python3.8/site-packages/rabbit_interfaces/__init__.py
[0.898s] -- Up-to-date: /home/entity014/ABU_new_ws/install/rabbit_interfaces/lib/python3.8/site-packages/rabbit_interfaces/msg
[0.898s] -- Up-to-date: /home/entity014/ABU_new_ws/install/rabbit_interfaces/lib/python3.8/site-packages/rabbit_interfaces/msg/_my_array.py
[0.898s] -- Up-to-date: /home/entity014/ABU_new_ws/install/rabbit_interfaces/lib/python3.8/site-packages/rabbit_interfaces/msg/_rab_dict_s.c
[0.899s] -- Up-to-date: /home/entity014/ABU_new_ws/install/rabbit_interfaces/lib/python3.8/site-packages/rabbit_interfaces/msg/_my_array_s.c
[0.899s] -- Up-to-date: /home/entity014/ABU_new_ws/install/rabbit_interfaces/lib/python3.8/site-packages/rabbit_interfaces/msg/_rab_dict.py
[0.899s] -- Up-to-date: /home/entity014/ABU_new_ws/install/rabbit_interfaces/lib/python3.8/site-packages/rabbit_interfaces/msg/__init__.py
[0.899s] -- Up-to-date: /home/entity014/ABU_new_ws/install/rabbit_interfaces/lib/python3.8/site-packages/rabbit_interfaces/rabbit_interfaces_s__rosidl_typesupport_fastrtps_c.cpython-38-x86_64-linux-gnu.so
[0.899s] -- Up-to-date: /home/entity014/ABU_new_ws/install/rabbit_interfaces/lib/python3.8/site-packages/rabbit_interfaces/rabbit_interfaces_s__rosidl_typesupport_introspection_c.cpython-38-x86_64-linux-gnu.so
[0.900s] -- Up-to-date: /home/entity014/ABU_new_ws/install/rabbit_interfaces/lib/python3.8/site-packages/rabbit_interfaces/rabbit_interfaces_s__rosidl_typesupport_c.cpython-38-x86_64-linux-gnu.so
[0.900s] -- Up-to-date: /home/entity014/ABU_new_ws/install/rabbit_interfaces/lib/librabbit_interfaces__python.so
[0.900s] -- Up-to-date: /home/entity014/ABU_new_ws/install/rabbit_interfaces/share/rabbit_interfaces/msg/RabDict.idl
[0.900s] -- Up-to-date: /home/entity014/ABU_new_ws/install/rabbit_interfaces/share/rabbit_interfaces/msg/RabDict.msg
[0.900s] -- Up-to-date: /home/entity014/ABU_new_ws/install/rabbit_interfaces/share/ament_index/resource_index/package_run_dependencies/rabbit_interfaces
[0.900s] -- Up-to-date: /home/entity014/ABU_new_ws/install/rabbit_interfaces/share/ament_index/resource_index/parent_prefix_path/rabbit_interfaces
[0.901s] -- Up-to-date: /home/entity014/ABU_new_ws/install/rabbit_interfaces/share/rabbit_interfaces/environment/ament_prefix_path.sh
[0.901s] -- Up-to-date: /home/entity014/ABU_new_ws/install/rabbit_interfaces/share/rabbit_interfaces/environment/ament_prefix_path.dsv
[0.901s] -- Up-to-date: /home/entity014/ABU_new_ws/install/rabbit_interfaces/share/rabbit_interfaces/environment/path.sh
[0.901s] -- Up-to-date: /home/entity014/ABU_new_ws/install/rabbit_interfaces/share/rabbit_interfaces/environment/path.dsv
[0.901s] -- Up-to-date: /home/entity014/ABU_new_ws/install/rabbit_interfaces/share/rabbit_interfaces/local_setup.bash
[0.902s] -- Up-to-date: /home/entity014/ABU_new_ws/install/rabbit_interfaces/share/rabbit_interfaces/local_setup.sh
[0.902s] -- Up-to-date: /home/entity014/ABU_new_ws/install/rabbit_interfaces/share/rabbit_interfaces/local_setup.zsh
[0.902s] -- Up-to-date: /home/entity014/ABU_new_ws/install/rabbit_interfaces/share/rabbit_interfaces/local_setup.dsv
[0.902s] -- Installing: /home/entity014/ABU_new_ws/install/rabbit_interfaces/share/rabbit_interfaces/package.dsv
[0.902s] -- Up-to-date: /home/entity014/ABU_new_ws/install/rabbit_interfaces/share/ament_index/resource_index/packages/rabbit_interfaces
[0.903s] -- Up-to-date: /home/entity014/ABU_new_ws/install/rabbit_interfaces/share/rabbit_interfaces/cmake/rabbit_interfaces__rosidl_generator_cExport.cmake
[0.903s] -- Up-to-date: /home/entity014/ABU_new_ws/install/rabbit_interfaces/share/rabbit_interfaces/cmake/rabbit_interfaces__rosidl_generator_cExport-noconfig.cmake
[0.903s] -- Up-to-date: /home/entity014/ABU_new_ws/install/rabbit_interfaces/share/rabbit_interfaces/cmake/rabbit_interfaces__rosidl_typesupport_introspection_cExport.cmake
[0.903s] -- Up-to-date: /home/entity014/ABU_new_ws/install/rabbit_interfaces/share/rabbit_interfaces/cmake/rabbit_interfaces__rosidl_typesupport_introspection_cExport-noconfig.cmake
[0.903s] -- Up-to-date: /home/entity014/ABU_new_ws/install/rabbit_interfaces/share/rabbit_interfaces/cmake/rabbit_interfaces__rosidl_typesupport_cExport.cmake
[0.904s] -- Up-to-date: /home/entity014/ABU_new_ws/install/rabbit_interfaces/share/rabbit_interfaces/cmake/rabbit_interfaces__rosidl_typesupport_cExport-noconfig.cmake
[0.904s] -- Up-to-date: /home/entity014/ABU_new_ws/install/rabbit_interfaces/share/rabbit_interfaces/cmake/rabbit_interfaces__rosidl_generator_cppExport.cmake
[0.904s] -- Up-to-date: /home/entity014/ABU_new_ws/install/rabbit_interfaces/share/rabbit_interfaces/cmake/rabbit_interfaces__rosidl_typesupport_introspection_cppExport.cmake
[0.905s] -- Up-to-date: /home/entity014/ABU_new_ws/install/rabbit_interfaces/share/rabbit_interfaces/cmake/rabbit_interfaces__rosidl_typesupport_introspection_cppExport-noconfig.cmake
[0.905s] -- Up-to-date: /home/entity014/ABU_new_ws/install/rabbit_interfaces/share/rabbit_interfaces/cmake/rabbit_interfaces__rosidl_typesupport_cppExport.cmake
[0.905s] -- Up-to-date: /home/entity014/ABU_new_ws/install/rabbit_interfaces/share/rabbit_interfaces/cmake/rabbit_interfaces__rosidl_typesupport_cppExport-noconfig.cmake
[0.905s] -- Up-to-date: /home/entity014/ABU_new_ws/install/rabbit_interfaces/share/rabbit_interfaces/cmake/rosidl_cmake-extras.cmake
[0.909s] -- Up-to-date: /home/entity014/ABU_new_ws/install/rabbit_interfaces/share/rabbit_interfaces/cmake/ament_cmake_export_dependencies-extras.cmake
[0.909s] -- Up-to-date: /home/entity014/ABU_new_ws/install/rabbit_interfaces/share/rabbit_interfaces/cmake/ament_cmake_export_libraries-extras.cmake
[0.912s] -- Up-to-date: /home/entity014/ABU_new_ws/install/rabbit_interfaces/share/rabbit_interfaces/cmake/ament_cmake_export_targets-extras.cmake
[0.913s] -- Up-to-date: /home/entity014/ABU_new_ws/install/rabbit_interfaces/share/rabbit_interfaces/cmake/ament_cmake_export_include_directories-extras.cmake
[0.913s] -- Up-to-date: /home/entity014/ABU_new_ws/install/rabbit_interfaces/share/rabbit_interfaces/cmake/rosidl_cmake_export_typesupport_libraries-extras.cmake
[0.914s] -- Up-to-date: /home/entity014/ABU_new_ws/install/rabbit_interfaces/share/rabbit_interfaces/cmake/rosidl_cmake_export_typesupport_targets-extras.cmake
[0.914s] -- Up-to-date: /home/entity014/ABU_new_ws/install/rabbit_interfaces/share/rabbit_interfaces/cmake/rabbit_interfacesConfig.cmake
[0.914s] -- Up-to-date: /home/entity014/ABU_new_ws/install/rabbit_interfaces/share/rabbit_interfaces/cmake/rabbit_interfacesConfig-version.cmake
[0.915s] -- Up-to-date: /home/entity014/ABU_new_ws/install/rabbit_interfaces/share/rabbit_interfaces/package.xml
[0.915s] Invoked command in '/home/entity014/ABU_new_ws/build/rabbit_interfaces' returned '0': CMAKE_PREFIX_PATH=${CMAKE_PREFIX_PATH}:/home/entity014/ABU_new_ws/install/rabbit_package:/home/entity014/ros2_ws/install/swap_pillar:/home/entity014/abu_ws/install/abu_package:/opt/ros/foxy /home/entity014/.local/bin/cmake --install /home/entity014/ABU_new_ws/build/rabbit_interfaces
