running egg_info
writing ../../build/rabbit_package/rabbit_package.egg-info/PKG-INFO
writing dependency_links to ../../build/rabbit_package/rabbit_package.egg-info/dependency_links.txt
writing entry points to ../../build/rabbit_package/rabbit_package.egg-info/entry_points.txt
writing requirements to ../../build/rabbit_package/rabbit_package.egg-info/requires.txt
writing top-level names to ../../build/rabbit_package/rabbit_package.egg-info/top_level.txt
reading manifest file '../../build/rabbit_package/rabbit_package.egg-info/SOURCES.txt'
writing manifest file '../../build/rabbit_package/rabbit_package.egg-info/SOURCES.txt'
running build
running build_py
running install
running install_lib
running install_data
copying launch/rabbit.launch.py -> /home/entity014/ABU_new_ws/install/rabbit_package/share/rabbit_package
running install_egg_info
removing '/home/entity014/ABU_new_ws/install/rabbit_package/lib/python3.8/site-packages/rabbit_package-0.0.0-py3.8.egg-info' (and everything under it)
Copying ../../build/rabbit_package/rabbit_package.egg-info to /home/entity014/ABU_new_ws/install/rabbit_package/lib/python3.8/site-packages/rabbit_package-0.0.0-py3.8.egg-info
running install_scripts
Installing controller_node script to /home/entity014/ABU_new_ws/install/rabbit_package/lib/rabbit_package
Installing drive_node script to /home/entity014/ABU_new_ws/install/rabbit_package/lib/rabbit_package
Installing joyCon_node script to /home/entity014/ABU_new_ws/install/rabbit_package/lib/rabbit_package
writing list of installed files to '/home/entity014/ABU_new_ws/build/rabbit_package/install.log'
