[1.692s] Invoking command in '/home/entity014/ABU_new_ws/src/rabbit_package': PYTHONPATH=/home/entity014/ABU_new_ws/build/rabbit_package/prefix_override:/home/entity014/ABU_new_ws/install/rabbit_package/lib/python3.8/site-packages:${PYTHONPATH} /usr/bin/python3 setup.py egg_info --egg-base ../../build/rabbit_package build --build-base /home/entity014/ABU_new_ws/build/rabbit_package/build install --record /home/entity014/ABU_new_ws/build/rabbit_package/install.log --install-scripts $base/lib/rabbit_package --single-version-externally-managed
[2.266s] running egg_info
[2.267s] writing ../../build/rabbit_package/rabbit_package.egg-info/PKG-INFO
[2.267s] writing dependency_links to ../../build/rabbit_package/rabbit_package.egg-info/dependency_links.txt
[2.267s] writing entry points to ../../build/rabbit_package/rabbit_package.egg-info/entry_points.txt
[2.268s] writing requirements to ../../build/rabbit_package/rabbit_package.egg-info/requires.txt
[2.268s] writing top-level names to ../../build/rabbit_package/rabbit_package.egg-info/top_level.txt
[2.351s] reading manifest file '../../build/rabbit_package/rabbit_package.egg-info/SOURCES.txt'
[2.354s] writing manifest file '../../build/rabbit_package/rabbit_package.egg-info/SOURCES.txt'
[2.354s] running build
[2.355s] running build_py
[2.355s] copying rabbit_package/command.py -> /home/entity014/ABU_new_ws/build/rabbit_package/build/lib/rabbit_package
[2.355s] copying rabbit_package/drive.py -> /home/entity014/ABU_new_ws/build/rabbit_package/build/lib/rabbit_package
[2.356s] running install
[2.358s] running install_lib
[2.361s] copying /home/entity014/ABU_new_ws/build/rabbit_package/build/lib/rabbit_package/command.py -> /home/entity014/ABU_new_ws/install/rabbit_package/lib/python3.8/site-packages/rabbit_package
[2.361s] copying /home/entity014/ABU_new_ws/build/rabbit_package/build/lib/rabbit_package/drive.py -> /home/entity014/ABU_new_ws/install/rabbit_package/lib/python3.8/site-packages/rabbit_package
[2.362s] byte-compiling /home/entity014/ABU_new_ws/install/rabbit_package/lib/python3.8/site-packages/rabbit_package/command.py to command.cpython-38.pyc
[2.367s] byte-compiling /home/entity014/ABU_new_ws/install/rabbit_package/lib/python3.8/site-packages/rabbit_package/drive.py to drive.cpython-38.pyc
[2.370s] running install_data
[2.372s] running install_egg_info
[2.375s] removing '/home/entity014/ABU_new_ws/install/rabbit_package/lib/python3.8/site-packages/rabbit_package-0.0.0-py3.8.egg-info' (and everything under it)
[2.375s] Copying ../../build/rabbit_package/rabbit_package.egg-info to /home/entity014/ABU_new_ws/install/rabbit_package/lib/python3.8/site-packages/rabbit_package-0.0.0-py3.8.egg-info
[2.377s] running install_scripts
[2.420s] Installing command_node script to /home/entity014/ABU_new_ws/install/rabbit_package/lib/rabbit_package
[2.420s] Installing controller_node script to /home/entity014/ABU_new_ws/install/rabbit_package/lib/rabbit_package
[2.420s] Installing drive_node script to /home/entity014/ABU_new_ws/install/rabbit_package/lib/rabbit_package
[2.420s] Installing joyCon_node script to /home/entity014/ABU_new_ws/install/rabbit_package/lib/rabbit_package
[2.421s] writing list of installed files to '/home/entity014/ABU_new_ws/build/rabbit_package/install.log'
[2.476s] Invoked command in '/home/entity014/ABU_new_ws/src/rabbit_package' returned '0': PYTHONPATH=/home/entity014/ABU_new_ws/build/rabbit_package/prefix_override:/home/entity014/ABU_new_ws/install/rabbit_package/lib/python3.8/site-packages:${PYTHONPATH} /usr/bin/python3 setup.py egg_info --egg-base ../../build/rabbit_package build --build-base /home/entity014/ABU_new_ws/build/rabbit_package/build install --record /home/entity014/ABU_new_ws/build/rabbit_package/install.log --install-scripts $base/lib/rabbit_package --single-version-externally-managed
