[0.030s] Invoking command in '/home/entity014/ABU_new_ws/build/rabbit_interfaces': CMAKE_PREFIX_PATH=${CMAKE_PREFIX_PATH}:/home/entity014/ABU_new_ws/install/rabbit_package:/home/entity014/ros2_ws/install/swap_pillar:/home/entity014/abu_ws/install/abu_package:/opt/ros/foxy /home/entity014/.local/bin/cmake --build /home/entity014/ABU_new_ws/build/rabbit_interfaces -- -j8 -l8
[0.101s] -- Found ament_cmake: 0.9.11 (/opt/ros/foxy/share/ament_cmake/cmake)
[0.143s] -- Found PythonInterp: /usr/bin/python3 (found suitable version "3.8.10", minimum required is "3") 
[0.143s] -- Using PYTHON_EXECUTABLE: /usr/bin/python3
[0.557s] -- Found rosidl_default_generators: 1.0.1 (/opt/ros/foxy/share/rosidl_default_generators/cmake)
[0.564s] -- Using all available rosidl_typesupport_c: rosidl_typesupport_fastrtps_c;rosidl_typesupport_introspection_c
[0.569s] -- Found rosidl_adapter: 1.3.0 (/opt/ros/foxy/share/rosidl_adapter/cmake)
[0.816s] -- Using all available rosidl_typesupport_cpp: rosidl_typesupport_fastrtps_cpp;rosidl_typesupport_introspection_cpp
[0.891s] -- Found PythonInterp: /usr/bin/python3 (found version "3.8.10") 
[1.107s] -- Found ament_cmake_ros: 0.9.2 (/opt/ros/foxy/share/ament_cmake_ros/cmake)
[1.281s] -- Using all available rosidl_typesupport_c: rosidl_typesupport_fastrtps_c;rosidl_typesupport_introspection_c
[1.293s] -- Using all available rosidl_typesupport_cpp: rosidl_typesupport_fastrtps_cpp;rosidl_typesupport_introspection_cpp
[1.335s] -- Found PythonInterp: /usr/bin/python3 (found suitable version "3.8.10", minimum required is "3.5") 
[1.336s] -- Found python_cmake_module: 0.8.1 (/opt/ros/foxy/share/python_cmake_module/cmake)
[1.377s] -- Using PYTHON_EXECUTABLE: /usr/bin/python3
[1.377s] -- Using PYTHON_INCLUDE_DIRS: /usr/include/python3.8
[1.378s] -- Using PYTHON_LIBRARIES: /usr/lib/x86_64-linux-gnu/libpython3.8.so
[1.412s] -- Configuring done (1.3s)
[1.464s] -- Generating done (0.0s)
[1.471s] -- Build files have been written to: /home/entity014/ABU_new_ws/build/rabbit_interfaces
[1.492s] [  3%] [34m[1mGenerating C code for ROS interfaces[0m
[1.500s] [  6%] [34m[1mGenerating C++ code for ROS interfaces[0m
[1.837s] [  6%] Built target rabbit_interfaces__cpp
[1.846s] [  9%] [34m[1mGenerating C++ type support for eProsima Fast-RTPS[0m
[1.848s] [ 12%] [34m[1mGenerating C++ introspection for ROS interfaces[0m
[1.848s] [ 16%] [34m[1mGenerating C++ type support dispatch for ROS interfaces[0m
[1.857s] [ 19%] [32mBuilding C object CMakeFiles/rabbit_interfaces__rosidl_generator_c.dir/rosidl_generator_c/rabbit_interfaces/msg/detail/rab_dict__functions.c.o[0m
[1.952s] [ 22%] [32m[1mLinking C shared library librabbit_interfaces__rosidl_generator_c.so[0m
[1.994s] [ 22%] Built target rabbit_interfaces__rosidl_generator_c
[2.004s] [ 25%] [34m[1mGenerating C type support dispatch for ROS interfaces[0m
[2.005s] [ 29%] [34m[1mGenerating C introspection for ROS interfaces[0m
[2.192s] [ 32%] [32mBuilding CXX object CMakeFiles/rabbit_interfaces__rosidl_typesupport_introspection_cpp.dir/rosidl_typesupport_introspection_cpp/rabbit_interfaces/msg/detail/rab_dict__type_support.cpp.o[0m
[2.312s] [ 35%] [32mBuilding CXX object CMakeFiles/rabbit_interfaces__rosidl_typesupport_cpp.dir/rosidl_typesupport_cpp/rabbit_interfaces/msg/rab_dict__type_support.cpp.o[0m
[2.340s] [ 38%] [32mBuilding CXX object CMakeFiles/rabbit_interfaces__rosidl_typesupport_c.dir/rosidl_typesupport_c/rabbit_interfaces/msg/rab_dict__type_support.cpp.o[0m
[2.351s] [ 41%] [32mBuilding CXX object CMakeFiles/rabbit_interfaces__rosidl_typesupport_fastrtps_cpp.dir/rosidl_typesupport_fastrtps_cpp/rabbit_interfaces/msg/detail/dds_fastrtps/rab_dict__type_support.cpp.o[0m
[2.386s] [ 45%] [32m[1mLinking CXX shared library librabbit_interfaces__rosidl_typesupport_c.so[0m
[2.458s] [ 45%] Built target rabbit_interfaces__rosidl_typesupport_c
[2.535s] [ 48%] [32mBuilding C object CMakeFiles/rabbit_interfaces__rosidl_typesupport_introspection_c.dir/rosidl_typesupport_introspection_c/rabbit_interfaces/msg/detail/rab_dict__type_support.c.o[0m
[2.607s] [ 51%] [32m[1mLinking C shared library librabbit_interfaces__rosidl_typesupport_introspection_c.so[0m
[2.655s] [ 51%] Built target rabbit_interfaces__rosidl_typesupport_introspection_c
[2.808s] [ 54%] [32m[1mLinking CXX shared library librabbit_interfaces__rosidl_typesupport_introspection_cpp.so[0m
[2.896s] [ 58%] [32m[1mLinking CXX shared library librabbit_interfaces__rosidl_typesupport_cpp.so[0m
[2.911s] [ 58%] Built target rabbit_interfaces__rosidl_typesupport_introspection_cpp
[2.945s] [ 58%] Built target rabbit_interfaces__rosidl_typesupport_cpp
[3.169s] [ 61%] [32m[1mLinking CXX shared library librabbit_interfaces__rosidl_typesupport_fastrtps_cpp.so[0m
[3.291s] [ 61%] Built target rabbit_interfaces__rosidl_typesupport_fastrtps_cpp
[3.299s] [ 64%] [34m[1mGenerating C type support for eProsima Fast-RTPS[0m
[3.626s] [ 67%] [32mBuilding CXX object CMakeFiles/rabbit_interfaces__rosidl_typesupport_fastrtps_c.dir/rosidl_typesupport_fastrtps_c/rabbit_interfaces/msg/detail/rab_dict__type_support_c.cpp.o[0m
[4.158s] [ 70%] [32m[1mLinking CXX shared library librabbit_interfaces__rosidl_typesupport_fastrtps_c.so[0m
[4.277s] [ 70%] Built target rabbit_interfaces__rosidl_typesupport_fastrtps_c
[4.293s] [ 70%] Built target rabbit_interfaces
[4.309s] [ 74%] [34m[1mGenerating Python code for ROS interfaces[0m
[4.979s] [ 74%] Built target rabbit_interfaces__py
[5.000s] [ 77%] [32mBuilding C object CMakeFiles/rabbit_interfaces__python.dir/rosidl_generator_py/rabbit_interfaces/msg/_rab_dict_s.c.o[0m
[5.146s] [ 80%] [32m[1mLinking C shared library rosidl_generator_py/rabbit_interfaces/librabbit_interfaces__python.so[0m
[5.192s] [ 80%] Built target rabbit_interfaces__python
[5.213s] [ 83%] [32mBuilding C object CMakeFiles/rabbit_interfaces__rosidl_typesupport_c__pyext.dir/rosidl_generator_py/rabbit_interfaces/_rabbit_interfaces_s.ep.rosidl_typesupport_c.c.o[0m
[5.216s] [ 87%] [32mBuilding C object CMakeFiles/rabbit_interfaces__rosidl_typesupport_fastrtps_c__pyext.dir/rosidl_generator_py/rabbit_interfaces/_rabbit_interfaces_s.ep.rosidl_typesupport_fastrtps_c.c.o[0m
[5.216s] [ 90%] [32mBuilding C object CMakeFiles/rabbit_interfaces__rosidl_typesupport_introspection_c__pyext.dir/rosidl_generator_py/rabbit_interfaces/_rabbit_interfaces_s.ep.rosidl_typesupport_introspection_c.c.o[0m
[5.333s] [ 93%] [32m[1mLinking C shared library rosidl_generator_py/rabbit_interfaces/rabbit_interfaces_s__rosidl_typesupport_c.cpython-38-x86_64-linux-gnu.so[0m
[5.375s] [ 93%] Built target rabbit_interfaces__rosidl_typesupport_c__pyext
[5.382s] [ 96%] [32m[1mLinking CXX shared library rosidl_generator_py/rabbit_interfaces/rabbit_interfaces_s__rosidl_typesupport_fastrtps_c.cpython-38-x86_64-linux-gnu.so[0m
[5.400s] [100%] [32m[1mLinking C shared library rosidl_generator_py/rabbit_interfaces/rabbit_interfaces_s__rosidl_typesupport_introspection_c.cpython-38-x86_64-linux-gnu.so[0m
[5.440s] [100%] Built target rabbit_interfaces__rosidl_typesupport_introspection_c__pyext
[5.471s] [100%] Built target rabbit_interfaces__rosidl_typesupport_fastrtps_c__pyext
[5.487s] Invoked command in '/home/entity014/ABU_new_ws/build/rabbit_interfaces' returned '0': CMAKE_PREFIX_PATH=${CMAKE_PREFIX_PATH}:/home/entity014/ABU_new_ws/install/rabbit_package:/home/entity014/ros2_ws/install/swap_pillar:/home/entity014/abu_ws/install/abu_package:/opt/ros/foxy /home/entity014/.local/bin/cmake --build /home/entity014/ABU_new_ws/build/rabbit_interfaces -- -j8 -l8
[5.701s] Invoking command in '/home/entity014/ABU_new_ws/build/rabbit_interfaces': CMAKE_PREFIX_PATH=${CMAKE_PREFIX_PATH}:/home/entity014/ABU_new_ws/install/rabbit_package:/home/entity014/ros2_ws/install/swap_pillar:/home/entity014/abu_ws/install/abu_package:/opt/ros/foxy /home/entity014/.local/bin/cmake --install /home/entity014/ABU_new_ws/build/rabbit_interfaces
[5.750s] -- Install configuration: ""
[5.750s] -- Up-to-date: /home/entity014/ABU_new_ws/install/rabbit_interfaces/share/ament_index/resource_index/rosidl_interfaces/rabbit_interfaces
[5.751s] -- Up-to-date: /home/entity014/ABU_new_ws/install/rabbit_interfaces/include/rabbit_interfaces
[5.751s] -- Up-to-date: /home/entity014/ABU_new_ws/install/rabbit_interfaces/include/rabbit_interfaces/msg
[5.751s] -- Installing: /home/entity014/ABU_new_ws/install/rabbit_interfaces/include/rabbit_interfaces/msg/rab_dict.h
[5.752s] -- Up-to-date: /home/entity014/ABU_new_ws/install/rabbit_interfaces/include/rabbit_interfaces/msg/my_array.h
[5.752s] -- Up-to-date: /home/entity014/ABU_new_ws/install/rabbit_interfaces/include/rabbit_interfaces/msg/detail
[5.752s] -- Up-to-date: /home/entity014/ABU_new_ws/install/rabbit_interfaces/include/rabbit_interfaces/msg/detail/my_array__functions.h
[5.753s] -- Installing: /home/entity014/ABU_new_ws/install/rabbit_interfaces/include/rabbit_interfaces/msg/detail/rab_dict__functions.c
[5.753s] -- Up-to-date: /home/entity014/ABU_new_ws/install/rabbit_interfaces/include/rabbit_interfaces/msg/detail/my_array__struct.h
[5.753s] -- Installing: /home/entity014/ABU_new_ws/install/rabbit_interfaces/include/rabbit_interfaces/msg/detail/rab_dict__functions.h
[5.753s] -- Up-to-date: /home/entity014/ABU_new_ws/install/rabbit_interfaces/include/rabbit_interfaces/msg/detail/my_array__functions.c
[5.754s] -- Installing: /home/entity014/ABU_new_ws/install/rabbit_interfaces/include/rabbit_interfaces/msg/detail/rab_dict__type_support.h
[5.754s] -- Up-to-date: /home/entity014/ABU_new_ws/install/rabbit_interfaces/include/rabbit_interfaces/msg/detail/my_array__type_support.h
[5.754s] -- Installing: /home/entity014/ABU_new_ws/install/rabbit_interfaces/include/rabbit_interfaces/msg/detail/rab_dict__struct.h
[5.755s] -- Up-to-date: /home/entity014/ABU_new_ws/install/rabbit_interfaces/include/rabbit_interfaces/msg/rosidl_generator_c__visibility_control.h
[5.755s] -- Up-to-date: /home/entity014/ABU_new_ws/install/rabbit_interfaces/share/rabbit_interfaces/environment/library_path.sh
[5.755s] -- Installing: /home/entity014/ABU_new_ws/install/rabbit_interfaces/share/rabbit_interfaces/environment/library_path.dsv
[5.755s] -- Installing: /home/entity014/ABU_new_ws/install/rabbit_interfaces/lib/librabbit_interfaces__rosidl_generator_c.so
[5.756s] -- Set runtime path of "/home/entity014/ABU_new_ws/install/rabbit_interfaces/lib/librabbit_interfaces__rosidl_generator_c.so" to ""
[5.756s] -- Up-to-date: /home/entity014/ABU_new_ws/install/rabbit_interfaces/include/rabbit_interfaces
[5.756s] -- Up-to-date: /home/entity014/ABU_new_ws/install/rabbit_interfaces/include/rabbit_interfaces/msg
[5.756s] -- Up-to-date: /home/entity014/ABU_new_ws/install/rabbit_interfaces/include/rabbit_interfaces/msg/rosidl_typesupport_fastrtps_c__visibility_control.h
[5.757s] -- Up-to-date: /home/entity014/ABU_new_ws/install/rabbit_interfaces/include/rabbit_interfaces/msg/detail
[5.757s] -- Installing: /home/entity014/ABU_new_ws/install/rabbit_interfaces/include/rabbit_interfaces/msg/detail/rab_dict__rosidl_typesupport_fastrtps_c.h
[5.757s] -- Up-to-date: /home/entity014/ABU_new_ws/install/rabbit_interfaces/include/rabbit_interfaces/msg/detail/my_array__rosidl_typesupport_fastrtps_c.h
[5.758s] -- Installing: /home/entity014/ABU_new_ws/install/rabbit_interfaces/lib/librabbit_interfaces__rosidl_typesupport_fastrtps_c.so
[5.758s] -- Set runtime path of "/home/entity014/ABU_new_ws/install/rabbit_interfaces/lib/librabbit_interfaces__rosidl_typesupport_fastrtps_c.so" to ""
[5.758s] -- Up-to-date: /home/entity014/ABU_new_ws/install/rabbit_interfaces/include/rabbit_interfaces
[5.758s] -- Up-to-date: /home/entity014/ABU_new_ws/install/rabbit_interfaces/include/rabbit_interfaces/msg
[5.759s] -- Up-to-date: /home/entity014/ABU_new_ws/install/rabbit_interfaces/include/rabbit_interfaces/msg/rosidl_typesupport_fastrtps_cpp__visibility_control.h
[5.759s] -- Up-to-date: /home/entity014/ABU_new_ws/install/rabbit_interfaces/include/rabbit_interfaces/msg/detail
[5.759s] -- Up-to-date: /home/entity014/ABU_new_ws/install/rabbit_interfaces/include/rabbit_interfaces/msg/detail/my_array__rosidl_typesupport_fastrtps_cpp.hpp
[5.760s] -- Up-to-date: /home/entity014/ABU_new_ws/install/rabbit_interfaces/include/rabbit_interfaces/msg/detail/dds_fastrtps
[5.760s] -- Installing: /home/entity014/ABU_new_ws/install/rabbit_interfaces/include/rabbit_interfaces/msg/detail/rab_dict__rosidl_typesupport_fastrtps_cpp.hpp
[5.760s] -- Installing: /home/entity014/ABU_new_ws/install/rabbit_interfaces/lib/librabbit_interfaces__rosidl_typesupport_fastrtps_cpp.so
[5.760s] -- Set runtime path of "/home/entity014/ABU_new_ws/install/rabbit_interfaces/lib/librabbit_interfaces__rosidl_typesupport_fastrtps_cpp.so" to ""
[5.761s] -- Up-to-date: /home/entity014/ABU_new_ws/install/rabbit_interfaces/include/rabbit_interfaces
[5.761s] -- Up-to-date: /home/entity014/ABU_new_ws/install/rabbit_interfaces/include/rabbit_interfaces/msg
[5.761s] -- Up-to-date: /home/entity014/ABU_new_ws/install/rabbit_interfaces/include/rabbit_interfaces/msg/rosidl_typesupport_introspection_c__visibility_control.h
[5.761s] -- Up-to-date: /home/entity014/ABU_new_ws/install/rabbit_interfaces/include/rabbit_interfaces/msg/detail
[5.762s] -- Installing: /home/entity014/ABU_new_ws/install/rabbit_interfaces/include/rabbit_interfaces/msg/detail/rab_dict__rosidl_typesupport_introspection_c.h
[5.762s] -- Up-to-date: /home/entity014/ABU_new_ws/install/rabbit_interfaces/include/rabbit_interfaces/msg/detail/my_array__type_support.c
[5.762s] -- Installing: /home/entity014/ABU_new_ws/install/rabbit_interfaces/include/rabbit_interfaces/msg/detail/rab_dict__type_support.c
[5.762s] -- Up-to-date: /home/entity014/ABU_new_ws/install/rabbit_interfaces/include/rabbit_interfaces/msg/detail/my_array__rosidl_typesupport_introspection_c.h
[5.763s] -- Installing: /home/entity014/ABU_new_ws/install/rabbit_interfaces/lib/librabbit_interfaces__rosidl_typesupport_introspection_c.so
[5.763s] -- Set runtime path of "/home/entity014/ABU_new_ws/install/rabbit_interfaces/lib/librabbit_interfaces__rosidl_typesupport_introspection_c.so" to ""
[5.763s] -- Installing: /home/entity014/ABU_new_ws/install/rabbit_interfaces/lib/librabbit_interfaces__rosidl_typesupport_c.so
[5.764s] -- Set runtime path of "/home/entity014/ABU_new_ws/install/rabbit_interfaces/lib/librabbit_interfaces__rosidl_typesupport_c.so" to ""
[5.764s] -- Up-to-date: /home/entity014/ABU_new_ws/install/rabbit_interfaces/include/rabbit_interfaces
[5.764s] -- Up-to-date: /home/entity014/ABU_new_ws/install/rabbit_interfaces/include/rabbit_interfaces/msg
[5.765s] -- Up-to-date: /home/entity014/ABU_new_ws/install/rabbit_interfaces/include/rabbit_interfaces/msg/my_array.hpp
[5.765s] -- Up-to-date: /home/entity014/ABU_new_ws/install/rabbit_interfaces/include/rabbit_interfaces/msg/detail
[5.765s] -- Installing: /home/entity014/ABU_new_ws/install/rabbit_interfaces/include/rabbit_interfaces/msg/detail/rab_dict__traits.hpp
[5.765s] -- Up-to-date: /home/entity014/ABU_new_ws/install/rabbit_interfaces/include/rabbit_interfaces/msg/detail/my_array__traits.hpp
[5.766s] -- Installing: /home/entity014/ABU_new_ws/install/rabbit_interfaces/include/rabbit_interfaces/msg/detail/rab_dict__struct.hpp
[5.766s] -- Up-to-date: /home/entity014/ABU_new_ws/install/rabbit_interfaces/include/rabbit_interfaces/msg/detail/my_array__struct.hpp
[5.766s] -- Up-to-date: /home/entity014/ABU_new_ws/install/rabbit_interfaces/include/rabbit_interfaces/msg/detail/my_array__builder.hpp
[5.767s] -- Installing: /home/entity014/ABU_new_ws/install/rabbit_interfaces/include/rabbit_interfaces/msg/detail/rab_dict__builder.hpp
[5.767s] -- Installing: /home/entity014/ABU_new_ws/install/rabbit_interfaces/include/rabbit_interfaces/msg/rab_dict.hpp
[5.767s] -- Up-to-date: /home/entity014/ABU_new_ws/install/rabbit_interfaces/include/rabbit_interfaces
[5.767s] -- Up-to-date: /home/entity014/ABU_new_ws/install/rabbit_interfaces/include/rabbit_interfaces/msg
[5.768s] -- Up-to-date: /home/entity014/ABU_new_ws/install/rabbit_interfaces/include/rabbit_interfaces/msg/detail
[5.768s] -- Installing: /home/entity014/ABU_new_ws/install/rabbit_interfaces/include/rabbit_interfaces/msg/detail/rab_dict__rosidl_typesupport_introspection_cpp.hpp
[5.768s] -- Installing: /home/entity014/ABU_new_ws/install/rabbit_interfaces/include/rabbit_interfaces/msg/detail/rab_dict__type_support.cpp
[5.768s] -- Up-to-date: /home/entity014/ABU_new_ws/install/rabbit_interfaces/include/rabbit_interfaces/msg/detail/my_array__type_support.cpp
[5.769s] -- Up-to-date: /home/entity014/ABU_new_ws/install/rabbit_interfaces/include/rabbit_interfaces/msg/detail/my_array__rosidl_typesupport_introspection_cpp.hpp
[5.769s] -- Installing: /home/entity014/ABU_new_ws/install/rabbit_interfaces/lib/librabbit_interfaces__rosidl_typesupport_introspection_cpp.so
[5.769s] -- Set runtime path of "/home/entity014/ABU_new_ws/install/rabbit_interfaces/lib/librabbit_interfaces__rosidl_typesupport_introspection_cpp.so" to ""
[5.770s] -- Installing: /home/entity014/ABU_new_ws/install/rabbit_interfaces/lib/librabbit_interfaces__rosidl_typesupport_cpp.so
[5.770s] -- Set runtime path of "/home/entity014/ABU_new_ws/install/rabbit_interfaces/lib/librabbit_interfaces__rosidl_typesupport_cpp.so" to ""
[5.770s] -- Up-to-date: /home/entity014/ABU_new_ws/install/rabbit_interfaces/share/rabbit_interfaces/environment/pythonpath.sh
[5.770s] -- Installing: /home/entity014/ABU_new_ws/install/rabbit_interfaces/share/rabbit_interfaces/environment/pythonpath.dsv
[5.770s] -- Installing: /home/entity014/ABU_new_ws/install/rabbit_interfaces/lib/python3.8/site-packages/rabbit_interfaces/__init__.py
[5.823s] Compiling '/home/entity014/ABU_new_ws/install/rabbit_interfaces/lib/python3.8/site-packages/rabbit_interfaces/__init__.py'...
[5.829s] -- Up-to-date: /home/entity014/ABU_new_ws/install/rabbit_interfaces/lib/python3.8/site-packages/rabbit_interfaces/msg
[5.830s] -- Up-to-date: /home/entity014/ABU_new_ws/install/rabbit_interfaces/lib/python3.8/site-packages/rabbit_interfaces/msg/_my_array.py
[5.830s] -- Installing: /home/entity014/ABU_new_ws/install/rabbit_interfaces/lib/python3.8/site-packages/rabbit_interfaces/msg/_rab_dict_s.c
[5.830s] -- Up-to-date: /home/entity014/ABU_new_ws/install/rabbit_interfaces/lib/python3.8/site-packages/rabbit_interfaces/msg/_my_array_s.c
[5.830s] -- Installing: /home/entity014/ABU_new_ws/install/rabbit_interfaces/lib/python3.8/site-packages/rabbit_interfaces/msg/_rab_dict.py
[5.831s] -- Installing: /home/entity014/ABU_new_ws/install/rabbit_interfaces/lib/python3.8/site-packages/rabbit_interfaces/msg/__init__.py
[5.831s] -- Installing: /home/entity014/ABU_new_ws/install/rabbit_interfaces/lib/python3.8/site-packages/rabbit_interfaces/rabbit_interfaces_s__rosidl_typesupport_fastrtps_c.cpython-38-x86_64-linux-gnu.so
[5.831s] -- Set runtime path of "/home/entity014/ABU_new_ws/install/rabbit_interfaces/lib/python3.8/site-packages/rabbit_interfaces/rabbit_interfaces_s__rosidl_typesupport_fastrtps_c.cpython-38-x86_64-linux-gnu.so" to ""
[5.832s] -- Installing: /home/entity014/ABU_new_ws/install/rabbit_interfaces/lib/python3.8/site-packages/rabbit_interfaces/rabbit_interfaces_s__rosidl_typesupport_introspection_c.cpython-38-x86_64-linux-gnu.so
[5.833s] -- Set runtime path of "/home/entity014/ABU_new_ws/install/rabbit_interfaces/lib/python3.8/site-packages/rabbit_interfaces/rabbit_interfaces_s__rosidl_typesupport_introspection_c.cpython-38-x86_64-linux-gnu.so" to ""
[5.833s] -- Installing: /home/entity014/ABU_new_ws/install/rabbit_interfaces/lib/python3.8/site-packages/rabbit_interfaces/rabbit_interfaces_s__rosidl_typesupport_c.cpython-38-x86_64-linux-gnu.so
[5.834s] -- Set runtime path of "/home/entity014/ABU_new_ws/install/rabbit_interfaces/lib/python3.8/site-packages/rabbit_interfaces/rabbit_interfaces_s__rosidl_typesupport_c.cpython-38-x86_64-linux-gnu.so" to ""
[5.834s] -- Installing: /home/entity014/ABU_new_ws/install/rabbit_interfaces/lib/librabbit_interfaces__python.so
[5.835s] -- Set runtime path of "/home/entity014/ABU_new_ws/install/rabbit_interfaces/lib/librabbit_interfaces__python.so" to ""
[5.836s] -- Installing: /home/entity014/ABU_new_ws/install/rabbit_interfaces/share/rabbit_interfaces/msg/RabDict.idl
[5.836s] -- Installing: /home/entity014/ABU_new_ws/install/rabbit_interfaces/share/rabbit_interfaces/msg/RabDict.msg
[5.836s] -- Up-to-date: /home/entity014/ABU_new_ws/install/rabbit_interfaces/share/ament_index/resource_index/package_run_dependencies/rabbit_interfaces
[5.837s] -- Up-to-date: /home/entity014/ABU_new_ws/install/rabbit_interfaces/share/ament_index/resource_index/parent_prefix_path/rabbit_interfaces
[5.837s] -- Up-to-date: /home/entity014/ABU_new_ws/install/rabbit_interfaces/share/rabbit_interfaces/environment/ament_prefix_path.sh
[5.837s] -- Installing: /home/entity014/ABU_new_ws/install/rabbit_interfaces/share/rabbit_interfaces/environment/ament_prefix_path.dsv
[5.837s] -- Up-to-date: /home/entity014/ABU_new_ws/install/rabbit_interfaces/share/rabbit_interfaces/environment/path.sh
[5.838s] -- Installing: /home/entity014/ABU_new_ws/install/rabbit_interfaces/share/rabbit_interfaces/environment/path.dsv
[5.838s] -- Up-to-date: /home/entity014/ABU_new_ws/install/rabbit_interfaces/share/rabbit_interfaces/local_setup.bash
[5.838s] -- Up-to-date: /home/entity014/ABU_new_ws/install/rabbit_interfaces/share/rabbit_interfaces/local_setup.sh
[5.839s] -- Up-to-date: /home/entity014/ABU_new_ws/install/rabbit_interfaces/share/rabbit_interfaces/local_setup.zsh
[5.839s] -- Installing: /home/entity014/ABU_new_ws/install/rabbit_interfaces/share/rabbit_interfaces/local_setup.dsv
[5.839s] -- Installing: /home/entity014/ABU_new_ws/install/rabbit_interfaces/share/rabbit_interfaces/package.dsv
[5.839s] -- Up-to-date: /home/entity014/ABU_new_ws/install/rabbit_interfaces/share/ament_index/resource_index/packages/rabbit_interfaces
[5.840s] -- Up-to-date: /home/entity014/ABU_new_ws/install/rabbit_interfaces/share/rabbit_interfaces/cmake/rabbit_interfaces__rosidl_generator_cExport.cmake
[5.840s] -- Up-to-date: /home/entity014/ABU_new_ws/install/rabbit_interfaces/share/rabbit_interfaces/cmake/rabbit_interfaces__rosidl_generator_cExport-noconfig.cmake
[5.840s] -- Up-to-date: /home/entity014/ABU_new_ws/install/rabbit_interfaces/share/rabbit_interfaces/cmake/rabbit_interfaces__rosidl_typesupport_introspection_cExport.cmake
[5.841s] -- Up-to-date: /home/entity014/ABU_new_ws/install/rabbit_interfaces/share/rabbit_interfaces/cmake/rabbit_interfaces__rosidl_typesupport_introspection_cExport-noconfig.cmake
[5.841s] -- Up-to-date: /home/entity014/ABU_new_ws/install/rabbit_interfaces/share/rabbit_interfaces/cmake/rabbit_interfaces__rosidl_typesupport_cExport.cmake
[5.841s] -- Up-to-date: /home/entity014/ABU_new_ws/install/rabbit_interfaces/share/rabbit_interfaces/cmake/rabbit_interfaces__rosidl_typesupport_cExport-noconfig.cmake
[5.841s] -- Up-to-date: /home/entity014/ABU_new_ws/install/rabbit_interfaces/share/rabbit_interfaces/cmake/rabbit_interfaces__rosidl_generator_cppExport.cmake
[5.842s] -- Up-to-date: /home/entity014/ABU_new_ws/install/rabbit_interfaces/share/rabbit_interfaces/cmake/rabbit_interfaces__rosidl_typesupport_introspection_cppExport.cmake
[5.842s] -- Up-to-date: /home/entity014/ABU_new_ws/install/rabbit_interfaces/share/rabbit_interfaces/cmake/rabbit_interfaces__rosidl_typesupport_introspection_cppExport-noconfig.cmake
[5.842s] -- Up-to-date: /home/entity014/ABU_new_ws/install/rabbit_interfaces/share/rabbit_interfaces/cmake/rabbit_interfaces__rosidl_typesupport_cppExport.cmake
[5.842s] -- Up-to-date: /home/entity014/ABU_new_ws/install/rabbit_interfaces/share/rabbit_interfaces/cmake/rabbit_interfaces__rosidl_typesupport_cppExport-noconfig.cmake
[5.842s] -- Up-to-date: /home/entity014/ABU_new_ws/install/rabbit_interfaces/share/rabbit_interfaces/cmake/rosidl_cmake-extras.cmake
[5.843s] -- Up-to-date: /home/entity014/ABU_new_ws/install/rabbit_interfaces/share/rabbit_interfaces/cmake/ament_cmake_export_dependencies-extras.cmake
[5.843s] -- Up-to-date: /home/entity014/ABU_new_ws/install/rabbit_interfaces/share/rabbit_interfaces/cmake/ament_cmake_export_libraries-extras.cmake
[5.843s] -- Up-to-date: /home/entity014/ABU_new_ws/install/rabbit_interfaces/share/rabbit_interfaces/cmake/ament_cmake_export_targets-extras.cmake
[5.843s] -- Up-to-date: /home/entity014/ABU_new_ws/install/rabbit_interfaces/share/rabbit_interfaces/cmake/ament_cmake_export_include_directories-extras.cmake
[5.844s] -- Up-to-date: /home/entity014/ABU_new_ws/install/rabbit_interfaces/share/rabbit_interfaces/cmake/rosidl_cmake_export_typesupport_libraries-extras.cmake
[5.844s] -- Up-to-date: /home/entity014/ABU_new_ws/install/rabbit_interfaces/share/rabbit_interfaces/cmake/rosidl_cmake_export_typesupport_targets-extras.cmake
[5.844s] -- Up-to-date: /home/entity014/ABU_new_ws/install/rabbit_interfaces/share/rabbit_interfaces/cmake/rabbit_interfacesConfig.cmake
[5.844s] -- Up-to-date: /home/entity014/ABU_new_ws/install/rabbit_interfaces/share/rabbit_interfaces/cmake/rabbit_interfacesConfig-version.cmake
[5.844s] -- Up-to-date: /home/entity014/ABU_new_ws/install/rabbit_interfaces/share/rabbit_interfaces/package.xml
[5.854s] Invoked command in '/home/entity014/ABU_new_ws/build/rabbit_interfaces' returned '0': CMAKE_PREFIX_PATH=${CMAKE_PREFIX_PATH}:/home/entity014/ABU_new_ws/install/rabbit_package:/home/entity014/ros2_ws/install/swap_pillar:/home/entity014/abu_ws/install/abu_package:/opt/ros/foxy /home/entity014/.local/bin/cmake --install /home/entity014/ABU_new_ws/build/rabbit_interfaces
