[1.205s] Invoking command in '/home/entity014/ABU_new_ws/src/rabbit_package': PYTHONPATH=/home/entity014/ABU_new_ws/build/rabbit_package/prefix_override:/home/entity014/ABU_new_ws/install/rabbit_package/lib/python3.8/site-packages:${PYTHONPATH} /usr/bin/python3 setup.py egg_info --egg-base ../../build/rabbit_package build --build-base /home/entity014/ABU_new_ws/build/rabbit_package/build install --record /home/entity014/ABU_new_ws/build/rabbit_package/install.log --install-scripts $base/lib/rabbit_package --single-version-externally-managed
[1.618s] running egg_info
[1.618s] writing ../../build/rabbit_package/rabbit_package.egg-info/PKG-INFO
[1.619s] writing dependency_links to ../../build/rabbit_package/rabbit_package.egg-info/dependency_links.txt
[1.619s] writing entry points to ../../build/rabbit_package/rabbit_package.egg-info/entry_points.txt
[1.619s] writing requirements to ../../build/rabbit_package/rabbit_package.egg-info/requires.txt
[1.619s] writing top-level names to ../../build/rabbit_package/rabbit_package.egg-info/top_level.txt
[1.671s] reading manifest file '../../build/rabbit_package/rabbit_package.egg-info/SOURCES.txt'
[1.673s] writing manifest file '../../build/rabbit_package/rabbit_package.egg-info/SOURCES.txt'
[1.673s] running build
[1.673s] running build_py
[1.674s] running install
[1.675s] running install_lib
[1.678s] running install_data
[1.679s] copying launch/rabbit.launch.py -> /home/entity014/ABU_new_ws/install/rabbit_package/share/rabbit_package
[1.679s] running install_egg_info
[1.683s] removing '/home/entity014/ABU_new_ws/install/rabbit_package/lib/python3.8/site-packages/rabbit_package-0.0.0-py3.8.egg-info' (and everything under it)
[1.683s] Copying ../../build/rabbit_package/rabbit_package.egg-info to /home/entity014/ABU_new_ws/install/rabbit_package/lib/python3.8/site-packages/rabbit_package-0.0.0-py3.8.egg-info
[1.685s] running install_scripts
[1.712s] Installing command_node script to /home/entity014/ABU_new_ws/install/rabbit_package/lib/rabbit_package
[1.712s] Installing controller_node script to /home/entity014/ABU_new_ws/install/rabbit_package/lib/rabbit_package
[1.713s] Installing drive_node script to /home/entity014/ABU_new_ws/install/rabbit_package/lib/rabbit_package
[1.713s] Installing joyCon_node script to /home/entity014/ABU_new_ws/install/rabbit_package/lib/rabbit_package
[1.714s] writing list of installed files to '/home/entity014/ABU_new_ws/build/rabbit_package/install.log'
[1.751s] Invoked command in '/home/entity014/ABU_new_ws/src/rabbit_package' returned '0': PYTHONPATH=/home/entity014/ABU_new_ws/build/rabbit_package/prefix_override:/home/entity014/ABU_new_ws/install/rabbit_package/lib/python3.8/site-packages:${PYTHONPATH} /usr/bin/python3 setup.py egg_info --egg-base ../../build/rabbit_package build --build-base /home/entity014/ABU_new_ws/build/rabbit_package/build install --record /home/entity014/ABU_new_ws/build/rabbit_package/install.log --install-scripts $base/lib/rabbit_package --single-version-externally-managed
