[0.018s] Invoking command in '/home/entity014/ABU_new_ws/build/rabbit_interfaces': CMAKE_PREFIX_PATH=${CMAKE_PREFIX_PATH}:/home/entity014/ABU_new_ws/install/rabbit_package:/home/entity014/ros2_ws/install/swap_pillar:/home/entity014/abu_ws/install/abu_package:/opt/ros/foxy /home/entity014/.local/bin/cmake --build /home/entity014/ABU_new_ws/build/rabbit_interfaces -- -j8 -l8
[0.060s] -- Found ament_cmake: 0.9.11 (/opt/ros/foxy/share/ament_cmake/cmake)
[0.084s] -- Found PythonInterp: /usr/bin/python3 (found suitable version "3.8.10", minimum required is "3") 
[0.084s] -- Using PYTHON_EXECUTABLE: /usr/bin/python3
[0.304s] -- Found rosidl_default_generators: 1.0.1 (/opt/ros/foxy/share/rosidl_default_generators/cmake)
[0.308s] -- Using all available rosidl_typesupport_c: rosidl_typesupport_fastrtps_c;rosidl_typesupport_introspection_c
[0.311s] -- Found rosidl_adapter: 1.3.0 (/opt/ros/foxy/share/rosidl_adapter/cmake)
[0.466s] -- Using all available rosidl_typesupport_cpp: rosidl_typesupport_fastrtps_cpp;rosidl_typesupport_introspection_cpp
[0.527s] -- Found PythonInterp: /usr/bin/python3 (found version "3.8.10") 
[0.669s] -- Found ament_cmake_ros: 0.9.2 (/opt/ros/foxy/share/ament_cmake_ros/cmake)
[0.770s] -- Using all available rosidl_typesupport_c: rosidl_typesupport_fastrtps_c;rosidl_typesupport_introspection_c
[0.777s] -- Using all available rosidl_typesupport_cpp: rosidl_typesupport_fastrtps_cpp;rosidl_typesupport_introspection_cpp
[0.800s] -- Found PythonInterp: /usr/bin/python3 (found suitable version "3.8.10", minimum required is "3.5") 
[0.801s] -- Found python_cmake_module: 0.8.1 (/opt/ros/foxy/share/python_cmake_module/cmake)
[0.825s] -- Using PYTHON_EXECUTABLE: /usr/bin/python3
[0.825s] -- Using PYTHON_INCLUDE_DIRS: /usr/include/python3.8
[0.825s] -- Using PYTHON_LIBRARIES: /usr/lib/x86_64-linux-gnu/libpython3.8.so
[0.847s] -- Configuring done (0.8s)
[0.878s] -- Generating done (0.0s)
[0.881s] -- Build files have been written to: /home/entity014/ABU_new_ws/build/rabbit_interfaces
[0.893s] [  2%] [34m[1mGenerating C code for ROS interfaces[0m
[0.898s] [  5%] [34m[1mGenerating C++ code for ROS interfaces[0m
[1.129s] [  5%] Built target rabbit_interfaces__cpp
[1.134s] [ 12%] [34m[1mGenerating C++ type support for eProsima Fast-RTPS[0m
[1.135s] [ 12%] [34m[1mGenerating C++ introspection for ROS interfaces[0m
[1.135s] [ 12%] [34m[1mGenerating C++ type support dispatch for ROS interfaces[0m
[1.160s] [ 17%] [32mBuilding C object CMakeFiles/rabbit_interfaces__rosidl_generator_c.dir/rosidl_generator_c/rabbit_interfaces/msg/detail/rab_pwm__functions.c.o[0m
[1.160s] [ 17%] [32mBuilding C object CMakeFiles/rabbit_interfaces__rosidl_generator_c.dir/rosidl_generator_c/rabbit_interfaces/msg/detail/rab_dict__functions.c.o[0m
[1.206s] [ 20%] [32m[1mLinking C shared library librabbit_interfaces__rosidl_generator_c.so[0m
[1.234s] [ 20%] Built target rabbit_interfaces__rosidl_generator_c
[1.240s] [ 25%] [34m[1mGenerating C type support dispatch for ROS interfaces[0m
[1.240s] [ 25%] [34m[1mGenerating C introspection for ROS interfaces[0m
[1.411s] [ 28%] [32mBuilding CXX object CMakeFiles/rabbit_interfaces__rosidl_typesupport_introspection_cpp.dir/rosidl_typesupport_introspection_cpp/rabbit_interfaces/msg/detail/rab_dict__type_support.cpp.o[0m
[1.411s] [ 30%] [32mBuilding CXX object CMakeFiles/rabbit_interfaces__rosidl_typesupport_introspection_cpp.dir/rosidl_typesupport_introspection_cpp/rabbit_interfaces/msg/detail/rab_pwm__type_support.cpp.o[0m
[1.550s] [ 33%] [32mBuilding CXX object CMakeFiles/rabbit_interfaces__rosidl_typesupport_cpp.dir/rosidl_typesupport_cpp/rabbit_interfaces/msg/rab_dict__type_support.cpp.o[0m
[1.550s] [ 35%] [32mBuilding C object CMakeFiles/rabbit_interfaces__rosidl_typesupport_introspection_c.dir/rosidl_typesupport_introspection_c/rabbit_interfaces/msg/detail/rab_pwm__type_support.c.o[0m
[1.554s] [ 38%] [32mBuilding C object CMakeFiles/rabbit_interfaces__rosidl_typesupport_introspection_c.dir/rosidl_typesupport_introspection_c/rabbit_interfaces/msg/detail/rab_dict__type_support.c.o[0m
[1.554s] [ 41%] [32mBuilding CXX object CMakeFiles/rabbit_interfaces__rosidl_typesupport_cpp.dir/rosidl_typesupport_cpp/rabbit_interfaces/msg/rab_pwm__type_support.cpp.o[0m
[1.604s] [ 43%] [32mBuilding CXX object CMakeFiles/rabbit_interfaces__rosidl_typesupport_c.dir/rosidl_typesupport_c/rabbit_interfaces/msg/rab_dict__type_support.cpp.o[0m
[1.626s] [ 46%] [32mBuilding CXX object CMakeFiles/rabbit_interfaces__rosidl_typesupport_c.dir/rosidl_typesupport_c/rabbit_interfaces/msg/rab_pwm__type_support.cpp.o[0m
[1.679s] [ 48%] [32mBuilding CXX object CMakeFiles/rabbit_interfaces__rosidl_typesupport_fastrtps_cpp.dir/rosidl_typesupport_fastrtps_cpp/rabbit_interfaces/msg/detail/dds_fastrtps/rab_dict__type_support.cpp.o[0m
[1.695s] [ 51%] [32mBuilding CXX object CMakeFiles/rabbit_interfaces__rosidl_typesupport_fastrtps_cpp.dir/rosidl_typesupport_fastrtps_cpp/rabbit_interfaces/msg/detail/dds_fastrtps/rab_pwm__type_support.cpp.o[0m
[1.701s] [ 53%] [32m[1mLinking C shared library librabbit_interfaces__rosidl_typesupport_introspection_c.so[0m
[1.780s] [ 56%] [32m[1mLinking CXX shared library librabbit_interfaces__rosidl_typesupport_c.so[0m
[1.794s] [ 56%] Built target rabbit_interfaces__rosidl_typesupport_introspection_c
[1.832s] [ 56%] Built target rabbit_interfaces__rosidl_typesupport_c
[2.136s] [ 58%] [32m[1mLinking CXX shared library librabbit_interfaces__rosidl_typesupport_cpp.so[0m
[2.176s] [ 61%] [32m[1mLinking CXX shared library librabbit_interfaces__rosidl_typesupport_introspection_cpp.so[0m
[2.185s] [ 61%] Built target rabbit_interfaces__rosidl_typesupport_cpp
[2.261s] [ 61%] Built target rabbit_interfaces__rosidl_typesupport_introspection_cpp
[2.424s] [ 64%] [32m[1mLinking CXX shared library librabbit_interfaces__rosidl_typesupport_fastrtps_cpp.so[0m
[2.503s] [ 64%] Built target rabbit_interfaces__rosidl_typesupport_fastrtps_cpp
[2.507s] [ 66%] [34m[1mGenerating C type support for eProsima Fast-RTPS[0m
[2.729s] [ 69%] [32mBuilding CXX object CMakeFiles/rabbit_interfaces__rosidl_typesupport_fastrtps_c.dir/rosidl_typesupport_fastrtps_c/rabbit_interfaces/msg/detail/rab_dict__type_support_c.cpp.o[0m
[2.730s] [ 71%] [32mBuilding CXX object CMakeFiles/rabbit_interfaces__rosidl_typesupport_fastrtps_c.dir/rosidl_typesupport_fastrtps_c/rabbit_interfaces/msg/detail/rab_pwm__type_support_c.cpp.o[0m
[3.083s] [ 74%] [32m[1mLinking CXX shared library librabbit_interfaces__rosidl_typesupport_fastrtps_c.so[0m
[3.153s] [ 74%] Built target rabbit_interfaces__rosidl_typesupport_fastrtps_c
[3.162s] [ 74%] Built target rabbit_interfaces
[3.170s] [ 76%] [34m[1mGenerating Python code for ROS interfaces[0m
[3.706s] [ 76%] Built target rabbit_interfaces__py
[3.719s] [ 82%] [32mBuilding C object CMakeFiles/rabbit_interfaces__python.dir/rosidl_generator_py/rabbit_interfaces/msg/_rab_dict_s.c.o[0m
[3.720s] [ 82%] [32mBuilding C object CMakeFiles/rabbit_interfaces__python.dir/rosidl_generator_py/rabbit_interfaces/msg/_rab_pwm_s.c.o[0m
[3.816s] [ 84%] [32m[1mLinking C shared library rosidl_generator_py/rabbit_interfaces/librabbit_interfaces__python.so[0m
[3.842s] [ 84%] Built target rabbit_interfaces__python
[3.856s] [ 87%] [32mBuilding C object CMakeFiles/rabbit_interfaces__rosidl_typesupport_c__pyext.dir/rosidl_generator_py/rabbit_interfaces/_rabbit_interfaces_s.ep.rosidl_typesupport_c.c.o[0m
[3.857s] [ 89%] [32mBuilding C object CMakeFiles/rabbit_interfaces__rosidl_typesupport_introspection_c__pyext.dir/rosidl_generator_py/rabbit_interfaces/_rabbit_interfaces_s.ep.rosidl_typesupport_introspection_c.c.o[0m
[3.859s] [ 92%] [32mBuilding C object CMakeFiles/rabbit_interfaces__rosidl_typesupport_fastrtps_c__pyext.dir/rosidl_generator_py/rabbit_interfaces/_rabbit_interfaces_s.ep.rosidl_typesupport_fastrtps_c.c.o[0m
[3.941s] [ 94%] [32m[1mLinking C shared library rosidl_generator_py/rabbit_interfaces/rabbit_interfaces_s__rosidl_typesupport_introspection_c.cpython-38-x86_64-linux-gnu.so[0m
[3.941s] [ 97%] [32m[1mLinking C shared library rosidl_generator_py/rabbit_interfaces/rabbit_interfaces_s__rosidl_typesupport_c.cpython-38-x86_64-linux-gnu.so[0m
[3.965s] [ 97%] Built target rabbit_interfaces__rosidl_typesupport_introspection_c__pyext
[3.966s] [ 97%] Built target rabbit_interfaces__rosidl_typesupport_c__pyext
[3.988s] [100%] [32m[1mLinking CXX shared library rosidl_generator_py/rabbit_interfaces/rabbit_interfaces_s__rosidl_typesupport_fastrtps_c.cpython-38-x86_64-linux-gnu.so[0m
[4.043s] [100%] Built target rabbit_interfaces__rosidl_typesupport_fastrtps_c__pyext
[4.053s] Invoked command in '/home/entity014/ABU_new_ws/build/rabbit_interfaces' returned '0': CMAKE_PREFIX_PATH=${CMAKE_PREFIX_PATH}:/home/entity014/ABU_new_ws/install/rabbit_package:/home/entity014/ros2_ws/install/swap_pillar:/home/entity014/abu_ws/install/abu_package:/opt/ros/foxy /home/entity014/.local/bin/cmake --build /home/entity014/ABU_new_ws/build/rabbit_interfaces -- -j8 -l8
[4.205s] Invoking command in '/home/entity014/ABU_new_ws/build/rabbit_interfaces': CMAKE_PREFIX_PATH=${CMAKE_PREFIX_PATH}:/home/entity014/ABU_new_ws/install/rabbit_package:/home/entity014/ros2_ws/install/swap_pillar:/home/entity014/abu_ws/install/abu_package:/opt/ros/foxy /home/entity014/.local/bin/cmake --install /home/entity014/ABU_new_ws/build/rabbit_interfaces
[4.237s] -- Install configuration: ""
[4.237s] -- Up-to-date: /home/entity014/ABU_new_ws/install/rabbit_interfaces/share/ament_index/resource_index/rosidl_interfaces/rabbit_interfaces
[4.237s] -- Up-to-date: /home/entity014/ABU_new_ws/install/rabbit_interfaces/include/rabbit_interfaces
[4.238s] -- Up-to-date: /home/entity014/ABU_new_ws/install/rabbit_interfaces/include/rabbit_interfaces/msg
[4.238s] -- Installing: /home/entity014/ABU_new_ws/install/rabbit_interfaces/include/rabbit_interfaces/msg/rab_dict.h
[4.238s] -- Up-to-date: /home/entity014/ABU_new_ws/install/rabbit_interfaces/include/rabbit_interfaces/msg/my_array.h
[4.238s] -- Installing: /home/entity014/ABU_new_ws/install/rabbit_interfaces/include/rabbit_interfaces/msg/rab_pwm.h
[4.238s] -- Up-to-date: /home/entity014/ABU_new_ws/install/rabbit_interfaces/include/rabbit_interfaces/msg/detail
[4.239s] -- Up-to-date: /home/entity014/ABU_new_ws/install/rabbit_interfaces/include/rabbit_interfaces/msg/detail/my_array__functions.h
[4.239s] -- Installing: /home/entity014/ABU_new_ws/install/rabbit_interfaces/include/rabbit_interfaces/msg/detail/rab_dict__functions.c
[4.239s] -- Installing: /home/entity014/ABU_new_ws/install/rabbit_interfaces/include/rabbit_interfaces/msg/detail/rab_pwm__functions.h
[4.239s] -- Up-to-date: /home/entity014/ABU_new_ws/install/rabbit_interfaces/include/rabbit_interfaces/msg/detail/my_array__struct.h
[4.239s] -- Installing: /home/entity014/ABU_new_ws/install/rabbit_interfaces/include/rabbit_interfaces/msg/detail/rab_dict__functions.h
[4.240s] -- Up-to-date: /home/entity014/ABU_new_ws/install/rabbit_interfaces/include/rabbit_interfaces/msg/detail/my_array__functions.c
[4.240s] -- Installing: /home/entity014/ABU_new_ws/install/rabbit_interfaces/include/rabbit_interfaces/msg/detail/rab_dict__type_support.h
[4.240s] -- Installing: /home/entity014/ABU_new_ws/install/rabbit_interfaces/include/rabbit_interfaces/msg/detail/rab_pwm__functions.c
[4.240s] -- Up-to-date: /home/entity014/ABU_new_ws/install/rabbit_interfaces/include/rabbit_interfaces/msg/detail/my_array__type_support.h
[4.240s] -- Installing: /home/entity014/ABU_new_ws/install/rabbit_interfaces/include/rabbit_interfaces/msg/detail/rab_dict__struct.h
[4.240s] -- Installing: /home/entity014/ABU_new_ws/install/rabbit_interfaces/include/rabbit_interfaces/msg/detail/rab_pwm__type_support.h
[4.241s] -- Installing: /home/entity014/ABU_new_ws/install/rabbit_interfaces/include/rabbit_interfaces/msg/detail/rab_pwm__struct.h
[4.241s] -- Up-to-date: /home/entity014/ABU_new_ws/install/rabbit_interfaces/include/rabbit_interfaces/msg/rosidl_generator_c__visibility_control.h
[4.241s] -- Up-to-date: /home/entity014/ABU_new_ws/install/rabbit_interfaces/share/rabbit_interfaces/environment/library_path.sh
[4.241s] -- Installing: /home/entity014/ABU_new_ws/install/rabbit_interfaces/share/rabbit_interfaces/environment/library_path.dsv
[4.242s] -- Installing: /home/entity014/ABU_new_ws/install/rabbit_interfaces/lib/librabbit_interfaces__rosidl_generator_c.so
[4.242s] -- Set runtime path of "/home/entity014/ABU_new_ws/install/rabbit_interfaces/lib/librabbit_interfaces__rosidl_generator_c.so" to ""
[4.242s] -- Up-to-date: /home/entity014/ABU_new_ws/install/rabbit_interfaces/include/rabbit_interfaces
[4.242s] -- Up-to-date: /home/entity014/ABU_new_ws/install/rabbit_interfaces/include/rabbit_interfaces/msg
[4.242s] -- Up-to-date: /home/entity014/ABU_new_ws/install/rabbit_interfaces/include/rabbit_interfaces/msg/rosidl_typesupport_fastrtps_c__visibility_control.h
[4.243s] -- Up-to-date: /home/entity014/ABU_new_ws/install/rabbit_interfaces/include/rabbit_interfaces/msg/detail
[4.243s] -- Installing: /home/entity014/ABU_new_ws/install/rabbit_interfaces/include/rabbit_interfaces/msg/detail/rab_dict__rosidl_typesupport_fastrtps_c.h
[4.243s] -- Up-to-date: /home/entity014/ABU_new_ws/install/rabbit_interfaces/include/rabbit_interfaces/msg/detail/my_array__rosidl_typesupport_fastrtps_c.h
[4.243s] -- Installing: /home/entity014/ABU_new_ws/install/rabbit_interfaces/include/rabbit_interfaces/msg/detail/rab_pwm__rosidl_typesupport_fastrtps_c.h
[4.243s] -- Installing: /home/entity014/ABU_new_ws/install/rabbit_interfaces/lib/librabbit_interfaces__rosidl_typesupport_fastrtps_c.so
[4.244s] -- Set runtime path of "/home/entity014/ABU_new_ws/install/rabbit_interfaces/lib/librabbit_interfaces__rosidl_typesupport_fastrtps_c.so" to ""
[4.244s] -- Up-to-date: /home/entity014/ABU_new_ws/install/rabbit_interfaces/include/rabbit_interfaces
[4.244s] -- Up-to-date: /home/entity014/ABU_new_ws/install/rabbit_interfaces/include/rabbit_interfaces/msg
[4.244s] -- Up-to-date: /home/entity014/ABU_new_ws/install/rabbit_interfaces/include/rabbit_interfaces/msg/rosidl_typesupport_fastrtps_cpp__visibility_control.h
[4.244s] -- Up-to-date: /home/entity014/ABU_new_ws/install/rabbit_interfaces/include/rabbit_interfaces/msg/detail
[4.245s] -- Up-to-date: /home/entity014/ABU_new_ws/install/rabbit_interfaces/include/rabbit_interfaces/msg/detail/my_array__rosidl_typesupport_fastrtps_cpp.hpp
[4.245s] -- Up-to-date: /home/entity014/ABU_new_ws/install/rabbit_interfaces/include/rabbit_interfaces/msg/detail/dds_fastrtps
[4.245s] -- Installing: /home/entity014/ABU_new_ws/install/rabbit_interfaces/include/rabbit_interfaces/msg/detail/rab_dict__rosidl_typesupport_fastrtps_cpp.hpp
[4.245s] -- Installing: /home/entity014/ABU_new_ws/install/rabbit_interfaces/include/rabbit_interfaces/msg/detail/rab_pwm__rosidl_typesupport_fastrtps_cpp.hpp
[4.245s] -- Installing: /home/entity014/ABU_new_ws/install/rabbit_interfaces/lib/librabbit_interfaces__rosidl_typesupport_fastrtps_cpp.so
[4.245s] -- Set runtime path of "/home/entity014/ABU_new_ws/install/rabbit_interfaces/lib/librabbit_interfaces__rosidl_typesupport_fastrtps_cpp.so" to ""
[4.245s] -- Up-to-date: /home/entity014/ABU_new_ws/install/rabbit_interfaces/include/rabbit_interfaces
[4.245s] -- Up-to-date: /home/entity014/ABU_new_ws/install/rabbit_interfaces/include/rabbit_interfaces/msg
[4.246s] -- Up-to-date: /home/entity014/ABU_new_ws/install/rabbit_interfaces/include/rabbit_interfaces/msg/rosidl_typesupport_introspection_c__visibility_control.h
[4.246s] -- Up-to-date: /home/entity014/ABU_new_ws/install/rabbit_interfaces/include/rabbit_interfaces/msg/detail
[4.246s] -- Installing: /home/entity014/ABU_new_ws/install/rabbit_interfaces/include/rabbit_interfaces/msg/detail/rab_dict__rosidl_typesupport_introspection_c.h
[4.247s] -- Installing: /home/entity014/ABU_new_ws/install/rabbit_interfaces/include/rabbit_interfaces/msg/detail/rab_pwm__rosidl_typesupport_introspection_c.h
[4.247s] -- Up-to-date: /home/entity014/ABU_new_ws/install/rabbit_interfaces/include/rabbit_interfaces/msg/detail/my_array__type_support.c
[4.247s] -- Installing: /home/entity014/ABU_new_ws/install/rabbit_interfaces/include/rabbit_interfaces/msg/detail/rab_dict__type_support.c
[4.247s] -- Up-to-date: /home/entity014/ABU_new_ws/install/rabbit_interfaces/include/rabbit_interfaces/msg/detail/my_array__rosidl_typesupport_introspection_c.h
[4.247s] -- Installing: /home/entity014/ABU_new_ws/install/rabbit_interfaces/include/rabbit_interfaces/msg/detail/rab_pwm__type_support.c
[4.248s] -- Installing: /home/entity014/ABU_new_ws/install/rabbit_interfaces/lib/librabbit_interfaces__rosidl_typesupport_introspection_c.so
[4.248s] -- Set runtime path of "/home/entity014/ABU_new_ws/install/rabbit_interfaces/lib/librabbit_interfaces__rosidl_typesupport_introspection_c.so" to ""
[4.248s] -- Installing: /home/entity014/ABU_new_ws/install/rabbit_interfaces/lib/librabbit_interfaces__rosidl_typesupport_c.so
[4.249s] -- Set runtime path of "/home/entity014/ABU_new_ws/install/rabbit_interfaces/lib/librabbit_interfaces__rosidl_typesupport_c.so" to ""
[4.249s] -- Up-to-date: /home/entity014/ABU_new_ws/install/rabbit_interfaces/include/rabbit_interfaces
[4.249s] -- Up-to-date: /home/entity014/ABU_new_ws/install/rabbit_interfaces/include/rabbit_interfaces/msg
[4.249s] -- Installing: /home/entity014/ABU_new_ws/install/rabbit_interfaces/include/rabbit_interfaces/msg/rab_pwm.hpp
[4.250s] -- Up-to-date: /home/entity014/ABU_new_ws/install/rabbit_interfaces/include/rabbit_interfaces/msg/my_array.hpp
[4.250s] -- Up-to-date: /home/entity014/ABU_new_ws/install/rabbit_interfaces/include/rabbit_interfaces/msg/detail
[4.250s] -- Installing: /home/entity014/ABU_new_ws/install/rabbit_interfaces/include/rabbit_interfaces/msg/detail/rab_dict__traits.hpp
[4.250s] -- Installing: /home/entity014/ABU_new_ws/install/rabbit_interfaces/include/rabbit_interfaces/msg/detail/rab_pwm__struct.hpp
[4.250s] -- Up-to-date: /home/entity014/ABU_new_ws/install/rabbit_interfaces/include/rabbit_interfaces/msg/detail/my_array__traits.hpp
[4.251s] -- Installing: /home/entity014/ABU_new_ws/install/rabbit_interfaces/include/rabbit_interfaces/msg/detail/rab_pwm__builder.hpp
[4.251s] -- Installing: /home/entity014/ABU_new_ws/install/rabbit_interfaces/include/rabbit_interfaces/msg/detail/rab_dict__struct.hpp
[4.251s] -- Up-to-date: /home/entity014/ABU_new_ws/install/rabbit_interfaces/include/rabbit_interfaces/msg/detail/my_array__struct.hpp
[4.251s] -- Up-to-date: /home/entity014/ABU_new_ws/install/rabbit_interfaces/include/rabbit_interfaces/msg/detail/my_array__builder.hpp
[4.251s] -- Installing: /home/entity014/ABU_new_ws/install/rabbit_interfaces/include/rabbit_interfaces/msg/detail/rab_pwm__traits.hpp
[4.251s] -- Installing: /home/entity014/ABU_new_ws/install/rabbit_interfaces/include/rabbit_interfaces/msg/detail/rab_dict__builder.hpp
[4.251s] -- Installing: /home/entity014/ABU_new_ws/install/rabbit_interfaces/include/rabbit_interfaces/msg/rab_dict.hpp
[4.252s] -- Up-to-date: /home/entity014/ABU_new_ws/install/rabbit_interfaces/include/rabbit_interfaces
[4.252s] -- Up-to-date: /home/entity014/ABU_new_ws/install/rabbit_interfaces/include/rabbit_interfaces/msg
[4.252s] -- Up-to-date: /home/entity014/ABU_new_ws/install/rabbit_interfaces/include/rabbit_interfaces/msg/detail
[4.252s] -- Installing: /home/entity014/ABU_new_ws/install/rabbit_interfaces/include/rabbit_interfaces/msg/detail/rab_dict__rosidl_typesupport_introspection_cpp.hpp
[4.252s] -- Installing: /home/entity014/ABU_new_ws/install/rabbit_interfaces/include/rabbit_interfaces/msg/detail/rab_dict__type_support.cpp
[4.252s] -- Up-to-date: /home/entity014/ABU_new_ws/install/rabbit_interfaces/include/rabbit_interfaces/msg/detail/my_array__type_support.cpp
[4.253s] -- Installing: /home/entity014/ABU_new_ws/install/rabbit_interfaces/include/rabbit_interfaces/msg/detail/rab_pwm__type_support.cpp
[4.253s] -- Up-to-date: /home/entity014/ABU_new_ws/install/rabbit_interfaces/include/rabbit_interfaces/msg/detail/my_array__rosidl_typesupport_introspection_cpp.hpp
[4.253s] -- Installing: /home/entity014/ABU_new_ws/install/rabbit_interfaces/include/rabbit_interfaces/msg/detail/rab_pwm__rosidl_typesupport_introspection_cpp.hpp
[4.253s] -- Installing: /home/entity014/ABU_new_ws/install/rabbit_interfaces/lib/librabbit_interfaces__rosidl_typesupport_introspection_cpp.so
[4.253s] -- Set runtime path of "/home/entity014/ABU_new_ws/install/rabbit_interfaces/lib/librabbit_interfaces__rosidl_typesupport_introspection_cpp.so" to ""
[4.253s] -- Installing: /home/entity014/ABU_new_ws/install/rabbit_interfaces/lib/librabbit_interfaces__rosidl_typesupport_cpp.so
[4.253s] -- Set runtime path of "/home/entity014/ABU_new_ws/install/rabbit_interfaces/lib/librabbit_interfaces__rosidl_typesupport_cpp.so" to ""
[4.254s] -- Up-to-date: /home/entity014/ABU_new_ws/install/rabbit_interfaces/share/rabbit_interfaces/environment/pythonpath.sh
[4.254s] -- Installing: /home/entity014/ABU_new_ws/install/rabbit_interfaces/share/rabbit_interfaces/environment/pythonpath.dsv
[4.254s] -- Installing: /home/entity014/ABU_new_ws/install/rabbit_interfaces/lib/python3.8/site-packages/rabbit_interfaces/__init__.py
[4.294s] Compiling '/home/entity014/ABU_new_ws/install/rabbit_interfaces/lib/python3.8/site-packages/rabbit_interfaces/__init__.py'...
[4.298s] -- Up-to-date: /home/entity014/ABU_new_ws/install/rabbit_interfaces/lib/python3.8/site-packages/rabbit_interfaces/msg
[4.298s] -- Installing: /home/entity014/ABU_new_ws/install/rabbit_interfaces/lib/python3.8/site-packages/rabbit_interfaces/msg/_rab_pwm_s.c
[4.299s] -- Installing: /home/entity014/ABU_new_ws/install/rabbit_interfaces/lib/python3.8/site-packages/rabbit_interfaces/msg/_rab_pwm.py
[4.299s] -- Up-to-date: /home/entity014/ABU_new_ws/install/rabbit_interfaces/lib/python3.8/site-packages/rabbit_interfaces/msg/_my_array.py
[4.299s] -- Installing: /home/entity014/ABU_new_ws/install/rabbit_interfaces/lib/python3.8/site-packages/rabbit_interfaces/msg/_rab_dict_s.c
[4.299s] -- Up-to-date: /home/entity014/ABU_new_ws/install/rabbit_interfaces/lib/python3.8/site-packages/rabbit_interfaces/msg/_my_array_s.c
[4.299s] -- Installing: /home/entity014/ABU_new_ws/install/rabbit_interfaces/lib/python3.8/site-packages/rabbit_interfaces/msg/_rab_dict.py
[4.299s] -- Installing: /home/entity014/ABU_new_ws/install/rabbit_interfaces/lib/python3.8/site-packages/rabbit_interfaces/msg/__init__.py
[4.300s] -- Installing: /home/entity014/ABU_new_ws/install/rabbit_interfaces/lib/python3.8/site-packages/rabbit_interfaces/rabbit_interfaces_s__rosidl_typesupport_fastrtps_c.cpython-38-x86_64-linux-gnu.so
[4.300s] -- Set runtime path of "/home/entity014/ABU_new_ws/install/rabbit_interfaces/lib/python3.8/site-packages/rabbit_interfaces/rabbit_interfaces_s__rosidl_typesupport_fastrtps_c.cpython-38-x86_64-linux-gnu.so" to ""
[4.300s] -- Installing: /home/entity014/ABU_new_ws/install/rabbit_interfaces/lib/python3.8/site-packages/rabbit_interfaces/rabbit_interfaces_s__rosidl_typesupport_introspection_c.cpython-38-x86_64-linux-gnu.so
[4.300s] -- Set runtime path of "/home/entity014/ABU_new_ws/install/rabbit_interfaces/lib/python3.8/site-packages/rabbit_interfaces/rabbit_interfaces_s__rosidl_typesupport_introspection_c.cpython-38-x86_64-linux-gnu.so" to ""
[4.301s] -- Installing: /home/entity014/ABU_new_ws/install/rabbit_interfaces/lib/python3.8/site-packages/rabbit_interfaces/rabbit_interfaces_s__rosidl_typesupport_c.cpython-38-x86_64-linux-gnu.so
[4.301s] -- Set runtime path of "/home/entity014/ABU_new_ws/install/rabbit_interfaces/lib/python3.8/site-packages/rabbit_interfaces/rabbit_interfaces_s__rosidl_typesupport_c.cpython-38-x86_64-linux-gnu.so" to ""
[4.301s] -- Installing: /home/entity014/ABU_new_ws/install/rabbit_interfaces/lib/librabbit_interfaces__python.so
[4.302s] -- Set runtime path of "/home/entity014/ABU_new_ws/install/rabbit_interfaces/lib/librabbit_interfaces__python.so" to ""
[4.302s] -- Up-to-date: /home/entity014/ABU_new_ws/install/rabbit_interfaces/share/rabbit_interfaces/msg/RabDict.idl
[4.302s] -- Installing: /home/entity014/ABU_new_ws/install/rabbit_interfaces/share/rabbit_interfaces/msg/RabPwm.idl
[4.302s] -- Up-to-date: /home/entity014/ABU_new_ws/install/rabbit_interfaces/share/rabbit_interfaces/msg/RabDict.msg
[4.302s] -- Installing: /home/entity014/ABU_new_ws/install/rabbit_interfaces/share/rabbit_interfaces/msg/RabPwm.msg
[4.303s] -- Up-to-date: /home/entity014/ABU_new_ws/install/rabbit_interfaces/share/ament_index/resource_index/package_run_dependencies/rabbit_interfaces
[4.303s] -- Up-to-date: /home/entity014/ABU_new_ws/install/rabbit_interfaces/share/ament_index/resource_index/parent_prefix_path/rabbit_interfaces
[4.303s] -- Up-to-date: /home/entity014/ABU_new_ws/install/rabbit_interfaces/share/rabbit_interfaces/environment/ament_prefix_path.sh
[4.303s] -- Installing: /home/entity014/ABU_new_ws/install/rabbit_interfaces/share/rabbit_interfaces/environment/ament_prefix_path.dsv
[4.303s] -- Up-to-date: /home/entity014/ABU_new_ws/install/rabbit_interfaces/share/rabbit_interfaces/environment/path.sh
[4.303s] -- Installing: /home/entity014/ABU_new_ws/install/rabbit_interfaces/share/rabbit_interfaces/environment/path.dsv
[4.304s] -- Up-to-date: /home/entity014/ABU_new_ws/install/rabbit_interfaces/share/rabbit_interfaces/local_setup.bash
[4.304s] -- Up-to-date: /home/entity014/ABU_new_ws/install/rabbit_interfaces/share/rabbit_interfaces/local_setup.sh
[4.304s] -- Up-to-date: /home/entity014/ABU_new_ws/install/rabbit_interfaces/share/rabbit_interfaces/local_setup.zsh
[4.304s] -- Installing: /home/entity014/ABU_new_ws/install/rabbit_interfaces/share/rabbit_interfaces/local_setup.dsv
[4.304s] -- Installing: /home/entity014/ABU_new_ws/install/rabbit_interfaces/share/rabbit_interfaces/package.dsv
[4.304s] -- Up-to-date: /home/entity014/ABU_new_ws/install/rabbit_interfaces/share/ament_index/resource_index/packages/rabbit_interfaces
[4.305s] -- Up-to-date: /home/entity014/ABU_new_ws/install/rabbit_interfaces/share/rabbit_interfaces/cmake/rabbit_interfaces__rosidl_generator_cExport.cmake
[4.305s] -- Up-to-date: /home/entity014/ABU_new_ws/install/rabbit_interfaces/share/rabbit_interfaces/cmake/rabbit_interfaces__rosidl_generator_cExport-noconfig.cmake
[4.305s] -- Up-to-date: /home/entity014/ABU_new_ws/install/rabbit_interfaces/share/rabbit_interfaces/cmake/rabbit_interfaces__rosidl_typesupport_introspection_cExport.cmake
[4.305s] -- Up-to-date: /home/entity014/ABU_new_ws/install/rabbit_interfaces/share/rabbit_interfaces/cmake/rabbit_interfaces__rosidl_typesupport_introspection_cExport-noconfig.cmake
[4.305s] -- Up-to-date: /home/entity014/ABU_new_ws/install/rabbit_interfaces/share/rabbit_interfaces/cmake/rabbit_interfaces__rosidl_typesupport_cExport.cmake
[4.305s] -- Up-to-date: /home/entity014/ABU_new_ws/install/rabbit_interfaces/share/rabbit_interfaces/cmake/rabbit_interfaces__rosidl_typesupport_cExport-noconfig.cmake
[4.306s] -- Up-to-date: /home/entity014/ABU_new_ws/install/rabbit_interfaces/share/rabbit_interfaces/cmake/rabbit_interfaces__rosidl_generator_cppExport.cmake
[4.306s] -- Up-to-date: /home/entity014/ABU_new_ws/install/rabbit_interfaces/share/rabbit_interfaces/cmake/rabbit_interfaces__rosidl_typesupport_introspection_cppExport.cmake
[4.306s] -- Up-to-date: /home/entity014/ABU_new_ws/install/rabbit_interfaces/share/rabbit_interfaces/cmake/rabbit_interfaces__rosidl_typesupport_introspection_cppExport-noconfig.cmake
[4.306s] -- Up-to-date: /home/entity014/ABU_new_ws/install/rabbit_interfaces/share/rabbit_interfaces/cmake/rabbit_interfaces__rosidl_typesupport_cppExport.cmake
[4.306s] -- Up-to-date: /home/entity014/ABU_new_ws/install/rabbit_interfaces/share/rabbit_interfaces/cmake/rabbit_interfaces__rosidl_typesupport_cppExport-noconfig.cmake
[4.306s] -- Up-to-date: /home/entity014/ABU_new_ws/install/rabbit_interfaces/share/rabbit_interfaces/cmake/rosidl_cmake-extras.cmake
[4.306s] -- Up-to-date: /home/entity014/ABU_new_ws/install/rabbit_interfaces/share/rabbit_interfaces/cmake/ament_cmake_export_dependencies-extras.cmake
[4.307s] -- Up-to-date: /home/entity014/ABU_new_ws/install/rabbit_interfaces/share/rabbit_interfaces/cmake/ament_cmake_export_libraries-extras.cmake
[4.307s] -- Up-to-date: /home/entity014/ABU_new_ws/install/rabbit_interfaces/share/rabbit_interfaces/cmake/ament_cmake_export_targets-extras.cmake
[4.307s] -- Up-to-date: /home/entity014/ABU_new_ws/install/rabbit_interfaces/share/rabbit_interfaces/cmake/ament_cmake_export_include_directories-extras.cmake
[4.307s] -- Up-to-date: /home/entity014/ABU_new_ws/install/rabbit_interfaces/share/rabbit_interfaces/cmake/rosidl_cmake_export_typesupport_libraries-extras.cmake
[4.307s] -- Up-to-date: /home/entity014/ABU_new_ws/install/rabbit_interfaces/share/rabbit_interfaces/cmake/rosidl_cmake_export_typesupport_targets-extras.cmake
[4.307s] -- Up-to-date: /home/entity014/ABU_new_ws/install/rabbit_interfaces/share/rabbit_interfaces/cmake/rabbit_interfacesConfig.cmake
[4.307s] -- Up-to-date: /home/entity014/ABU_new_ws/install/rabbit_interfaces/share/rabbit_interfaces/cmake/rabbit_interfacesConfig-version.cmake
[4.308s] -- Up-to-date: /home/entity014/ABU_new_ws/install/rabbit_interfaces/share/rabbit_interfaces/package.xml
[4.311s] Invoked command in '/home/entity014/ABU_new_ws/build/rabbit_interfaces' returned '0': CMAKE_PREFIX_PATH=${CMAKE_PREFIX_PATH}:/home/entity014/ABU_new_ws/install/rabbit_package:/home/entity014/ros2_ws/install/swap_pillar:/home/entity014/abu_ws/install/abu_package:/opt/ros/foxy /home/entity014/.local/bin/cmake --install /home/entity014/ABU_new_ws/build/rabbit_interfaces
