[0.077s] Invoking command in '/home/entity014/ABU_new_ws/build/rabbit_interfaces': CMAKE_PREFIX_PATH=${CMAKE_PREFIX_PATH}:/home/entity014/ABU_new_ws/install/rabbit_package:/home/entity014/ros2_ws/install/swap_pillar:/home/entity014/abu_ws/install/abu_package:/opt/ros/foxy /home/entity014/.local/bin/cmake --build /home/entity014/ABU_new_ws/build/rabbit_interfaces -- -j8 -l8
[0.326s] [  2%] Built target rabbit_interfaces__cpp
[0.363s] [ 12%] Built target rabbit_interfaces__rosidl_generator_c
[0.382s] [ 33%] Built target rabbit_interfaces__rosidl_typesupport_fastrtps_cpp
[0.382s] [ 33%] Built target rabbit_interfaces__rosidl_typesupport_cpp
[0.397s] [ 43%] Built target rabbit_interfaces__rosidl_typesupport_introspection_cpp
[0.436s] [ 53%] Built target rabbit_interfaces__rosidl_typesupport_introspection_c
[0.451s] [ 74%] Built target rabbit_interfaces__rosidl_typesupport_fastrtps_c
[0.456s] [ 74%] Built target rabbit_interfaces__rosidl_typesupport_c
[0.487s] [ 74%] Built target rabbit_interfaces
[0.528s] [ 76%] Built target rabbit_interfaces__py
[0.574s] [ 84%] Built target rabbit_interfaces__python
[0.615s] [ 89%] Built target rabbit_interfaces__rosidl_typesupport_introspection_c__pyext
[0.618s] [ 94%] Built target rabbit_interfaces__rosidl_typesupport_fastrtps_c__pyext
[0.622s] [100%] Built target rabbit_interfaces__rosidl_typesupport_c__pyext
[0.645s] Invoked command in '/home/entity014/ABU_new_ws/build/rabbit_interfaces' returned '0': CMAKE_PREFIX_PATH=${CMAKE_PREFIX_PATH}:/home/entity014/ABU_new_ws/install/rabbit_package:/home/entity014/ros2_ws/install/swap_pillar:/home/entity014/abu_ws/install/abu_package:/opt/ros/foxy /home/entity014/.local/bin/cmake --build /home/entity014/ABU_new_ws/build/rabbit_interfaces -- -j8 -l8
[1.053s] Invoking command in '/home/entity014/ABU_new_ws/build/rabbit_interfaces': CMAKE_PREFIX_PATH=${CMAKE_PREFIX_PATH}:/home/entity014/ABU_new_ws/install/rabbit_package:/home/entity014/ros2_ws/install/swap_pillar:/home/entity014/abu_ws/install/abu_package:/opt/ros/foxy /home/entity014/.local/bin/cmake --install /home/entity014/ABU_new_ws/build/rabbit_interfaces
[1.178s] -- Install configuration: ""
[1.179s] -- Up-to-date: /home/entity014/ABU_new_ws/install/rabbit_interfaces/share/ament_index/resource_index/rosidl_interfaces/rabbit_interfaces
[1.179s] -- Up-to-date: /home/entity014/ABU_new_ws/install/rabbit_interfaces/include/rabbit_interfaces
[1.181s] -- Up-to-date: /home/entity014/ABU_new_ws/install/rabbit_interfaces/include/rabbit_interfaces/msg
[1.182s] -- Up-to-date: /home/entity014/ABU_new_ws/install/rabbit_interfaces/include/rabbit_interfaces/msg/rab_dict.h
[1.182s] -- Up-to-date: /home/entity014/ABU_new_ws/install/rabbit_interfaces/include/rabbit_interfaces/msg/my_array.h
[1.182s] -- Up-to-date: /home/entity014/ABU_new_ws/install/rabbit_interfaces/include/rabbit_interfaces/msg/rab_pwm.h
[1.183s] -- Up-to-date: /home/entity014/ABU_new_ws/install/rabbit_interfaces/include/rabbit_interfaces/msg/detail
[1.183s] -- Up-to-date: /home/entity014/ABU_new_ws/install/rabbit_interfaces/include/rabbit_interfaces/msg/detail/my_array__functions.h
[1.183s] -- Up-to-date: /home/entity014/ABU_new_ws/install/rabbit_interfaces/include/rabbit_interfaces/msg/detail/rab_dict__functions.c
[1.183s] -- Up-to-date: /home/entity014/ABU_new_ws/install/rabbit_interfaces/include/rabbit_interfaces/msg/detail/rab_pwm__functions.h
[1.184s] -- Up-to-date: /home/entity014/ABU_new_ws/install/rabbit_interfaces/include/rabbit_interfaces/msg/detail/my_array__struct.h
[1.184s] -- Up-to-date: /home/entity014/ABU_new_ws/install/rabbit_interfaces/include/rabbit_interfaces/msg/detail/rab_dict__functions.h
[1.184s] -- Up-to-date: /home/entity014/ABU_new_ws/install/rabbit_interfaces/include/rabbit_interfaces/msg/detail/my_array__functions.c
[1.184s] -- Up-to-date: /home/entity014/ABU_new_ws/install/rabbit_interfaces/include/rabbit_interfaces/msg/detail/rab_dict__type_support.h
[1.184s] -- Up-to-date: /home/entity014/ABU_new_ws/install/rabbit_interfaces/include/rabbit_interfaces/msg/detail/rab_pwm__functions.c
[1.185s] -- Up-to-date: /home/entity014/ABU_new_ws/install/rabbit_interfaces/include/rabbit_interfaces/msg/detail/my_array__type_support.h
[1.185s] -- Up-to-date: /home/entity014/ABU_new_ws/install/rabbit_interfaces/include/rabbit_interfaces/msg/detail/rab_dict__struct.h
[1.185s] -- Up-to-date: /home/entity014/ABU_new_ws/install/rabbit_interfaces/include/rabbit_interfaces/msg/detail/rab_pwm__type_support.h
[1.185s] -- Up-to-date: /home/entity014/ABU_new_ws/install/rabbit_interfaces/include/rabbit_interfaces/msg/detail/rab_pwm__struct.h
[1.185s] -- Up-to-date: /home/entity014/ABU_new_ws/install/rabbit_interfaces/include/rabbit_interfaces/msg/rosidl_generator_c__visibility_control.h
[1.185s] -- Up-to-date: /home/entity014/ABU_new_ws/install/rabbit_interfaces/share/rabbit_interfaces/environment/library_path.sh
[1.186s] -- Up-to-date: /home/entity014/ABU_new_ws/install/rabbit_interfaces/share/rabbit_interfaces/environment/library_path.dsv
[1.187s] -- Up-to-date: /home/entity014/ABU_new_ws/install/rabbit_interfaces/lib/librabbit_interfaces__rosidl_generator_c.so
[1.188s] -- Up-to-date: /home/entity014/ABU_new_ws/install/rabbit_interfaces/include/rabbit_interfaces
[1.188s] -- Up-to-date: /home/entity014/ABU_new_ws/install/rabbit_interfaces/include/rabbit_interfaces/msg
[1.189s] -- Up-to-date: /home/entity014/ABU_new_ws/install/rabbit_interfaces/include/rabbit_interfaces/msg/rosidl_typesupport_fastrtps_c__visibility_control.h
[1.190s] -- Up-to-date: /home/entity014/ABU_new_ws/install/rabbit_interfaces/include/rabbit_interfaces/msg/detail
[1.191s] -- Up-to-date: /home/entity014/ABU_new_ws/install/rabbit_interfaces/include/rabbit_interfaces/msg/detail/rab_dict__rosidl_typesupport_fastrtps_c.h
[1.191s] -- Up-to-date: /home/entity014/ABU_new_ws/install/rabbit_interfaces/include/rabbit_interfaces/msg/detail/my_array__rosidl_typesupport_fastrtps_c.h
[1.191s] -- Up-to-date: /home/entity014/ABU_new_ws/install/rabbit_interfaces/include/rabbit_interfaces/msg/detail/rab_pwm__rosidl_typesupport_fastrtps_c.h
[1.191s] -- Up-to-date: /home/entity014/ABU_new_ws/install/rabbit_interfaces/lib/librabbit_interfaces__rosidl_typesupport_fastrtps_c.so
[1.191s] -- Up-to-date: /home/entity014/ABU_new_ws/install/rabbit_interfaces/include/rabbit_interfaces
[1.192s] -- Up-to-date: /home/entity014/ABU_new_ws/install/rabbit_interfaces/include/rabbit_interfaces/msg
[1.192s] -- Up-to-date: /home/entity014/ABU_new_ws/install/rabbit_interfaces/include/rabbit_interfaces/msg/rosidl_typesupport_fastrtps_cpp__visibility_control.h
[1.192s] -- Up-to-date: /home/entity014/ABU_new_ws/install/rabbit_interfaces/include/rabbit_interfaces/msg/detail
[1.192s] -- Up-to-date: /home/entity014/ABU_new_ws/install/rabbit_interfaces/include/rabbit_interfaces/msg/detail/my_array__rosidl_typesupport_fastrtps_cpp.hpp
[1.193s] -- Up-to-date: /home/entity014/ABU_new_ws/install/rabbit_interfaces/include/rabbit_interfaces/msg/detail/dds_fastrtps
[1.193s] -- Up-to-date: /home/entity014/ABU_new_ws/install/rabbit_interfaces/include/rabbit_interfaces/msg/detail/rab_dict__rosidl_typesupport_fastrtps_cpp.hpp
[1.193s] -- Up-to-date: /home/entity014/ABU_new_ws/install/rabbit_interfaces/include/rabbit_interfaces/msg/detail/rab_pwm__rosidl_typesupport_fastrtps_cpp.hpp
[1.194s] -- Up-to-date: /home/entity014/ABU_new_ws/install/rabbit_interfaces/lib/librabbit_interfaces__rosidl_typesupport_fastrtps_cpp.so
[1.194s] -- Up-to-date: /home/entity014/ABU_new_ws/install/rabbit_interfaces/include/rabbit_interfaces
[1.194s] -- Up-to-date: /home/entity014/ABU_new_ws/install/rabbit_interfaces/include/rabbit_interfaces/msg
[1.195s] -- Up-to-date: /home/entity014/ABU_new_ws/install/rabbit_interfaces/include/rabbit_interfaces/msg/rosidl_typesupport_introspection_c__visibility_control.h
[1.195s] -- Up-to-date: /home/entity014/ABU_new_ws/install/rabbit_interfaces/include/rabbit_interfaces/msg/detail
[1.195s] -- Up-to-date: /home/entity014/ABU_new_ws/install/rabbit_interfaces/include/rabbit_interfaces/msg/detail/rab_dict__rosidl_typesupport_introspection_c.h
[1.196s] -- Up-to-date: /home/entity014/ABU_new_ws/install/rabbit_interfaces/include/rabbit_interfaces/msg/detail/rab_pwm__rosidl_typesupport_introspection_c.h
[1.196s] -- Up-to-date: /home/entity014/ABU_new_ws/install/rabbit_interfaces/include/rabbit_interfaces/msg/detail/my_array__type_support.c
[1.196s] -- Up-to-date: /home/entity014/ABU_new_ws/install/rabbit_interfaces/include/rabbit_interfaces/msg/detail/rab_dict__type_support.c
[1.197s] -- Up-to-date: /home/entity014/ABU_new_ws/install/rabbit_interfaces/include/rabbit_interfaces/msg/detail/my_array__rosidl_typesupport_introspection_c.h
[1.197s] -- Up-to-date: /home/entity014/ABU_new_ws/install/rabbit_interfaces/include/rabbit_interfaces/msg/detail/rab_pwm__type_support.c
[1.198s] -- Up-to-date: /home/entity014/ABU_new_ws/install/rabbit_interfaces/lib/librabbit_interfaces__rosidl_typesupport_introspection_c.so
[1.198s] -- Up-to-date: /home/entity014/ABU_new_ws/install/rabbit_interfaces/lib/librabbit_interfaces__rosidl_typesupport_c.so
[1.199s] -- Up-to-date: /home/entity014/ABU_new_ws/install/rabbit_interfaces/include/rabbit_interfaces
[1.199s] -- Up-to-date: /home/entity014/ABU_new_ws/install/rabbit_interfaces/include/rabbit_interfaces/msg
[1.200s] -- Up-to-date: /home/entity014/ABU_new_ws/install/rabbit_interfaces/include/rabbit_interfaces/msg/rab_pwm.hpp
[1.200s] -- Up-to-date: /home/entity014/ABU_new_ws/install/rabbit_interfaces/include/rabbit_interfaces/msg/my_array.hpp
[1.200s] -- Up-to-date: /home/entity014/ABU_new_ws/install/rabbit_interfaces/include/rabbit_interfaces/msg/detail
[1.200s] -- Up-to-date: /home/entity014/ABU_new_ws/install/rabbit_interfaces/include/rabbit_interfaces/msg/detail/rab_dict__traits.hpp
[1.200s] -- Up-to-date: /home/entity014/ABU_new_ws/install/rabbit_interfaces/include/rabbit_interfaces/msg/detail/rab_pwm__struct.hpp
[1.201s] -- Up-to-date: /home/entity014/ABU_new_ws/install/rabbit_interfaces/include/rabbit_interfaces/msg/detail/my_array__traits.hpp
[1.201s] -- Up-to-date: /home/entity014/ABU_new_ws/install/rabbit_interfaces/include/rabbit_interfaces/msg/detail/rab_pwm__builder.hpp
[1.201s] -- Up-to-date: /home/entity014/ABU_new_ws/install/rabbit_interfaces/include/rabbit_interfaces/msg/detail/rab_dict__struct.hpp
[1.201s] -- Up-to-date: /home/entity014/ABU_new_ws/install/rabbit_interfaces/include/rabbit_interfaces/msg/detail/my_array__struct.hpp
[1.201s] -- Up-to-date: /home/entity014/ABU_new_ws/install/rabbit_interfaces/include/rabbit_interfaces/msg/detail/my_array__builder.hpp
[1.201s] -- Up-to-date: /home/entity014/ABU_new_ws/install/rabbit_interfaces/include/rabbit_interfaces/msg/detail/rab_pwm__traits.hpp
[1.202s] -- Up-to-date: /home/entity014/ABU_new_ws/install/rabbit_interfaces/include/rabbit_interfaces/msg/detail/rab_dict__builder.hpp
[1.202s] -- Up-to-date: /home/entity014/ABU_new_ws/install/rabbit_interfaces/include/rabbit_interfaces/msg/rab_dict.hpp
[1.202s] -- Up-to-date: /home/entity014/ABU_new_ws/install/rabbit_interfaces/include/rabbit_interfaces
[1.202s] -- Up-to-date: /home/entity014/ABU_new_ws/install/rabbit_interfaces/include/rabbit_interfaces/msg
[1.203s] -- Up-to-date: /home/entity014/ABU_new_ws/install/rabbit_interfaces/include/rabbit_interfaces/msg/detail
[1.203s] -- Up-to-date: /home/entity014/ABU_new_ws/install/rabbit_interfaces/include/rabbit_interfaces/msg/detail/rab_dict__rosidl_typesupport_introspection_cpp.hpp
[1.204s] -- Up-to-date: /home/entity014/ABU_new_ws/install/rabbit_interfaces/include/rabbit_interfaces/msg/detail/rab_dict__type_support.cpp
[1.204s] -- Up-to-date: /home/entity014/ABU_new_ws/install/rabbit_interfaces/include/rabbit_interfaces/msg/detail/my_array__type_support.cpp
[1.204s] -- Up-to-date: /home/entity014/ABU_new_ws/install/rabbit_interfaces/include/rabbit_interfaces/msg/detail/rab_pwm__type_support.cpp
[1.204s] -- Up-to-date: /home/entity014/ABU_new_ws/install/rabbit_interfaces/include/rabbit_interfaces/msg/detail/my_array__rosidl_typesupport_introspection_cpp.hpp
[1.205s] -- Up-to-date: /home/entity014/ABU_new_ws/install/rabbit_interfaces/include/rabbit_interfaces/msg/detail/rab_pwm__rosidl_typesupport_introspection_cpp.hpp
[1.205s] -- Up-to-date: /home/entity014/ABU_new_ws/install/rabbit_interfaces/lib/librabbit_interfaces__rosidl_typesupport_introspection_cpp.so
[1.205s] -- Up-to-date: /home/entity014/ABU_new_ws/install/rabbit_interfaces/lib/librabbit_interfaces__rosidl_typesupport_cpp.so
[1.211s] -- Up-to-date: /home/entity014/ABU_new_ws/install/rabbit_interfaces/share/rabbit_interfaces/environment/pythonpath.sh
[1.212s] -- Up-to-date: /home/entity014/ABU_new_ws/install/rabbit_interfaces/share/rabbit_interfaces/environment/pythonpath.dsv
[1.212s] -- Up-to-date: /home/entity014/ABU_new_ws/install/rabbit_interfaces/lib/python3.8/site-packages/rabbit_interfaces/__init__.py
[1.337s] -- Up-to-date: /home/entity014/ABU_new_ws/install/rabbit_interfaces/lib/python3.8/site-packages/rabbit_interfaces/msg
[1.338s] -- Up-to-date: /home/entity014/ABU_new_ws/install/rabbit_interfaces/lib/python3.8/site-packages/rabbit_interfaces/msg/_rab_pwm_s.c
[1.338s] -- Up-to-date: /home/entity014/ABU_new_ws/install/rabbit_interfaces/lib/python3.8/site-packages/rabbit_interfaces/msg/_rab_pwm.py
[1.338s] -- Up-to-date: /home/entity014/ABU_new_ws/install/rabbit_interfaces/lib/python3.8/site-packages/rabbit_interfaces/msg/_my_array.py
[1.338s] -- Up-to-date: /home/entity014/ABU_new_ws/install/rabbit_interfaces/lib/python3.8/site-packages/rabbit_interfaces/msg/_rab_dict_s.c
[1.338s] -- Up-to-date: /home/entity014/ABU_new_ws/install/rabbit_interfaces/lib/python3.8/site-packages/rabbit_interfaces/msg/_my_array_s.c
[1.339s] -- Up-to-date: /home/entity014/ABU_new_ws/install/rabbit_interfaces/lib/python3.8/site-packages/rabbit_interfaces/msg/_rab_dict.py
[1.339s] -- Up-to-date: /home/entity014/ABU_new_ws/install/rabbit_interfaces/lib/python3.8/site-packages/rabbit_interfaces/msg/__init__.py
[1.340s] -- Up-to-date: /home/entity014/ABU_new_ws/install/rabbit_interfaces/lib/python3.8/site-packages/rabbit_interfaces/rabbit_interfaces_s__rosidl_typesupport_fastrtps_c.cpython-38-x86_64-linux-gnu.so
[1.341s] -- Up-to-date: /home/entity014/ABU_new_ws/install/rabbit_interfaces/lib/python3.8/site-packages/rabbit_interfaces/rabbit_interfaces_s__rosidl_typesupport_introspection_c.cpython-38-x86_64-linux-gnu.so
[1.342s] -- Up-to-date: /home/entity014/ABU_new_ws/install/rabbit_interfaces/lib/python3.8/site-packages/rabbit_interfaces/rabbit_interfaces_s__rosidl_typesupport_c.cpython-38-x86_64-linux-gnu.so
[1.343s] -- Up-to-date: /home/entity014/ABU_new_ws/install/rabbit_interfaces/lib/librabbit_interfaces__python.so
[1.344s] -- Up-to-date: /home/entity014/ABU_new_ws/install/rabbit_interfaces/share/rabbit_interfaces/msg/RabDict.idl
[1.344s] -- Up-to-date: /home/entity014/ABU_new_ws/install/rabbit_interfaces/share/rabbit_interfaces/msg/RabPwm.idl
[1.345s] -- Up-to-date: /home/entity014/ABU_new_ws/install/rabbit_interfaces/share/rabbit_interfaces/msg/RabDict.msg
[1.345s] -- Up-to-date: /home/entity014/ABU_new_ws/install/rabbit_interfaces/share/rabbit_interfaces/msg/RabPwm.msg
[1.345s] -- Up-to-date: /home/entity014/ABU_new_ws/install/rabbit_interfaces/share/ament_index/resource_index/package_run_dependencies/rabbit_interfaces
[1.346s] -- Up-to-date: /home/entity014/ABU_new_ws/install/rabbit_interfaces/share/ament_index/resource_index/parent_prefix_path/rabbit_interfaces
[1.346s] -- Up-to-date: /home/entity014/ABU_new_ws/install/rabbit_interfaces/share/rabbit_interfaces/environment/ament_prefix_path.sh
[1.346s] -- Up-to-date: /home/entity014/ABU_new_ws/install/rabbit_interfaces/share/rabbit_interfaces/environment/ament_prefix_path.dsv
[1.346s] -- Up-to-date: /home/entity014/ABU_new_ws/install/rabbit_interfaces/share/rabbit_interfaces/environment/path.sh
[1.346s] -- Up-to-date: /home/entity014/ABU_new_ws/install/rabbit_interfaces/share/rabbit_interfaces/environment/path.dsv
[1.347s] -- Up-to-date: /home/entity014/ABU_new_ws/install/rabbit_interfaces/share/rabbit_interfaces/local_setup.bash
[1.347s] -- Up-to-date: /home/entity014/ABU_new_ws/install/rabbit_interfaces/share/rabbit_interfaces/local_setup.sh
[1.347s] -- Up-to-date: /home/entity014/ABU_new_ws/install/rabbit_interfaces/share/rabbit_interfaces/local_setup.zsh
[1.347s] -- Up-to-date: /home/entity014/ABU_new_ws/install/rabbit_interfaces/share/rabbit_interfaces/local_setup.dsv
[1.348s] -- Installing: /home/entity014/ABU_new_ws/install/rabbit_interfaces/share/rabbit_interfaces/package.dsv
[1.348s] -- Up-to-date: /home/entity014/ABU_new_ws/install/rabbit_interfaces/share/ament_index/resource_index/packages/rabbit_interfaces
[1.349s] -- Up-to-date: /home/entity014/ABU_new_ws/install/rabbit_interfaces/share/rabbit_interfaces/cmake/rabbit_interfaces__rosidl_generator_cExport.cmake
[1.350s] -- Up-to-date: /home/entity014/ABU_new_ws/install/rabbit_interfaces/share/rabbit_interfaces/cmake/rabbit_interfaces__rosidl_generator_cExport-noconfig.cmake
[1.352s] -- Up-to-date: /home/entity014/ABU_new_ws/install/rabbit_interfaces/share/rabbit_interfaces/cmake/rabbit_interfaces__rosidl_typesupport_introspection_cExport.cmake
[1.352s] -- Up-to-date: /home/entity014/ABU_new_ws/install/rabbit_interfaces/share/rabbit_interfaces/cmake/rabbit_interfaces__rosidl_typesupport_introspection_cExport-noconfig.cmake
[1.354s] -- Up-to-date: /home/entity014/ABU_new_ws/install/rabbit_interfaces/share/rabbit_interfaces/cmake/rabbit_interfaces__rosidl_typesupport_cExport.cmake
[1.354s] -- Up-to-date: /home/entity014/ABU_new_ws/install/rabbit_interfaces/share/rabbit_interfaces/cmake/rabbit_interfaces__rosidl_typesupport_cExport-noconfig.cmake
[1.355s] -- Up-to-date: /home/entity014/ABU_new_ws/install/rabbit_interfaces/share/rabbit_interfaces/cmake/rabbit_interfaces__rosidl_generator_cppExport.cmake
[1.357s] -- Up-to-date: /home/entity014/ABU_new_ws/install/rabbit_interfaces/share/rabbit_interfaces/cmake/rabbit_interfaces__rosidl_typesupport_introspection_cppExport.cmake
[1.358s] -- Up-to-date: /home/entity014/ABU_new_ws/install/rabbit_interfaces/share/rabbit_interfaces/cmake/rabbit_interfaces__rosidl_typesupport_introspection_cppExport-noconfig.cmake
[1.358s] -- Up-to-date: /home/entity014/ABU_new_ws/install/rabbit_interfaces/share/rabbit_interfaces/cmake/rabbit_interfaces__rosidl_typesupport_cppExport.cmake
[1.359s] -- Up-to-date: /home/entity014/ABU_new_ws/install/rabbit_interfaces/share/rabbit_interfaces/cmake/rabbit_interfaces__rosidl_typesupport_cppExport-noconfig.cmake
[1.359s] -- Up-to-date: /home/entity014/ABU_new_ws/install/rabbit_interfaces/share/rabbit_interfaces/cmake/rosidl_cmake-extras.cmake
[1.360s] -- Up-to-date: /home/entity014/ABU_new_ws/install/rabbit_interfaces/share/rabbit_interfaces/cmake/ament_cmake_export_dependencies-extras.cmake
[1.360s] -- Up-to-date: /home/entity014/ABU_new_ws/install/rabbit_interfaces/share/rabbit_interfaces/cmake/ament_cmake_export_libraries-extras.cmake
[1.360s] -- Up-to-date: /home/entity014/ABU_new_ws/install/rabbit_interfaces/share/rabbit_interfaces/cmake/ament_cmake_export_targets-extras.cmake
[1.360s] -- Up-to-date: /home/entity014/ABU_new_ws/install/rabbit_interfaces/share/rabbit_interfaces/cmake/ament_cmake_export_include_directories-extras.cmake
[1.360s] -- Up-to-date: /home/entity014/ABU_new_ws/install/rabbit_interfaces/share/rabbit_interfaces/cmake/rosidl_cmake_export_typesupport_libraries-extras.cmake
[1.361s] -- Up-to-date: /home/entity014/ABU_new_ws/install/rabbit_interfaces/share/rabbit_interfaces/cmake/rosidl_cmake_export_typesupport_targets-extras.cmake
[1.361s] -- Up-to-date: /home/entity014/ABU_new_ws/install/rabbit_interfaces/share/rabbit_interfaces/cmake/rabbit_interfacesConfig.cmake
[1.361s] -- Up-to-date: /home/entity014/ABU_new_ws/install/rabbit_interfaces/share/rabbit_interfaces/cmake/rabbit_interfacesConfig-version.cmake
[1.361s] -- Up-to-date: /home/entity014/ABU_new_ws/install/rabbit_interfaces/share/rabbit_interfaces/package.xml
[1.383s] Invoked command in '/home/entity014/ABU_new_ws/build/rabbit_interfaces' returned '0': CMAKE_PREFIX_PATH=${CMAKE_PREFIX_PATH}:/home/entity014/ABU_new_ws/install/rabbit_package:/home/entity014/ros2_ws/install/swap_pillar:/home/entity014/abu_ws/install/abu_package:/opt/ros/foxy /home/entity014/.local/bin/cmake --install /home/entity014/ABU_new_ws/build/rabbit_interfaces
