[1.228s] Invoking command in '/home/entity014/ABU_new_ws/src/rabbit_package': PYTHONPATH=/home/entity014/ABU_new_ws/build/rabbit_package/prefix_override:/home/entity014/ABU_new_ws/install/rabbit_package/lib/python3.8/site-packages:${PYTHONPATH} /usr/bin/python3 setup.py egg_info --egg-base ../../build/rabbit_package build --build-base /home/entity014/ABU_new_ws/build/rabbit_package/build install --record /home/entity014/ABU_new_ws/build/rabbit_package/install.log --install-scripts $base/lib/rabbit_package --single-version-externally-managed
[1.646s] running egg_info
[1.647s] writing ../../build/rabbit_package/rabbit_package.egg-info/PKG-INFO
[1.647s] writing dependency_links to ../../build/rabbit_package/rabbit_package.egg-info/dependency_links.txt
[1.648s] writing entry points to ../../build/rabbit_package/rabbit_package.egg-info/entry_points.txt
[1.648s] writing requirements to ../../build/rabbit_package/rabbit_package.egg-info/requires.txt
[1.648s] writing top-level names to ../../build/rabbit_package/rabbit_package.egg-info/top_level.txt
[1.698s] reading manifest file '../../build/rabbit_package/rabbit_package.egg-info/SOURCES.txt'
[1.700s] writing manifest file '../../build/rabbit_package/rabbit_package.egg-info/SOURCES.txt'
[1.700s] running build
[1.700s] running build_py
[1.701s] running install
[1.702s] running install_lib
[1.705s] running install_data
[1.705s] running install_egg_info
[1.709s] removing '/home/entity014/ABU_new_ws/install/rabbit_package/lib/python3.8/site-packages/rabbit_package-0.0.0-py3.8.egg-info' (and everything under it)
[1.709s] Copying ../../build/rabbit_package/rabbit_package.egg-info to /home/entity014/ABU_new_ws/install/rabbit_package/lib/python3.8/site-packages/rabbit_package-0.0.0-py3.8.egg-info
[1.710s] running install_scripts
[1.735s] Installing joyCon_node script to /home/entity014/ABU_new_ws/install/rabbit_package/lib/rabbit_package
[1.736s] writing list of installed files to '/home/entity014/ABU_new_ws/build/rabbit_package/install.log'
