[0.586s] DEBUG:colcon:Command line arguments: ['/usr/bin/colcon', 'build']
[0.586s] DEBUG:colcon:Parsed command line arguments: Namespace(allow_overriding=[], ament_cmake_args=None, base_paths=['.'], build_base='build', catkin_cmake_args=None, catkin_skip_building_tests=False, cmake_args=None, cmake_clean_cache=False, cmake_clean_first=False, cmake_force_configure=False, cmake_target=None, cmake_target_skip_unavailable=False, continue_on_error=False, event_handlers=None, executor='parallel', ignore_user_meta=False, install_base='install', log_base=None, log_level=None, main=<bound method BuildVerb.main of <colcon_core.verb.build.BuildVerb object at 0x7fc12018b610>>, merge_install=False, metas=['./colcon.meta'], packages_above=None, packages_above_and_dependencies=None, packages_above_depth=None, packages_end=None, packages_ignore=None, packages_ignore_regex=None, packages_select=None, packages_select_build_failed=False, packages_select_by_dep=None, packages_select_regex=None, packages_select_test_failures=False, packages_skip=None, packages_skip_build_finished=False, packages_skip_by_dep=None, packages_skip_regex=None, packages_skip_test_passed=False, packages_skip_up_to=None, packages_start=None, packages_up_to=None, packages_up_to_regex=None, parallel_workers=8, paths=None, symlink_install=False, test_result_base=None, verb_extension=<colcon_core.verb.build.BuildVerb object at 0x7fc12018b610>, verb_name='build', verb_parser=<colcon_defaults.argument_parser.defaults.DefaultArgumentsDecorator object at 0x7fc12018bb50>)
[0.638s] Level 1:colcon.colcon_core.package_discovery:discover_packages(colcon_meta) check parameters
[0.639s] Level 1:colcon.colcon_core.package_discovery:discover_packages(recursive) check parameters
[0.639s] Level 1:colcon.colcon_core.package_discovery:discover_packages(ignore) check parameters
[0.639s] Level 1:colcon.colcon_core.package_discovery:discover_packages(path) check parameters
[0.639s] Level 1:colcon.colcon_core.package_discovery:discover_packages(colcon_meta) discover
[0.639s] Level 1:colcon.colcon_core.package_discovery:discover_packages(recursive) discover
[0.639s] INFO:colcon.colcon_core.package_discovery:Crawling recursively for packages in '/home/entity014/ABU_new_ws'
[0.639s] Level 1:colcon.colcon_core.package_identification:_identify(.) by extensions ['ignore', 'ignore_ament_install']
[0.639s] Level 1:colcon.colcon_core.package_identification:_identify(.) by extension 'ignore'
[0.639s] Level 1:colcon.colcon_core.package_identification:_identify(.) by extension 'ignore_ament_install'
[0.639s] Level 1:colcon.colcon_core.package_identification:_identify(.) by extensions ['colcon_pkg']
[0.640s] Level 1:colcon.colcon_core.package_identification:_identify(.) by extension 'colcon_pkg'
[0.640s] Level 1:colcon.colcon_core.package_identification:_identify(.) by extensions ['colcon_meta']
[0.640s] Level 1:colcon.colcon_core.package_identification:_identify(.) by extension 'colcon_meta'
[0.640s] Level 1:colcon.colcon_core.package_identification:_identify(.) by extensions ['ros']
[0.640s] Level 1:colcon.colcon_core.package_identification:_identify(.) by extension 'ros'
[0.671s] Level 1:colcon.colcon_core.package_identification:_identify(.) by extensions ['cmake', 'python']
[0.671s] Level 1:colcon.colcon_core.package_identification:_identify(.) by extension 'cmake'
[0.671s] Level 1:colcon.colcon_core.package_identification:_identify(.) by extension 'python'
[0.671s] Level 1:colcon.colcon_core.package_identification:_identify(.) by extensions ['python_setup_py']
[0.671s] Level 1:colcon.colcon_core.package_identification:_identify(.) by extension 'python_setup_py'
[0.671s] Level 1:colcon.colcon_core.package_identification:_identify(build) by extensions ['ignore', 'ignore_ament_install']
[0.671s] Level 1:colcon.colcon_core.package_identification:_identify(build) by extension 'ignore'
[0.672s] Level 1:colcon.colcon_core.package_identification:_identify(build) ignored
[0.672s] Level 1:colcon.colcon_core.package_identification:_identify(install) by extensions ['ignore', 'ignore_ament_install']
[0.672s] Level 1:colcon.colcon_core.package_identification:_identify(install) by extension 'ignore'
[0.672s] Level 1:colcon.colcon_core.package_identification:_identify(install) ignored
[0.672s] Level 1:colcon.colcon_core.package_identification:_identify(log) by extensions ['ignore', 'ignore_ament_install']
[0.672s] Level 1:colcon.colcon_core.package_identification:_identify(log) by extension 'ignore'
[0.672s] Level 1:colcon.colcon_core.package_identification:_identify(log) ignored
[0.673s] Level 1:colcon.colcon_core.package_identification:_identify(src) by extensions ['ignore', 'ignore_ament_install']
[0.673s] Level 1:colcon.colcon_core.package_identification:_identify(src) by extension 'ignore'
[0.673s] Level 1:colcon.colcon_core.package_identification:_identify(src) by extension 'ignore_ament_install'
[0.673s] Level 1:colcon.colcon_core.package_identification:_identify(src) by extensions ['colcon_pkg']
[0.673s] Level 1:colcon.colcon_core.package_identification:_identify(src) by extension 'colcon_pkg'
[0.673s] Level 1:colcon.colcon_core.package_identification:_identify(src) by extensions ['colcon_meta']
[0.673s] Level 1:colcon.colcon_core.package_identification:_identify(src) by extension 'colcon_meta'
[0.673s] Level 1:colcon.colcon_core.package_identification:_identify(src) by extensions ['ros']
[0.673s] Level 1:colcon.colcon_core.package_identification:_identify(src) by extension 'ros'
[0.673s] Level 1:colcon.colcon_core.package_identification:_identify(src) by extensions ['cmake', 'python']
[0.673s] Level 1:colcon.colcon_core.package_identification:_identify(src) by extension 'cmake'
[0.673s] Level 1:colcon.colcon_core.package_identification:_identify(src) by extension 'python'
[0.673s] Level 1:colcon.colcon_core.package_identification:_identify(src) by extensions ['python_setup_py']
[0.673s] Level 1:colcon.colcon_core.package_identification:_identify(src) by extension 'python_setup_py'
[0.674s] Level 1:colcon.colcon_core.package_identification:_identify(src/rabbit_interfaces) by extensions ['ignore', 'ignore_ament_install']
[0.674s] Level 1:colcon.colcon_core.package_identification:_identify(src/rabbit_interfaces) by extension 'ignore'
[0.674s] Level 1:colcon.colcon_core.package_identification:_identify(src/rabbit_interfaces) by extension 'ignore_ament_install'
[0.674s] Level 1:colcon.colcon_core.package_identification:_identify(src/rabbit_interfaces) by extensions ['colcon_pkg']
[0.674s] Level 1:colcon.colcon_core.package_identification:_identify(src/rabbit_interfaces) by extension 'colcon_pkg'
[0.674s] Level 1:colcon.colcon_core.package_identification:_identify(src/rabbit_interfaces) by extensions ['colcon_meta']
[0.674s] Level 1:colcon.colcon_core.package_identification:_identify(src/rabbit_interfaces) by extension 'colcon_meta'
[0.674s] Level 1:colcon.colcon_core.package_identification:_identify(src/rabbit_interfaces) by extensions ['ros']
[0.674s] Level 1:colcon.colcon_core.package_identification:_identify(src/rabbit_interfaces) by extension 'ros'
[0.678s] DEBUG:colcon.colcon_core.package_identification:Package 'src/rabbit_interfaces' with type 'ros.ament_cmake' and name 'rabbit_interfaces'
[0.678s] Level 1:colcon.colcon_core.package_identification:_identify(src/rabbit_package) by extensions ['ignore', 'ignore_ament_install']
[0.678s] Level 1:colcon.colcon_core.package_identification:_identify(src/rabbit_package) by extension 'ignore'
[0.678s] Level 1:colcon.colcon_core.package_identification:_identify(src/rabbit_package) by extension 'ignore_ament_install'
[0.678s] Level 1:colcon.colcon_core.package_identification:_identify(src/rabbit_package) by extensions ['colcon_pkg']
[0.679s] Level 1:colcon.colcon_core.package_identification:_identify(src/rabbit_package) by extension 'colcon_pkg'
[0.679s] Level 1:colcon.colcon_core.package_identification:_identify(src/rabbit_package) by extensions ['colcon_meta']
[0.679s] Level 1:colcon.colcon_core.package_identification:_identify(src/rabbit_package) by extension 'colcon_meta'
[0.679s] Level 1:colcon.colcon_core.package_identification:_identify(src/rabbit_package) by extensions ['ros']
[0.679s] Level 1:colcon.colcon_core.package_identification:_identify(src/rabbit_package) by extension 'ros'
[0.680s] DEBUG:colcon.colcon_core.package_identification:Package 'src/rabbit_package' with type 'ros.ament_python' and name 'rabbit_package'
[0.680s] Level 1:colcon.colcon_core.package_discovery:discover_packages(recursive) using defaults
[0.680s] Level 1:colcon.colcon_core.package_discovery:discover_packages(ignore) discover
[0.680s] Level 1:colcon.colcon_core.package_discovery:discover_packages(ignore) using defaults
[0.680s] Level 1:colcon.colcon_core.package_discovery:discover_packages(path) discover
[0.680s] Level 1:colcon.colcon_core.package_discovery:discover_packages(path) using defaults
[0.712s] Level 1:colcon.colcon_core.package_discovery:discover_packages(prefix_path) check parameters
[0.712s] Level 1:colcon.colcon_core.package_discovery:discover_packages(prefix_path) discover
[0.717s] DEBUG:colcon.colcon_installed_package_information.package_discovery:Found 2 installed packages in /home/entity014/ABU_new_ws/install
[0.719s] DEBUG:colcon.colcon_installed_package_information.package_discovery:Found 5 installed packages in /home/entity014/ros2_ws/install
[0.721s] DEBUG:colcon.colcon_installed_package_information.package_discovery:Found 11 installed packages in /home/entity014/abu_ws/install
[0.724s] DEBUG:colcon.colcon_installed_package_information.package_discovery:Found 334 installed packages in /opt/ros/foxy
[0.727s] Level 1:colcon.colcon_core.package_discovery:discover_packages(prefix_path) using defaults
[0.848s] Level 5:colcon.colcon_core.verb:set package 'rabbit_interfaces' build argument 'cmake_args' from command line to 'None'
[0.848s] Level 5:colcon.colcon_core.verb:set package 'rabbit_interfaces' build argument 'cmake_target' from command line to 'None'
[0.848s] Level 5:colcon.colcon_core.verb:set package 'rabbit_interfaces' build argument 'cmake_target_skip_unavailable' from command line to 'False'
[0.848s] Level 5:colcon.colcon_core.verb:set package 'rabbit_interfaces' build argument 'cmake_clean_cache' from command line to 'False'
[0.848s] Level 5:colcon.colcon_core.verb:set package 'rabbit_interfaces' build argument 'cmake_clean_first' from command line to 'False'
[0.848s] Level 5:colcon.colcon_core.verb:set package 'rabbit_interfaces' build argument 'cmake_force_configure' from command line to 'False'
[0.848s] Level 5:colcon.colcon_core.verb:set package 'rabbit_interfaces' build argument 'ament_cmake_args' from command line to 'None'
[0.848s] Level 5:colcon.colcon_core.verb:set package 'rabbit_interfaces' build argument 'catkin_cmake_args' from command line to 'None'
[0.848s] Level 5:colcon.colcon_core.verb:set package 'rabbit_interfaces' build argument 'catkin_skip_building_tests' from command line to 'False'
[0.849s] DEBUG:colcon.colcon_core.verb:Building package 'rabbit_interfaces' with the following arguments: {'ament_cmake_args': None, 'build_base': '/home/entity014/ABU_new_ws/build/rabbit_interfaces', 'catkin_cmake_args': None, 'catkin_skip_building_tests': False, 'cmake_args': None, 'cmake_clean_cache': False, 'cmake_clean_first': False, 'cmake_force_configure': False, 'cmake_target': None, 'cmake_target_skip_unavailable': False, 'install_base': '/home/entity014/ABU_new_ws/install/rabbit_interfaces', 'merge_install': False, 'path': '/home/entity014/ABU_new_ws/src/rabbit_interfaces', 'symlink_install': False, 'test_result_base': None}
[0.850s] Level 5:colcon.colcon_core.verb:set package 'rabbit_package' build argument 'cmake_args' from command line to 'None'
[0.850s] Level 5:colcon.colcon_core.verb:set package 'rabbit_package' build argument 'cmake_target' from command line to 'None'
[0.850s] Level 5:colcon.colcon_core.verb:set package 'rabbit_package' build argument 'cmake_target_skip_unavailable' from command line to 'False'
[0.850s] Level 5:colcon.colcon_core.verb:set package 'rabbit_package' build argument 'cmake_clean_cache' from command line to 'False'
[0.850s] Level 5:colcon.colcon_core.verb:set package 'rabbit_package' build argument 'cmake_clean_first' from command line to 'False'
[0.850s] Level 5:colcon.colcon_core.verb:set package 'rabbit_package' build argument 'cmake_force_configure' from command line to 'False'
[0.850s] Level 5:colcon.colcon_core.verb:set package 'rabbit_package' build argument 'ament_cmake_args' from command line to 'None'
[0.850s] Level 5:colcon.colcon_core.verb:set package 'rabbit_package' build argument 'catkin_cmake_args' from command line to 'None'
[0.851s] Level 5:colcon.colcon_core.verb:set package 'rabbit_package' build argument 'catkin_skip_building_tests' from command line to 'False'
[0.851s] DEBUG:colcon.colcon_core.verb:Building package 'rabbit_package' with the following arguments: {'ament_cmake_args': None, 'build_base': '/home/entity014/ABU_new_ws/build/rabbit_package', 'catkin_cmake_args': None, 'catkin_skip_building_tests': False, 'cmake_args': None, 'cmake_clean_cache': False, 'cmake_clean_first': False, 'cmake_force_configure': False, 'cmake_target': None, 'cmake_target_skip_unavailable': False, 'install_base': '/home/entity014/ABU_new_ws/install/rabbit_package', 'merge_install': False, 'path': '/home/entity014/ABU_new_ws/src/rabbit_package', 'symlink_install': False, 'test_result_base': None}
[0.852s] INFO:colcon.colcon_core.executor:Executing jobs using 'parallel' executor
[0.857s] DEBUG:colcon.colcon_parallel_executor.executor.parallel:run_until_complete
[0.857s] INFO:colcon.colcon_ros.task.ament_cmake.build:Building ROS package in '/home/entity014/ABU_new_ws/src/rabbit_interfaces' with build type 'ament_cmake'
[0.857s] INFO:colcon.colcon_cmake.task.cmake.build:Building CMake package in '/home/entity014/ABU_new_ws/src/rabbit_interfaces'
[0.865s] INFO:colcon.colcon_core.plugin_system:Skipping extension 'colcon_core.shell.bat': Not used on non-Windows systems
[0.865s] INFO:colcon.colcon_core.shell:Skip shell extension 'powershell' for command environment: Not usable outside of PowerShell
[0.865s] DEBUG:colcon.colcon_core.shell:Skip shell extension 'dsv' for command environment
[0.890s] DEBUG:colcon.colcon_core.event_handler.log_command:Invoking command in '/home/entity014/ABU_new_ws/build/rabbit_interfaces': CMAKE_PREFIX_PATH=${CMAKE_PREFIX_PATH}:/home/entity014/ABU_new_ws/install/rabbit_package:/home/entity014/ros2_ws/install/swap_pillar:/home/entity014/abu_ws/install/abu_package:/opt/ros/foxy /home/entity014/.local/bin/cmake --build /home/entity014/ABU_new_ws/build/rabbit_interfaces -- -j8 -l8
[6.134s] DEBUG:colcon.colcon_core.event_handler.log_command:Invoked command in '/home/entity014/ABU_new_ws/build/rabbit_interfaces' returned '0': CMAKE_PREFIX_PATH=${CMAKE_PREFIX_PATH}:/home/entity014/ABU_new_ws/install/rabbit_package:/home/entity014/ros2_ws/install/swap_pillar:/home/entity014/abu_ws/install/abu_package:/opt/ros/foxy /home/entity014/.local/bin/cmake --build /home/entity014/ABU_new_ws/build/rabbit_interfaces -- -j8 -l8
[6.332s] DEBUG:colcon.colcon_core.event_handler.log_command:Invoking command in '/home/entity014/ABU_new_ws/build/rabbit_interfaces': CMAKE_PREFIX_PATH=${CMAKE_PREFIX_PATH}:/home/entity014/ABU_new_ws/install/rabbit_package:/home/entity014/ros2_ws/install/swap_pillar:/home/entity014/abu_ws/install/abu_package:/opt/ros/foxy /home/entity014/.local/bin/cmake --install /home/entity014/ABU_new_ws/build/rabbit_interfaces
[6.470s] Level 1:colcon.colcon_core.environment:create_environment_scripts_only(rabbit_interfaces)
[6.472s] DEBUG:colcon.colcon_core.event_handler.log_command:Invoked command in '/home/entity014/ABU_new_ws/build/rabbit_interfaces' returned '0': CMAKE_PREFIX_PATH=${CMAKE_PREFIX_PATH}:/home/entity014/ABU_new_ws/install/rabbit_package:/home/entity014/ros2_ws/install/swap_pillar:/home/entity014/abu_ws/install/abu_package:/opt/ros/foxy /home/entity014/.local/bin/cmake --install /home/entity014/ABU_new_ws/build/rabbit_interfaces
[6.481s] Level 1:colcon.colcon_core.environment:checking '/home/entity014/ABU_new_ws/install/rabbit_interfaces' for CMake module files
[6.482s] Level 1:colcon.colcon_core.environment:checking '/home/entity014/ABU_new_ws/install/rabbit_interfaces' for CMake config files
[6.482s] Level 1:colcon.colcon_core.shell:create_environment_hook('rabbit_interfaces', 'cmake_prefix_path')
[6.485s] INFO:colcon.colcon_core.shell:Creating environment hook '/home/entity014/ABU_new_ws/install/rabbit_interfaces/share/rabbit_interfaces/hook/cmake_prefix_path.ps1'
[6.486s] INFO:colcon.colcon_core.shell:Creating environment descriptor '/home/entity014/ABU_new_ws/install/rabbit_interfaces/share/rabbit_interfaces/hook/cmake_prefix_path.dsv'
[6.487s] INFO:colcon.colcon_core.shell:Creating environment hook '/home/entity014/ABU_new_ws/install/rabbit_interfaces/share/rabbit_interfaces/hook/cmake_prefix_path.sh'
[6.488s] Level 1:colcon.colcon_core.environment:checking '/home/entity014/ABU_new_ws/install/rabbit_interfaces/lib'
[6.489s] Level 1:colcon.colcon_core.shell:create_environment_hook('rabbit_interfaces', 'ld_library_path_lib')
[6.491s] INFO:colcon.colcon_core.shell:Creating environment hook '/home/entity014/ABU_new_ws/install/rabbit_interfaces/share/rabbit_interfaces/hook/ld_library_path_lib.ps1'
[6.491s] INFO:colcon.colcon_core.shell:Creating environment descriptor '/home/entity014/ABU_new_ws/install/rabbit_interfaces/share/rabbit_interfaces/hook/ld_library_path_lib.dsv'
[6.492s] INFO:colcon.colcon_core.shell:Creating environment hook '/home/entity014/ABU_new_ws/install/rabbit_interfaces/share/rabbit_interfaces/hook/ld_library_path_lib.sh'
[6.492s] Level 1:colcon.colcon_core.environment:checking '/home/entity014/ABU_new_ws/install/rabbit_interfaces/bin'
[6.492s] Level 1:colcon.colcon_core.environment:checking '/home/entity014/ABU_new_ws/install/rabbit_interfaces/lib/pkgconfig/rabbit_interfaces.pc'
[6.493s] Level 1:colcon.colcon_core.environment:checking '/home/entity014/ABU_new_ws/install/rabbit_interfaces/lib/python3.8/site-packages'
[6.493s] Level 1:colcon.colcon_core.shell:create_environment_hook('rabbit_interfaces', 'pythonpath')
[6.495s] INFO:colcon.colcon_core.shell:Creating environment hook '/home/entity014/ABU_new_ws/install/rabbit_interfaces/share/rabbit_interfaces/hook/pythonpath.ps1'
[6.496s] INFO:colcon.colcon_core.shell:Creating environment descriptor '/home/entity014/ABU_new_ws/install/rabbit_interfaces/share/rabbit_interfaces/hook/pythonpath.dsv'
[6.496s] INFO:colcon.colcon_core.shell:Creating environment hook '/home/entity014/ABU_new_ws/install/rabbit_interfaces/share/rabbit_interfaces/hook/pythonpath.sh'
[6.497s] Level 1:colcon.colcon_core.environment:checking '/home/entity014/ABU_new_ws/install/rabbit_interfaces/bin'
[6.500s] INFO:colcon.colcon_core.shell:Creating package script '/home/entity014/ABU_new_ws/install/rabbit_interfaces/share/rabbit_interfaces/package.ps1'
[6.502s] INFO:colcon.colcon_core.shell:Creating package descriptor '/home/entity014/ABU_new_ws/install/rabbit_interfaces/share/rabbit_interfaces/package.dsv'
[6.503s] INFO:colcon.colcon_core.shell:Creating package script '/home/entity014/ABU_new_ws/install/rabbit_interfaces/share/rabbit_interfaces/package.sh'
[6.505s] INFO:colcon.colcon_core.shell:Creating package script '/home/entity014/ABU_new_ws/install/rabbit_interfaces/share/rabbit_interfaces/package.bash'
[6.507s] INFO:colcon.colcon_core.shell:Creating package script '/home/entity014/ABU_new_ws/install/rabbit_interfaces/share/rabbit_interfaces/package.zsh'
[6.509s] Level 1:colcon.colcon_core.environment:create_file_with_runtime_dependencies(/home/entity014/ABU_new_ws/install/rabbit_interfaces/share/colcon-core/packages/rabbit_interfaces)
[6.649s] Level 1:colcon.colcon_core.environment:create_environment_scripts_only(rabbit_interfaces)
[6.653s] Level 1:colcon.colcon_core.environment:checking '/home/entity014/ABU_new_ws/install/rabbit_interfaces' for CMake module files
[6.654s] Level 1:colcon.colcon_core.environment:checking '/home/entity014/ABU_new_ws/install/rabbit_interfaces' for CMake config files
[6.655s] Level 1:colcon.colcon_core.shell:create_environment_hook('rabbit_interfaces', 'cmake_prefix_path')
[6.657s] INFO:colcon.colcon_core.shell:Creating environment hook '/home/entity014/ABU_new_ws/install/rabbit_interfaces/share/rabbit_interfaces/hook/cmake_prefix_path.ps1'
[6.658s] INFO:colcon.colcon_core.shell:Creating environment descriptor '/home/entity014/ABU_new_ws/install/rabbit_interfaces/share/rabbit_interfaces/hook/cmake_prefix_path.dsv'
[6.658s] INFO:colcon.colcon_core.shell:Creating environment hook '/home/entity014/ABU_new_ws/install/rabbit_interfaces/share/rabbit_interfaces/hook/cmake_prefix_path.sh'
[6.659s] Level 1:colcon.colcon_core.environment:checking '/home/entity014/ABU_new_ws/install/rabbit_interfaces/lib'
[6.659s] Level 1:colcon.colcon_core.shell:create_environment_hook('rabbit_interfaces', 'ld_library_path_lib')
[6.662s] INFO:colcon.colcon_core.shell:Creating environment hook '/home/entity014/ABU_new_ws/install/rabbit_interfaces/share/rabbit_interfaces/hook/ld_library_path_lib.ps1'
[6.662s] INFO:colcon.colcon_core.shell:Creating environment descriptor '/home/entity014/ABU_new_ws/install/rabbit_interfaces/share/rabbit_interfaces/hook/ld_library_path_lib.dsv'
[6.663s] INFO:colcon.colcon_core.shell:Creating environment hook '/home/entity014/ABU_new_ws/install/rabbit_interfaces/share/rabbit_interfaces/hook/ld_library_path_lib.sh'
[6.663s] Level 1:colcon.colcon_core.environment:checking '/home/entity014/ABU_new_ws/install/rabbit_interfaces/bin'
[6.664s] Level 1:colcon.colcon_core.environment:checking '/home/entity014/ABU_new_ws/install/rabbit_interfaces/lib/pkgconfig/rabbit_interfaces.pc'
[6.664s] Level 1:colcon.colcon_core.environment:checking '/home/entity014/ABU_new_ws/install/rabbit_interfaces/lib/python3.8/site-packages'
[6.664s] Level 1:colcon.colcon_core.shell:create_environment_hook('rabbit_interfaces', 'pythonpath')
[6.666s] INFO:colcon.colcon_core.shell:Creating environment hook '/home/entity014/ABU_new_ws/install/rabbit_interfaces/share/rabbit_interfaces/hook/pythonpath.ps1'
[6.667s] INFO:colcon.colcon_core.shell:Creating environment descriptor '/home/entity014/ABU_new_ws/install/rabbit_interfaces/share/rabbit_interfaces/hook/pythonpath.dsv'
[6.667s] INFO:colcon.colcon_core.shell:Creating environment hook '/home/entity014/ABU_new_ws/install/rabbit_interfaces/share/rabbit_interfaces/hook/pythonpath.sh'
[6.668s] Level 1:colcon.colcon_core.environment:checking '/home/entity014/ABU_new_ws/install/rabbit_interfaces/bin'
[6.670s] INFO:colcon.colcon_core.shell:Creating package script '/home/entity014/ABU_new_ws/install/rabbit_interfaces/share/rabbit_interfaces/package.ps1'
[6.671s] INFO:colcon.colcon_core.shell:Creating package descriptor '/home/entity014/ABU_new_ws/install/rabbit_interfaces/share/rabbit_interfaces/package.dsv'
[6.672s] INFO:colcon.colcon_core.shell:Creating package script '/home/entity014/ABU_new_ws/install/rabbit_interfaces/share/rabbit_interfaces/package.sh'
[6.673s] INFO:colcon.colcon_core.shell:Creating package script '/home/entity014/ABU_new_ws/install/rabbit_interfaces/share/rabbit_interfaces/package.bash'
[6.673s] INFO:colcon.colcon_core.shell:Creating package script '/home/entity014/ABU_new_ws/install/rabbit_interfaces/share/rabbit_interfaces/package.zsh'
[6.674s] Level 1:colcon.colcon_core.environment:create_file_with_runtime_dependencies(/home/entity014/ABU_new_ws/install/rabbit_interfaces/share/colcon-core/packages/rabbit_interfaces)
[6.674s] INFO:colcon.colcon_ros.task.ament_python.build:Building ROS package in '/home/entity014/ABU_new_ws/src/rabbit_package' with build type 'ament_python'
[6.675s] Level 1:colcon.colcon_core.shell:create_environment_hook('rabbit_package', 'ament_prefix_path')
[6.677s] INFO:colcon.colcon_core.shell:Creating environment hook '/home/entity014/ABU_new_ws/install/rabbit_package/share/rabbit_package/hook/ament_prefix_path.ps1'
[6.678s] INFO:colcon.colcon_core.shell:Creating environment descriptor '/home/entity014/ABU_new_ws/install/rabbit_package/share/rabbit_package/hook/ament_prefix_path.dsv'
[6.679s] INFO:colcon.colcon_core.shell:Creating environment hook '/home/entity014/ABU_new_ws/install/rabbit_package/share/rabbit_package/hook/ament_prefix_path.sh'
[6.682s] INFO:colcon.colcon_core.shell:Skip shell extension 'powershell' for command environment: Not usable outside of PowerShell
[6.682s] DEBUG:colcon.colcon_core.shell:Skip shell extension 'dsv' for command environment
[7.134s] INFO:colcon.colcon_core.task.python.build:Building Python package in '/home/entity014/ABU_new_ws/src/rabbit_package'
[7.137s] INFO:colcon.colcon_core.shell:Skip shell extension 'powershell' for command environment: Not usable outside of PowerShell
[7.138s] DEBUG:colcon.colcon_core.shell:Skip shell extension 'dsv' for command environment
[7.826s] DEBUG:colcon.colcon_core.event_handler.log_command:Invoking command in '/home/entity014/ABU_new_ws/src/rabbit_package': PYTHONPATH=/home/entity014/ABU_new_ws/build/rabbit_package/prefix_override:/home/entity014/ABU_new_ws/install/rabbit_package/lib/python3.8/site-packages:${PYTHONPATH} /usr/bin/python3 setup.py egg_info --egg-base ../../build/rabbit_package build --build-base /home/entity014/ABU_new_ws/build/rabbit_package/build install --record /home/entity014/ABU_new_ws/build/rabbit_package/install.log --install-scripts $base/lib/rabbit_package --single-version-externally-managed
[8.368s] Level 1:colcon.colcon_core.environment:checking '/home/entity014/ABU_new_ws/install/rabbit_package' for CMake module files
[8.370s] DEBUG:colcon.colcon_core.event_handler.log_command:Invoked command in '/home/entity014/ABU_new_ws/src/rabbit_package' returned '0': PYTHONPATH=/home/entity014/ABU_new_ws/build/rabbit_package/prefix_override:/home/entity014/ABU_new_ws/install/rabbit_package/lib/python3.8/site-packages:${PYTHONPATH} /usr/bin/python3 setup.py egg_info --egg-base ../../build/rabbit_package build --build-base /home/entity014/ABU_new_ws/build/rabbit_package/build install --record /home/entity014/ABU_new_ws/build/rabbit_package/install.log --install-scripts $base/lib/rabbit_package --single-version-externally-managed
[8.370s] Level 1:colcon.colcon_core.environment:checking '/home/entity014/ABU_new_ws/install/rabbit_package' for CMake config files
[8.371s] Level 1:colcon.colcon_core.environment:checking '/home/entity014/ABU_new_ws/install/rabbit_package/lib'
[8.372s] Level 1:colcon.colcon_core.environment:checking '/home/entity014/ABU_new_ws/install/rabbit_package/bin'
[8.372s] Level 1:colcon.colcon_core.environment:checking '/home/entity014/ABU_new_ws/install/rabbit_package/lib/pkgconfig/rabbit_package.pc'
[8.372s] Level 1:colcon.colcon_core.environment:checking '/home/entity014/ABU_new_ws/install/rabbit_package/lib/python3.8/site-packages'
[8.372s] Level 1:colcon.colcon_core.shell:create_environment_hook('rabbit_package', 'pythonpath')
[8.375s] INFO:colcon.colcon_core.shell:Creating environment hook '/home/entity014/ABU_new_ws/install/rabbit_package/share/rabbit_package/hook/pythonpath.ps1'
[8.375s] INFO:colcon.colcon_core.shell:Creating environment descriptor '/home/entity014/ABU_new_ws/install/rabbit_package/share/rabbit_package/hook/pythonpath.dsv'
[8.376s] INFO:colcon.colcon_core.shell:Creating environment hook '/home/entity014/ABU_new_ws/install/rabbit_package/share/rabbit_package/hook/pythonpath.sh'
[8.377s] Level 1:colcon.colcon_core.environment:checking '/home/entity014/ABU_new_ws/install/rabbit_package/bin'
[8.377s] Level 1:colcon.colcon_core.environment:create_environment_scripts_only(rabbit_package)
[8.379s] INFO:colcon.colcon_core.shell:Creating package script '/home/entity014/ABU_new_ws/install/rabbit_package/share/rabbit_package/package.ps1'
[8.380s] INFO:colcon.colcon_core.shell:Creating package descriptor '/home/entity014/ABU_new_ws/install/rabbit_package/share/rabbit_package/package.dsv'
[8.381s] INFO:colcon.colcon_core.shell:Creating package script '/home/entity014/ABU_new_ws/install/rabbit_package/share/rabbit_package/package.sh'
[8.382s] INFO:colcon.colcon_core.shell:Creating package script '/home/entity014/ABU_new_ws/install/rabbit_package/share/rabbit_package/package.bash'
[8.382s] INFO:colcon.colcon_core.shell:Creating package script '/home/entity014/ABU_new_ws/install/rabbit_package/share/rabbit_package/package.zsh'
[8.383s] Level 1:colcon.colcon_core.environment:create_file_with_runtime_dependencies(/home/entity014/ABU_new_ws/install/rabbit_package/share/colcon-core/packages/rabbit_package)
[8.383s] DEBUG:colcon.colcon_parallel_executor.executor.parallel:closing loop
[8.384s] DEBUG:colcon.colcon_parallel_executor.executor.parallel:loop closed
[8.384s] DEBUG:colcon.colcon_parallel_executor.executor.parallel:run_until_complete finished with '0'
[8.385s] DEBUG:colcon.colcon_core.event_reactor:joining thread
[8.397s] INFO:colcon.colcon_core.plugin_system:Skipping extension 'colcon_notification.desktop_notification.terminal_notifier': Not used on non-Darwin systems
[8.397s] INFO:colcon.colcon_core.plugin_system:Skipping extension 'colcon_notification.desktop_notification.win32': Not used on non-Windows systems
[8.398s] INFO:colcon.colcon_notification.desktop_notification:Sending desktop notification using 'notify2'
[8.418s] DEBUG:colcon.colcon_core.event_reactor:joined thread
[8.421s] INFO:colcon.colcon_core.shell:Creating prefix script '/home/entity014/ABU_new_ws/install/local_setup.ps1'
[8.422s] INFO:colcon.colcon_core.shell:Creating prefix util module '/home/entity014/ABU_new_ws/install/_local_setup_util_ps1.py'
[8.424s] INFO:colcon.colcon_core.shell:Creating prefix chain script '/home/entity014/ABU_new_ws/install/setup.ps1'
[8.428s] INFO:colcon.colcon_core.shell:Creating prefix script '/home/entity014/ABU_new_ws/install/local_setup.sh'
[8.429s] INFO:colcon.colcon_core.shell:Creating prefix util module '/home/entity014/ABU_new_ws/install/_local_setup_util_sh.py'
[8.429s] INFO:colcon.colcon_core.shell:Creating prefix chain script '/home/entity014/ABU_new_ws/install/setup.sh'
[8.433s] INFO:colcon.colcon_core.shell:Creating prefix script '/home/entity014/ABU_new_ws/install/local_setup.bash'
[8.434s] INFO:colcon.colcon_core.shell:Creating prefix chain script '/home/entity014/ABU_new_ws/install/setup.bash'
[8.438s] INFO:colcon.colcon_core.shell:Creating prefix script '/home/entity014/ABU_new_ws/install/local_setup.zsh'
[8.439s] INFO:colcon.colcon_core.shell:Creating prefix chain script '/home/entity014/ABU_new_ws/install/setup.zsh'
