[0.665s] Invoking command in '/home/entity014/ABU_new_ws/src/rabbit_package': PYTHONPATH=/home/entity014/ABU_new_ws/build/rabbit_package/prefix_override:/home/entity014/ABU_new_ws/install/rabbit_package/lib/python3.8/site-packages:/home/entity014/ABU_new_ws/install/rabbit_interfaces/lib/python3.8/site-packages:/home/entity014/ABU_new_ws/install/rabbit_package/lib/python3.8/site-packages:/home/entity014/ros2_ws/install/swap_pillar/lib/python3.8/site-packages:/home/entity014/ros2_ws/install/micro_ros_msgs/lib/python3.8/site-packages:/home/entity014/ros2_ws/install/drive_base_msgs/lib/python3.8/site-packages:/opt/ros/foxy/lib/python3.8/site-packages /usr/bin/python3 setup.py egg_info --egg-base ../../build/rabbit_package build --build-base /home/entity014/ABU_new_ws/build/rabbit_package/build install --record /home/entity014/ABU_new_ws/build/rabbit_package/install.log --install-scripts $base/lib/rabbit_package --single-version-externally-managed
[0.885s] running egg_info
[0.886s] writing ../../build/rabbit_package/rabbit_package.egg-info/PKG-INFO
[0.886s] writing dependency_links to ../../build/rabbit_package/rabbit_package.egg-info/dependency_links.txt
[0.886s] writing entry points to ../../build/rabbit_package/rabbit_package.egg-info/entry_points.txt
[0.886s] writing requirements to ../../build/rabbit_package/rabbit_package.egg-info/requires.txt
[0.886s] writing top-level names to ../../build/rabbit_package/rabbit_package.egg-info/top_level.txt
[0.914s] reading manifest file '../../build/rabbit_package/rabbit_package.egg-info/SOURCES.txt'
[0.915s] writing manifest file '../../build/rabbit_package/rabbit_package.egg-info/SOURCES.txt'
[0.915s] running build
[0.915s] running build_py
[0.915s] copying rabbit_package/drive.py -> /home/entity014/ABU_new_ws/build/rabbit_package/build/lib/rabbit_package
[0.915s] running install
[0.916s] running install_lib
[0.917s] copying /home/entity014/ABU_new_ws/build/rabbit_package/build/lib/rabbit_package/drive.py -> /home/entity014/ABU_new_ws/install/rabbit_package/lib/python3.8/site-packages/rabbit_package
[0.918s] byte-compiling /home/entity014/ABU_new_ws/install/rabbit_package/lib/python3.8/site-packages/rabbit_package/drive.py to drive.cpython-38.pyc
[0.920s] running install_data
[0.920s] running install_egg_info
[0.921s] removing '/home/entity014/ABU_new_ws/install/rabbit_package/lib/python3.8/site-packages/rabbit_package-0.0.0-py3.8.egg-info' (and everything under it)
[0.922s] Copying ../../build/rabbit_package/rabbit_package.egg-info to /home/entity014/ABU_new_ws/install/rabbit_package/lib/python3.8/site-packages/rabbit_package-0.0.0-py3.8.egg-info
[0.922s] running install_scripts
[0.937s] Installing camera_node script to /home/entity014/ABU_new_ws/install/rabbit_package/lib/rabbit_package
[0.937s] Installing command_node script to /home/entity014/ABU_new_ws/install/rabbit_package/lib/rabbit_package
[0.937s] Installing controller_node script to /home/entity014/ABU_new_ws/install/rabbit_package/lib/rabbit_package
[0.937s] Installing drive_node script to /home/entity014/ABU_new_ws/install/rabbit_package/lib/rabbit_package
[0.937s] Installing joyCon_node script to /home/entity014/ABU_new_ws/install/rabbit_package/lib/rabbit_package
[0.937s] Installing terminal_node script to /home/entity014/ABU_new_ws/install/rabbit_package/lib/rabbit_package
[0.938s] writing list of installed files to '/home/entity014/ABU_new_ws/build/rabbit_package/install.log'
[0.956s] Invoked command in '/home/entity014/ABU_new_ws/src/rabbit_package' returned '0': PYTHONPATH=/home/entity014/ABU_new_ws/build/rabbit_package/prefix_override:/home/entity014/ABU_new_ws/install/rabbit_package/lib/python3.8/site-packages:/home/entity014/ABU_new_ws/install/rabbit_interfaces/lib/python3.8/site-packages:/home/entity014/ABU_new_ws/install/rabbit_package/lib/python3.8/site-packages:/home/entity014/ros2_ws/install/swap_pillar/lib/python3.8/site-packages:/home/entity014/ros2_ws/install/micro_ros_msgs/lib/python3.8/site-packages:/home/entity014/ros2_ws/install/drive_base_msgs/lib/python3.8/site-packages:/opt/ros/foxy/lib/python3.8/site-packages /usr/bin/python3 setup.py egg_info --egg-base ../../build/rabbit_package build --build-base /home/entity014/ABU_new_ws/build/rabbit_package/build install --record /home/entity014/ABU_new_ws/build/rabbit_package/install.log --install-scripts $base/lib/rabbit_package --single-version-externally-managed
