[0.729s] Invoking command in '/home/entity014/ABU_new_ws/src/rabbit_package': PYTHONPATH=/home/entity014/ABU_new_ws/build/rabbit_package/prefix_override:/home/entity014/ABU_new_ws/install/rabbit_package/lib/python3.8/site-packages:/home/entity014/ABU_new_ws/install/rabbit_interfaces/lib/python3.8/site-packages:/home/entity014/ABU_new_ws/install/rabbit_package/lib/python3.8/site-packages:/home/entity014/ros2_ws/install/swap_pillar/lib/python3.8/site-packages:/home/entity014/ros2_ws/install/micro_ros_msgs/lib/python3.8/site-packages:/home/entity014/ros2_ws/install/drive_base_msgs/lib/python3.8/site-packages:/opt/ros/foxy/lib/python3.8/site-packages /usr/bin/python3 setup.py egg_info --egg-base ../../build/rabbit_package build --build-base /home/entity014/ABU_new_ws/build/rabbit_package/build install --record /home/entity014/ABU_new_ws/build/rabbit_package/install.log --install-scripts $base/lib/rabbit_package --single-version-externally-managed
[0.969s] running egg_info
[0.969s] writing ../../build/rabbit_package/rabbit_package.egg-info/PKG-INFO
[0.969s] writing dependency_links to ../../build/rabbit_package/rabbit_package.egg-info/dependency_links.txt
[0.969s] writing entry points to ../../build/rabbit_package/rabbit_package.egg-info/entry_points.txt
[0.969s] writing requirements to ../../build/rabbit_package/rabbit_package.egg-info/requires.txt
[0.969s] writing top-level names to ../../build/rabbit_package/rabbit_package.egg-info/top_level.txt
[1.001s] reading manifest file '../../build/rabbit_package/rabbit_package.egg-info/SOURCES.txt'
[1.001s] writing manifest file '../../build/rabbit_package/rabbit_package.egg-info/SOURCES.txt'
[1.002s] running build
[1.002s] running build_py
[1.002s] copying rabbit_package/drive.py -> /home/entity014/ABU_new_ws/build/rabbit_package/build/lib/rabbit_package
[1.002s] running install
[1.003s] running install_lib
[1.004s] copying /home/entity014/ABU_new_ws/build/rabbit_package/build/lib/rabbit_package/drive.py -> /home/entity014/ABU_new_ws/install/rabbit_package/lib/python3.8/site-packages/rabbit_package
[1.005s] byte-compiling /home/entity014/ABU_new_ws/install/rabbit_package/lib/python3.8/site-packages/rabbit_package/drive.py to drive.cpython-38.pyc
[1.007s] running install_data
[1.007s] running install_egg_info
[1.009s] removing '/home/entity014/ABU_new_ws/install/rabbit_package/lib/python3.8/site-packages/rabbit_package-0.0.0-py3.8.egg-info' (and everything under it)
[1.009s] Copying ../../build/rabbit_package/rabbit_package.egg-info to /home/entity014/ABU_new_ws/install/rabbit_package/lib/python3.8/site-packages/rabbit_package-0.0.0-py3.8.egg-info
[1.010s] running install_scripts
[1.024s] Installing camera_node script to /home/entity014/ABU_new_ws/install/rabbit_package/lib/rabbit_package
[1.025s] Installing command_node script to /home/entity014/ABU_new_ws/install/rabbit_package/lib/rabbit_package
[1.025s] Installing controller_node script to /home/entity014/ABU_new_ws/install/rabbit_package/lib/rabbit_package
[1.025s] Installing drive_node script to /home/entity014/ABU_new_ws/install/rabbit_package/lib/rabbit_package
[1.025s] Installing joyCon_node script to /home/entity014/ABU_new_ws/install/rabbit_package/lib/rabbit_package
[1.025s] Installing terminal_node script to /home/entity014/ABU_new_ws/install/rabbit_package/lib/rabbit_package
[1.025s] writing list of installed files to '/home/entity014/ABU_new_ws/build/rabbit_package/install.log'
[1.044s] Invoked command in '/home/entity014/ABU_new_ws/src/rabbit_package' returned '0': PYTHONPATH=/home/entity014/ABU_new_ws/build/rabbit_package/prefix_override:/home/entity014/ABU_new_ws/install/rabbit_package/lib/python3.8/site-packages:/home/entity014/ABU_new_ws/install/rabbit_interfaces/lib/python3.8/site-packages:/home/entity014/ABU_new_ws/install/rabbit_package/lib/python3.8/site-packages:/home/entity014/ros2_ws/install/swap_pillar/lib/python3.8/site-packages:/home/entity014/ros2_ws/install/micro_ros_msgs/lib/python3.8/site-packages:/home/entity014/ros2_ws/install/drive_base_msgs/lib/python3.8/site-packages:/opt/ros/foxy/lib/python3.8/site-packages /usr/bin/python3 setup.py egg_info --egg-base ../../build/rabbit_package build --build-base /home/entity014/ABU_new_ws/build/rabbit_package/build install --record /home/entity014/ABU_new_ws/build/rabbit_package/install.log --install-scripts $base/lib/rabbit_package --single-version-externally-managed
