running egg_info
creating ../../build/rabbit_package/rabbit_package.egg-info
writing ../../build/rabbit_package/rabbit_package.egg-info/PKG-INFO
writing dependency_links to ../../build/rabbit_package/rabbit_package.egg-info/dependency_links.txt
writing entry points to ../../build/rabbit_package/rabbit_package.egg-info/entry_points.txt
writing requirements to ../../build/rabbit_package/rabbit_package.egg-info/requires.txt
writing top-level names to ../../build/rabbit_package/rabbit_package.egg-info/top_level.txt
writing manifest file '../../build/rabbit_package/rabbit_package.egg-info/SOURCES.txt'
reading manifest file '../../build/rabbit_package/rabbit_package.egg-info/SOURCES.txt'
writing manifest file '../../build/rabbit_package/rabbit_package.egg-info/SOURCES.txt'
running build
running build_py
creating /home/entity014/ABU_new_ws/build/rabbit_package/build
creating /home/entity014/ABU_new_ws/build/rabbit_package/build/lib
creating /home/entity014/ABU_new_ws/build/rabbit_package/build/lib/rabbit_package
copying rabbit_package/command.py -> /home/entity014/ABU_new_ws/build/rabbit_package/build/lib/rabbit_package
copying rabbit_package/drive.py -> /home/entity014/ABU_new_ws/build/rabbit_package/build/lib/rabbit_package
copying rabbit_package/controller.py -> /home/entity014/ABU_new_ws/build/rabbit_package/build/lib/rabbit_package
copying rabbit_package/joyConnection.py -> /home/entity014/ABU_new_ws/build/rabbit_package/build/lib/rabbit_package
copying rabbit_package/__init__.py -> /home/entity014/ABU_new_ws/build/rabbit_package/build/lib/rabbit_package
copying rabbit_package/ps4.py -> /home/entity014/ABU_new_ws/build/rabbit_package/build/lib/rabbit_package
running install
running install_lib
creating /home/entity014/ABU_new_ws/install/rabbit_package/lib/python3.8/site-packages/rabbit_package
copying /home/entity014/ABU_new_ws/build/rabbit_package/build/lib/rabbit_package/command.py -> /home/entity014/ABU_new_ws/install/rabbit_package/lib/python3.8/site-packages/rabbit_package
copying /home/entity014/ABU_new_ws/build/rabbit_package/build/lib/rabbit_package/drive.py -> /home/entity014/ABU_new_ws/install/rabbit_package/lib/python3.8/site-packages/rabbit_package
copying /home/entity014/ABU_new_ws/build/rabbit_package/build/lib/rabbit_package/controller.py -> /home/entity014/ABU_new_ws/install/rabbit_package/lib/python3.8/site-packages/rabbit_package
copying /home/entity014/ABU_new_ws/build/rabbit_package/build/lib/rabbit_package/joyConnection.py -> /home/entity014/ABU_new_ws/install/rabbit_package/lib/python3.8/site-packages/rabbit_package
copying /home/entity014/ABU_new_ws/build/rabbit_package/build/lib/rabbit_package/__init__.py -> /home/entity014/ABU_new_ws/install/rabbit_package/lib/python3.8/site-packages/rabbit_package
copying /home/entity014/ABU_new_ws/build/rabbit_package/build/lib/rabbit_package/ps4.py -> /home/entity014/ABU_new_ws/install/rabbit_package/lib/python3.8/site-packages/rabbit_package
byte-compiling /home/entity014/ABU_new_ws/install/rabbit_package/lib/python3.8/site-packages/rabbit_package/command.py to command.cpython-38.pyc
byte-compiling /home/entity014/ABU_new_ws/install/rabbit_package/lib/python3.8/site-packages/rabbit_package/drive.py to drive.cpython-38.pyc
byte-compiling /home/entity014/ABU_new_ws/install/rabbit_package/lib/python3.8/site-packages/rabbit_package/controller.py to controller.cpython-38.pyc
byte-compiling /home/entity014/ABU_new_ws/install/rabbit_package/lib/python3.8/site-packages/rabbit_package/joyConnection.py to joyConnection.cpython-38.pyc
byte-compiling /home/entity014/ABU_new_ws/install/rabbit_package/lib/python3.8/site-packages/rabbit_package/__init__.py to __init__.cpython-38.pyc
byte-compiling /home/entity014/ABU_new_ws/install/rabbit_package/lib/python3.8/site-packages/rabbit_package/ps4.py to ps4.cpython-38.pyc
running install_data
creating /home/entity014/ABU_new_ws/install/rabbit_package/share/ament_index
creating /home/entity014/ABU_new_ws/install/rabbit_package/share/ament_index/resource_index
creating /home/entity014/ABU_new_ws/install/rabbit_package/share/ament_index/resource_index/packages
copying resource/rabbit_package -> /home/entity014/ABU_new_ws/install/rabbit_package/share/ament_index/resource_index/packages
copying package.xml -> /home/entity014/ABU_new_ws/install/rabbit_package/share/rabbit_package
running install_egg_info
Copying ../../build/rabbit_package/rabbit_package.egg-info to /home/entity014/ABU_new_ws/install/rabbit_package/lib/python3.8/site-packages/rabbit_package-0.0.0-py3.8.egg-info
running install_scripts
Installing joyCon_node script to /home/entity014/ABU_new_ws/install/rabbit_package/lib/rabbit_package
writing list of installed files to '/home/entity014/ABU_new_ws/build/rabbit_package/install.log'
