[1.674s] Invoking command in '/home/entity014/ABU_new_ws/src/rabbit_package': PYTHONPATH=/home/entity014/ABU_new_ws/build/rabbit_package/prefix_override:/home/entity014/ABU_new_ws/install/rabbit_package/lib/python3.8/site-packages:${PYTHONPATH} /usr/bin/python3 setup.py egg_info --egg-base ../../build/rabbit_package build --build-base /home/entity014/ABU_new_ws/build/rabbit_package/build install --record /home/entity014/ABU_new_ws/build/rabbit_package/install.log --install-scripts $base/lib/rabbit_package --single-version-externally-managed
[2.236s] running egg_info
[2.237s] writing ../../build/rabbit_package/rabbit_package.egg-info/PKG-INFO
[2.238s] writing dependency_links to ../../build/rabbit_package/rabbit_package.egg-info/dependency_links.txt
[2.238s] writing entry points to ../../build/rabbit_package/rabbit_package.egg-info/entry_points.txt
[2.238s] writing requirements to ../../build/rabbit_package/rabbit_package.egg-info/requires.txt
[2.239s] writing top-level names to ../../build/rabbit_package/rabbit_package.egg-info/top_level.txt
[2.321s] reading manifest file '../../build/rabbit_package/rabbit_package.egg-info/SOURCES.txt'
[2.323s] writing manifest file '../../build/rabbit_package/rabbit_package.egg-info/SOURCES.txt'
[2.324s] running build
[2.324s] running build_py
[2.324s] copying rabbit_package/command.py -> /home/entity014/ABU_new_ws/build/rabbit_package/build/lib/rabbit_package
[2.325s] copying rabbit_package/drive.py -> /home/entity014/ABU_new_ws/build/rabbit_package/build/lib/rabbit_package
[2.325s] running install
[2.327s] running install_lib
[2.330s] copying /home/entity014/ABU_new_ws/build/rabbit_package/build/lib/rabbit_package/command.py -> /home/entity014/ABU_new_ws/install/rabbit_package/lib/python3.8/site-packages/rabbit_package
[2.330s] copying /home/entity014/ABU_new_ws/build/rabbit_package/build/lib/rabbit_package/drive.py -> /home/entity014/ABU_new_ws/install/rabbit_package/lib/python3.8/site-packages/rabbit_package
[2.332s] byte-compiling /home/entity014/ABU_new_ws/install/rabbit_package/lib/python3.8/site-packages/rabbit_package/command.py to command.cpython-38.pyc
[2.339s] byte-compiling /home/entity014/ABU_new_ws/install/rabbit_package/lib/python3.8/site-packages/rabbit_package/drive.py to drive.cpython-38.pyc
[2.341s] running install_data
[2.343s] running install_egg_info
[2.347s] removing '/home/entity014/ABU_new_ws/install/rabbit_package/lib/python3.8/site-packages/rabbit_package-0.0.0-py3.8.egg-info' (and everything under it)
[2.347s] Copying ../../build/rabbit_package/rabbit_package.egg-info to /home/entity014/ABU_new_ws/install/rabbit_package/lib/python3.8/site-packages/rabbit_package-0.0.0-py3.8.egg-info
[2.348s] running install_scripts
[2.390s] Installing command_node script to /home/entity014/ABU_new_ws/install/rabbit_package/lib/rabbit_package
[2.390s] Installing controller_node script to /home/entity014/ABU_new_ws/install/rabbit_package/lib/rabbit_package
[2.391s] Installing drive_node script to /home/entity014/ABU_new_ws/install/rabbit_package/lib/rabbit_package
[2.391s] Installing joyCon_node script to /home/entity014/ABU_new_ws/install/rabbit_package/lib/rabbit_package
[2.392s] writing list of installed files to '/home/entity014/ABU_new_ws/build/rabbit_package/install.log'
[2.458s] Invoked command in '/home/entity014/ABU_new_ws/src/rabbit_package' returned '0': PYTHONPATH=/home/entity014/ABU_new_ws/build/rabbit_package/prefix_override:/home/entity014/ABU_new_ws/install/rabbit_package/lib/python3.8/site-packages:${PYTHONPATH} /usr/bin/python3 setup.py egg_info --egg-base ../../build/rabbit_package build --build-base /home/entity014/ABU_new_ws/build/rabbit_package/build install --record /home/entity014/ABU_new_ws/build/rabbit_package/install.log --install-scripts $base/lib/rabbit_package --single-version-externally-managed
