[1.175s] Invoking command in '/home/entity014/ABU_new_ws/src/rabbit_package': PYTHONPATH=/home/entity014/ABU_new_ws/build/rabbit_package/prefix_override:/home/entity014/ABU_new_ws/install/rabbit_package/lib/python3.8/site-packages:${PYTHONPATH} /usr/bin/python3 setup.py egg_info --egg-base ../../build/rabbit_package build --build-base /home/entity014/ABU_new_ws/build/rabbit_package/build install --record /home/entity014/ABU_new_ws/build/rabbit_package/install.log --install-scripts $base/lib/rabbit_package --single-version-externally-managed
[1.578s] running egg_info
[1.579s] writing ../../build/rabbit_package/rabbit_package.egg-info/PKG-INFO
[1.579s] writing dependency_links to ../../build/rabbit_package/rabbit_package.egg-info/dependency_links.txt
[1.579s] writing entry points to ../../build/rabbit_package/rabbit_package.egg-info/entry_points.txt
[1.579s] writing requirements to ../../build/rabbit_package/rabbit_package.egg-info/requires.txt
[1.580s] writing top-level names to ../../build/rabbit_package/rabbit_package.egg-info/top_level.txt
[1.629s] reading manifest file '../../build/rabbit_package/rabbit_package.egg-info/SOURCES.txt'
[1.631s] writing manifest file '../../build/rabbit_package/rabbit_package.egg-info/SOURCES.txt'
[1.631s] running build
[1.631s] running build_py
[1.631s] copying rabbit_package/controller.py -> /home/entity014/ABU_new_ws/build/rabbit_package/build/lib/rabbit_package
[1.631s] running install
[1.633s] running install_lib
[1.634s] copying /home/entity014/ABU_new_ws/build/rabbit_package/build/lib/rabbit_package/controller.py -> /home/entity014/ABU_new_ws/install/rabbit_package/lib/python3.8/site-packages/rabbit_package
[1.635s] byte-compiling /home/entity014/ABU_new_ws/install/rabbit_package/lib/python3.8/site-packages/rabbit_package/controller.py to controller.cpython-38.pyc
[1.638s] running install_data
[1.639s] running install_egg_info
[1.641s] removing '/home/entity014/ABU_new_ws/install/rabbit_package/lib/python3.8/site-packages/rabbit_package-0.0.0-py3.8.egg-info' (and everything under it)
[1.641s] Copying ../../build/rabbit_package/rabbit_package.egg-info to /home/entity014/ABU_new_ws/install/rabbit_package/lib/python3.8/site-packages/rabbit_package-0.0.0-py3.8.egg-info
[1.643s] running install_scripts
[1.668s] Installing controller_node script to /home/entity014/ABU_new_ws/install/rabbit_package/lib/rabbit_package
[1.668s] Installing joyCon_node script to /home/entity014/ABU_new_ws/install/rabbit_package/lib/rabbit_package
[1.668s] writing list of installed files to '/home/entity014/ABU_new_ws/build/rabbit_package/install.log'
[1.701s] Invoked command in '/home/entity014/ABU_new_ws/src/rabbit_package' returned '0': PYTHONPATH=/home/entity014/ABU_new_ws/build/rabbit_package/prefix_override:/home/entity014/ABU_new_ws/install/rabbit_package/lib/python3.8/site-packages:${PYTHONPATH} /usr/bin/python3 setup.py egg_info --egg-base ../../build/rabbit_package build --build-base /home/entity014/ABU_new_ws/build/rabbit_package/build install --record /home/entity014/ABU_new_ws/build/rabbit_package/install.log --install-scripts $base/lib/rabbit_package --single-version-externally-managed
